

================================================================
== Vivado HLS Report for 'WBSlave_getLog'
================================================================
* Date:           Wed Jun 29 18:32:06 2016

* Version:        2014.4 (Build 1071461 on Tue Nov 18 16:42:57 PM 2014)
* Project:        fixedpoint
* Solution:       solution1
* Product family: spartan6
* Target device:  xc6slx150tfgg484-3


================================================================
== Performance Estimates
================================================================
+ Timing (ns): 
    * Summary: 
    +---------+-------+----------+------------+
    |  Clock  | Target| Estimated| Uncertainty|
    +---------+-------+----------+------------+
    |default  |  10.00|      8.71|        1.25|
    +---------+-------+----------+------------+

+ Latency (clock cycles): 
    * Summary: 
    +-----+-----+-----+-----+---------+
    |  Latency  |  Interval | Pipeline|
    | min | max | min | max |   Type  |
    +-----+-----+-----+-----+---------+
    |    ?|    ?|    ?|    ?|   none  |
    +-----+-----+-----+-----+---------+

    + Detail: 
        * Instance: 
        N/A

        * Loop: 
        +-------------+------+------+----------+-----------+-----------+------+----------+
        |             |   Latency   | Iteration|  Initiation Interval  | Trip |          |
        |  Loop Name  |  min |  max |  Latency |  achieved |   target  | Count| Pipelined|
        +-------------+------+------+----------+-----------+-----------+------+----------+
        |- Loop 1     |     ?|     ?|         ?|          -|          -|  inf |    no    |
        | + Loop 1.1  |     ?|     ?|         3|          -|          -|     ?|    no    |
        | + Loop 1.2  |  1040|  1040|        65|          -|          -|    16|    no    |
        +-------------+------+------+----------+-----------+-----------+------+----------+



================================================================
== Utilization Estimates
================================================================
* Summary: 
+-----------------+---------+-------+--------+-------+
|       Name      | BRAM_18K| DSP48A|   FF   |  LUT  |
+-----------------+---------+-------+--------+-------+
|Expression       |        -|      -|       -|      -|
|FIFO             |        -|      -|       -|      -|
|Instance         |        -|      -|       -|      -|
|Memory           |        -|      -|       -|      -|
|Multiplexer      |        -|      -|       -|      -|
|Register         |        -|      -|       -|      -|
+-----------------+---------+-------+--------+-------+
|Total            |        0|      0|       0|      0|
+-----------------+---------+-------+--------+-------+
|Available        |      268|    180|  184304|  92152|
+-----------------+---------+-------+--------+-------+
|Utilization (%)  |        0|      0|       0|      0|
+-----------------+---------+-------+--------+-------+

+ Detail: 
    * Instance: 
    N/A

    * Memory: 
    N/A

    * FIFO: 
    N/A

    * Expression: 
    N/A

    * Multiplexer: 
    N/A

    * Register: 
    N/A



================================================================
== Interface
================================================================
* Summary: 
N/A

============================================================
+ Verbose Summary: Synthesis Manager
============================================================
InlineROM: 1
ExposeGlobal: 0
============================================================
+ Verbose Summary: CDFG Model
============================================================
IsTopModel: 0
ResetActiveHigh: 1
IsCombinational: 0
IsDatapathOnly: 0
HasWiredReturn: 0
HasMFsm: 0
HasVarLatency: 1
IsPipeline: 0
IsRtlPipelined: 0
IsInstanceOverlapped: 0
IsDontTouch: 0
HasImplIP: 0
IsGatedGlobalClock: 0


============================================================
+ Verbose Summary: Schedule
============================================================
* Number of FSM states: 97
* Pipeline: 0
* Dataflow Pipeline: 0

* FSM state transitions: 
1 --> 
	2  / true
2 --> 
	3  / true
3 --> 
	4  / true
4 --> 
	5  / true
5 --> 
	6  / true
6 --> 
	7  / true
7 --> 
	8  / true
8 --> 
	9  / true
9 --> 
	10  / true
10 --> 
	11  / true
11 --> 
	12  / (!brmerge)
	80  / (brmerge)
12 --> 
	13  / (!exitcond)
	79  / (exitcond)
13 --> 
	14  / true
14 --> 
	15  / true
15 --> 
	16  / true
16 --> 
	17  / true
17 --> 
	18  / true
18 --> 
	19  / true
19 --> 
	20  / true
20 --> 
	21  / true
21 --> 
	22  / true
22 --> 
	23  / true
23 --> 
	24  / true
24 --> 
	25  / true
25 --> 
	26  / true
26 --> 
	27  / true
27 --> 
	28  / true
28 --> 
	29  / true
29 --> 
	30  / true
30 --> 
	31  / true
31 --> 
	32  / true
32 --> 
	33  / true
33 --> 
	34  / true
34 --> 
	35  / true
35 --> 
	36  / true
36 --> 
	37  / true
37 --> 
	38  / true
38 --> 
	39  / true
39 --> 
	40  / true
40 --> 
	41  / true
41 --> 
	42  / true
42 --> 
	43  / true
43 --> 
	44  / true
44 --> 
	45  / true
45 --> 
	46  / true
46 --> 
	47  / true
47 --> 
	48  / true
48 --> 
	49  / true
49 --> 
	50  / true
50 --> 
	51  / true
51 --> 
	52  / true
52 --> 
	53  / true
53 --> 
	54  / true
54 --> 
	55  / true
55 --> 
	56  / true
56 --> 
	57  / true
57 --> 
	58  / true
58 --> 
	59  / true
59 --> 
	60  / true
60 --> 
	61  / true
61 --> 
	62  / true
62 --> 
	63  / true
63 --> 
	64  / true
64 --> 
	65  / true
65 --> 
	66  / true
66 --> 
	67  / true
67 --> 
	68  / true
68 --> 
	69  / true
69 --> 
	70  / true
70 --> 
	71  / true
71 --> 
	72  / true
72 --> 
	73  / true
73 --> 
	74  / (!tmp_185)
	77  / (tmp_185)
74 --> 
	75  / true
75 --> 
	76  / true
76 --> 
	12  / true
77 --> 
	78  / true
78 --> 
	76  / true
79 --> 
	97  / true
80 --> 
	81  / (tmp_126)
	94  / (!tmp_126)
81 --> 
	95  / (tmp_128)
	82  / (!tmp_128)
82 --> 
	83  / (tmp_137 & tmp_145)
	80  / (!tmp_137) | (!tmp_145)
83 --> 
	84  / true
84 --> 
	85  / true
85 --> 
	86  / true
86 --> 
	87  / true
87 --> 
	88  / true
88 --> 
	89  / true
89 --> 
	90  / true
90 --> 
	91  / true
91 --> 
	92  / true
92 --> 
	93  / true
93 --> 
	94  / true
94 --> 
	97  / true
95 --> 
	96  / true
96 --> 
	94  / true
97 --> 
	10  / true
* FSM state operations: 

 <State 1>: 0.00ns
ST_1: stg_98 [1/1] 0.00ns
codeRepl:0  call void (...)* @_ssdm_op_SpecBitsMap(i1* %clk), !map !156

ST_1: stg_99 [1/1] 0.00ns
codeRepl:1  call void (...)* @_ssdm_op_SpecBitsMap(i1* %reset), !map !160

ST_1: stg_100 [1/1] 0.00ns
codeRepl:2  call void (...)* @_ssdm_op_SpecBitsMap(i32* %adr_i), !map !164

ST_1: stg_101 [1/1] 0.00ns
codeRepl:3  call void (...)* @_ssdm_op_SpecBitsMap(i32* %dat_i), !map !168

ST_1: stg_102 [1/1] 0.00ns
codeRepl:4  call void (...)* @_ssdm_op_SpecBitsMap(i1* %we_i), !map !172

ST_1: stg_103 [1/1] 0.00ns
codeRepl:5  call void (...)* @_ssdm_op_SpecBitsMap(i1* %stb_i), !map !176

ST_1: stg_104 [1/1] 0.00ns
codeRepl:6  call void (...)* @_ssdm_op_SpecBitsMap(i1* %cyc_i), !map !180

ST_1: stg_105 [1/1] 0.00ns
codeRepl:7  call void (...)* @_ssdm_op_SpecBitsMap(i4* %sel_i), !map !184

ST_1: stg_106 [1/1] 0.00ns
codeRepl:8  call void (...)* @_ssdm_op_SpecBitsMap(i32* %dat_o), !map !188

ST_1: stg_107 [1/1] 0.00ns
codeRepl:9  call void (...)* @_ssdm_op_SpecBitsMap(i1* %ack_o), !map !192

ST_1: stg_108 [1/1] 0.00ns
codeRepl:10  call void (...)* @_ssdm_op_SpecBitsMap(i1* %int_o), !map !196

ST_1: stg_109 [1/1] 0.00ns
codeRepl:11  call void (...)* @_ssdm_op_SpecBitsMap([16 x i32]* %WBSlave_regs), !map !200

ST_1: stg_110 [1/1] 0.00ns
codeRepl:12  call void (...)* @_ssdm_op_SpecBitsMap([500 x i32]* %WBSlave_PBuffer), !map !204

ST_1: stg_111 [1/1] 0.00ns
codeRepl:13  call void (...)* @_ssdm_op_SpecBitsMap(i3* %WBSlave_CTRL_ADDR_V), !map !208

ST_1: stg_112 [1/1] 0.00ns
codeRepl:14  call void (...)* @_ssdm_op_SpecBitsMap(i3* %WBSlave_STAT_ADDR_V), !map !212

ST_1: stg_113 [1/1] 0.00ns
codeRepl:15  call void (...)* @_ssdm_op_SpecBitsMap(i21* %WBSlave_log_in_V), !map !216

ST_1: stg_114 [1/1] 0.00ns
codeRepl:16  call void (...)* @_ssdm_op_SpecBitsMap(i21* %WBSlave_log_out_V), !map !220

ST_1: stg_115 [1/1] 0.00ns
codeRepl:17  call void (...)* @_ssdm_op_SpecBitsMap(i1* %WBSlave_log_start_V), !map !224

ST_1: stg_116 [1/1] 0.00ns
codeRepl:18  call void (...)* @_ssdm_op_SpecBitsMap(i1* %WBSlave_log_done_V), !map !228

ST_1: stg_117 [1/1] 0.00ns
codeRepl:19  call void (...)* @_ssdm_op_SpecBitsMap(i3* %WBSlave_REG0_ADDR_V), !map !232

ST_1: stg_118 [1/1] 0.00ns
codeRepl:20  call void (...)* @_ssdm_op_SpecBitsMap(i3* %WBSlave_REG1_ADDR_V), !map !236

ST_1: stg_119 [1/1] 0.00ns
codeRepl:21  call void (...)* @_ssdm_op_SpecBitsMap(i3* %WBSlave_REG2_ADDR_V), !map !240

ST_1: stg_120 [1/1] 0.00ns
codeRepl:22  call void (...)* @_ssdm_op_SpecBitsMap(i3* %WBSlave_REG3_ADDR_V), !map !244

ST_1: stg_121 [1/1] 0.00ns
codeRepl:23  call void (...)* @_ssdm_op_SpecBitsMap(i3* %WBSlave_REG4_ADDR_V), !map !248

ST_1: stg_122 [1/1] 0.00ns
codeRepl:24  call void (...)* @_ssdm_op_SpecBitsMap(i3* %WBSlave_DELAY_ADDR_V), !map !252

ST_1: stg_123 [1/1] 0.00ns
codeRepl:25  call void (...)* @_ssdm_op_SpecBitsMap(i3* %WBSlave_LAST_ADDR_V), !map !256

ST_1: stg_124 [1/1] 0.00ns
codeRepl:26  call void (...)* @_ssdm_op_SpecPort([8 x i8]* @p_str8, i32 0, [7 x i8]* @p_str14, [4 x i8]* @p_str10, i32 0, i32 0, i1* %clk) nounwind

ST_1: stg_125 [1/1] 0.00ns
codeRepl:27  call void (...)* @_ssdm_op_SpecPort([8 x i8]* @p_str8, i32 0, [7 x i8]* @p_str14, [6 x i8]* @p_str11, i32 0, i32 0, i1* %reset) nounwind

ST_1: stg_126 [1/1] 0.00ns
codeRepl:28  call void (...)* @_ssdm_op_SpecPort([8 x i8]* @p_str8, i32 0, [8 x i8]* @p_str15, [6 x i8]* @p_str16, i32 0, i32 0, i32* %adr_i) nounwind

ST_1: stg_127 [1/1] 0.00ns
codeRepl:29  call void (...)* @_ssdm_op_SpecPort([8 x i8]* @p_str8, i32 0, [8 x i8]* @p_str15, [6 x i8]* @p_str17, i32 0, i32 0, i32* %dat_i) nounwind

ST_1: stg_128 [1/1] 0.00ns
codeRepl:30  call void (...)* @_ssdm_op_SpecPort([8 x i8]* @p_str8, i32 0, [7 x i8]* @p_str14, [5 x i8]* @p_str18, i32 0, i32 0, i1* %we_i) nounwind

ST_1: stg_129 [1/1] 0.00ns
codeRepl:31  call void (...)* @_ssdm_op_SpecPort([8 x i8]* @p_str8, i32 0, [7 x i8]* @p_str14, [6 x i8]* @p_str19, i32 0, i32 0, i1* %stb_i) nounwind

ST_1: stg_130 [1/1] 0.00ns
codeRepl:32  call void (...)* @_ssdm_op_SpecPort([8 x i8]* @p_str8, i32 0, [7 x i8]* @p_str14, [6 x i8]* @p_str20, i32 0, i32 0, i1* %cyc_i) nounwind

ST_1: stg_131 [1/1] 0.00ns
codeRepl:33  call void (...)* @_ssdm_op_SpecPort([8 x i8]* @p_str8, i32 0, [31 x i8]* @p_str21, [6 x i8]* @p_str22, i32 0, i32 0, i4* %sel_i) nounwind

ST_1: stg_132 [1/1] 0.00ns
codeRepl:34  call void (...)* @_ssdm_op_SpecPort([8 x i8]* @p_str8, i32 1, [8 x i8]* @p_str15, [6 x i8]* @p_str23, i32 0, i32 0, i32* %dat_o) nounwind

ST_1: stg_133 [1/1] 0.00ns
codeRepl:35  call void (...)* @_ssdm_op_SpecPort([8 x i8]* @p_str8, i32 1, [7 x i8]* @p_str14, [6 x i8]* @p_str24, i32 0, i32 0, i1* %ack_o) nounwind

ST_1: stg_134 [1/1] 0.00ns
codeRepl:36  call void (...)* @_ssdm_op_SpecPort([8 x i8]* @p_str8, i32 1, [7 x i8]* @p_str14, [6 x i8]* @p_str25, i32 0, i32 0, i1* %int_o) nounwind

ST_1: stg_135 [1/1] 0.00ns
codeRepl:37  call void (...)* @_ssdm_op_SpecProcessDef([8 x i8]* @p_str8, i32 2, [7 x i8]* @p_str13) nounwind

ST_1: tmp [1/1] 0.00ns
codeRepl:38  %tmp = call i32 (...)* @_ssdm_op_SpecRegionBegin([15 x i8]* @p_str42)

ST_1: stg_137 [1/1] 0.00ns
codeRepl:39  call void (...)* @_ssdm_op_SpecProtocol(i32 1, [1 x i8]* @p_str43) nounwind

ST_1: p_ssdm_reset_v [1/1] 0.00ns
codeRepl:40  %p_ssdm_reset_v = call i32 (...)* @_ssdm_op_SpecStateBegin(i32 0, i32 0, i32 1) nounwind

ST_1: stg_139 [1/1] 0.00ns
codeRepl:41  call void @_ssdm_op_Write.ap_auto.i1P(i1* %WBSlave_log_start_V, i1 false)

ST_1: stg_140 [1/1] 0.00ns
codeRepl:42  call void @_ssdm_op_Write.ap_auto.i1P(i1* %WBSlave_log_done_V, i1 false)

ST_1: empty [1/1] 0.00ns
codeRepl:43  %empty = call i32 (...)* @_ssdm_op_SpecStateEnd(i32 %p_ssdm_reset_v) nounwind

ST_1: empty_40 [1/1] 0.00ns
codeRepl:44  %empty_40 = call i32 (...)* @_ssdm_op_SpecRegionEnd([15 x i8]* @p_str42, i32 %tmp)


 <State 2>: 6.37ns
ST_2: p_Val2_s [1/1] 0.00ns
codeRepl:45  %p_Val2_s = call i21 @_ssdm_op_Read.ap_auto.i21P(i21* %WBSlave_log_in_V)

ST_2: dp_s [5/5] 6.37ns
codeRepl:48  %dp_s = sitofp i21 %p_Val2_s to double


 <State 3>: 6.37ns
ST_3: dp_s [4/5] 6.37ns
codeRepl:48  %dp_s = sitofp i21 %p_Val2_s to double


 <State 4>: 6.37ns
ST_4: dp_s [3/5] 6.37ns
codeRepl:48  %dp_s = sitofp i21 %p_Val2_s to double


 <State 5>: 6.37ns
ST_5: dp_s [2/5] 6.37ns
codeRepl:48  %dp_s = sitofp i21 %p_Val2_s to double


 <State 6>: 6.37ns
ST_6: dp_s [1/5] 6.37ns
codeRepl:48  %dp_s = sitofp i21 %p_Val2_s to double


 <State 7>: 5.80ns
ST_7: res_V [1/1] 0.00ns
codeRepl:49  %res_V = bitcast double %dp_s to i64

ST_7: exp_V [1/1] 0.00ns
codeRepl:50  %exp_V = call i11 @_ssdm_op_PartSelect.i11.i64.i32.i32(i64 %res_V, i32 52, i32 62)

ST_7: exp_V_s [1/1] 1.73ns
codeRepl:51  %exp_V_s = add i11 %exp_V, -16

ST_7: p_Result_s [1/1] 0.00ns
codeRepl:52  %p_Result_s = call i64 @llvm.part.set.i64.i11(i64 %res_V, i11 %exp_V_s, i32 52, i32 62) nounwind

ST_7: dp [1/1] 0.00ns
codeRepl:53  %dp = bitcast i64 %p_Result_s to double

ST_7: tmp_172 [1/1] 0.00ns
codeRepl:54  %tmp_172 = trunc i64 %res_V to i52

ST_7: notlhs [1/1] 1.97ns
codeRepl:55  %notlhs = icmp ne i11 %exp_V_s, -1

ST_7: notrhs [1/1] 2.14ns
codeRepl:56  %notrhs = icmp eq i52 %tmp_172, 0

ST_7: tmp_118 [1/1] 0.92ns
codeRepl:57  %tmp_118 = or i1 %notrhs, %notlhs

ST_7: tmp_119 [3/3] 4.07ns
codeRepl:58  %tmp_119 = fcmp olt double %dp, 1.000000e-01


 <State 8>: 4.07ns
ST_8: tmp_119 [2/3] 4.07ns
codeRepl:58  %tmp_119 = fcmp olt double %dp, 1.000000e-01


 <State 9>: 8.68ns
ST_9: tmp_s [1/1] 2.10ns
codeRepl:46  %tmp_s = icmp eq i21 %p_Val2_s, 0

ST_9: OP2_V_cast [1/1] 0.00ns
codeRepl:47  %OP2_V_cast = zext i21 %p_Val2_s to i44

ST_9: tmp_119 [1/3] 4.07ns
codeRepl:58  %tmp_119 = fcmp olt double %dp, 1.000000e-01

ST_9: tmp_120 [1/1] 0.92ns
codeRepl:59  %tmp_120 = and i1 %tmp_118, %tmp_119

ST_9: tmp_121 [1/1] 0.00ns
codeRepl:60  %tmp_121 = sext i21 %p_Val2_s to i22

ST_9: p_Val2_34 [1/1] 1.97ns
codeRepl:61  %p_Val2_34 = add i22 %tmp_121, -65536

ST_9: isneg [1/1] 0.00ns
codeRepl:62  %isneg = call i1 @_ssdm_op_BitSelect.i1.i22.i32(i22 %p_Val2_34, i32 21)

ST_9: p_Val2_35 [1/1] 0.00ns
codeRepl:63  %p_Val2_35 = trunc i22 %p_Val2_34 to i21

ST_9: neg_trg_10 [1/1] 0.00ns
codeRepl:64  %neg_trg_10 = call i1 @_ssdm_op_BitSelect.i1.i22.i32(i22 %p_Val2_34, i32 20)

ST_9: tmp_122 [1/1] 0.92ns
codeRepl:65  %tmp_122 = xor i1 %isneg, true

ST_9: overflow_8 [1/1] 0.92ns
codeRepl:66  %overflow_8 = and i1 %neg_trg_10, %tmp_122

ST_9: tmp_123 [1/1] 0.92ns
codeRepl:67  %tmp_123 = xor i1 %neg_trg_10, true

ST_9: tmp_176 [1/1] 0.00ns
codeRepl:68  %tmp_176 = trunc i22 %p_Val2_34 to i20

ST_9: tmp_124 [1/1] 2.11ns
codeRepl:69  %tmp_124 = icmp eq i20 %tmp_176, 0

ST_9: tmp_125 [1/1] 0.92ns
codeRepl:70  %tmp_125 = or i1 %tmp_124, %tmp_123

ST_9: underflow_6 [1/1] 0.92ns
codeRepl:71  %underflow_6 = and i1 %isneg, %tmp_125

ST_9: brmerge_i_i [1/1] 0.92ns
codeRepl:72  %brmerge_i_i = or i1 %underflow_6, %overflow_8

ST_9: underflow_31_not [1/1] 0.92ns
codeRepl:73  %underflow_31_not = xor i1 %underflow_6, true

ST_9: brmerge6 [1/1] 0.92ns
codeRepl:74  %brmerge6 = or i1 %overflow_8, %underflow_31_not

ST_9: p_Val2_44_mux [1/1] 0.92ns
codeRepl:75  %p_Val2_44_mux = select i1 %brmerge_i_i, i21 1048575, i21 %p_Val2_35

ST_9: p_Val2_s_41 [1/1] 0.92ns
codeRepl:76  %p_Val2_s_41 = select i1 %underflow_6, i21 -1048575, i21 %p_Val2_35

ST_9: x_V [1/1] 0.92ns
codeRepl:77  %x_V = select i1 %brmerge6, i21 %p_Val2_44_mux, i21 %p_Val2_s_41

ST_9: OP2_V [1/1] 0.00ns
codeRepl:78  %OP2_V = sext i21 %x_V to i42

ST_9: brmerge [1/1] 0.92ns
codeRepl:79  %brmerge = or i1 %tmp_s, %tmp_120

ST_9: stg_184 [1/1] 0.00ns
codeRepl:80  br label %_ZN7_ap_sc_7sc_core4waitEi.exit4


 <State 10>: 0.00ns
ST_10: stg_185 [1/1] 0.00ns
_ZN7_ap_sc_7sc_core4waitEi.exit4:1  call void (...)* @_ssdm_op_Wait(i32 1) nounwind

ST_10: WBSlave_log_start_V_read [1/1] 0.00ns
_ZN7_ap_sc_7sc_core4waitEi.exit4:2  %WBSlave_log_start_V_read = call i1 @_ssdm_op_Read.ap_auto.i1P(i1* %WBSlave_log_start_V)

ST_10: stg_187 [1/1] 0.00ns
_ZN7_ap_sc_7sc_core4waitEi.exit4:3  call void (...)* @_ssdm_op_Poll(i1 %WBSlave_log_start_V_read)


 <State 11>: 1.54ns
ST_11: loop_begin [1/1] 0.00ns
_ZN7_ap_sc_7sc_core4waitEi.exit4:0  %loop_begin = call i32 (...)* @_ssdm_op_SpecLoopBegin() nounwind

ST_11: stg_189 [1/1] 0.00ns
_ZN7_ap_sc_7sc_core4waitEi.exit4:4  call void (...)* @_ssdm_op_Wait(i32 1) nounwind

ST_11: stg_190 [1/1] 1.54ns
_ZN7_ap_sc_7sc_core4waitEi.exit4:5  br i1 %brmerge, label %.preheader, label %_ifconv2


 <State 12>: 8.71ns
ST_12: p_Val2_36 [1/1] 0.00ns
_ifconv2:0  %p_Val2_36 = phi i21 [ %sum_V, %_ZN7_ap_sc_7sc_core4waitEi.exit2 ], [ 0, %_ZN7_ap_sc_7sc_core4waitEi.exit4 ]

ST_12: power [1/1] 0.00ns
_ifconv2:1  %power = phi i21 [ %power_V, %_ZN7_ap_sc_7sc_core4waitEi.exit2 ], [ 65536, %_ZN7_ap_sc_7sc_core4waitEi.exit4 ]

ST_12: i_op_assign [1/1] 0.00ns
_ifconv2:2  %i_op_assign = phi i5 [ %i_12, %_ZN7_ap_sc_7sc_core4waitEi.exit2 ], [ 1, %_ZN7_ap_sc_7sc_core4waitEi.exit4 ]

ST_12: exitcond [1/1] 1.70ns
_ifconv2:3  %exitcond = icmp eq i5 %i_op_assign, -15

ST_12: empty_42 [1/1] 0.00ns
_ifconv2:4  %empty_42 = call i32 (...)* @_ssdm_op_SpecLoopTripCount(i64 16, i64 16, i64 16)

ST_12: stg_196 [1/1] 0.00ns
_ifconv2:5  br i1 %exitcond, label %_ZN7_ap_sc_7sc_core4waitEi.exit, label %_ZN7_ap_sc_7sc_core4waitEi.exit24_ifconv

ST_12: OP1_V [1/1] 0.00ns
_ZN7_ap_sc_7sc_core4waitEi.exit24_ifconv:0  %OP1_V = sext i21 %power to i42

ST_12: p_Val2_13 [7/7] 8.71ns
_ZN7_ap_sc_7sc_core4waitEi.exit24_ifconv:1  %p_Val2_13 = mul nsw i42 %OP2_V, %OP1_V

ST_12: tmp_172_cast [1/1] 0.00ns
_ZN7_ap_sc_7sc_core4waitEi.exit24_ifconv:46  %tmp_172_cast = zext i5 %i_op_assign to i49

ST_12: r_V [53/53] 5.57ns
_ZN7_ap_sc_7sc_core4waitEi.exit24_ifconv:47  %r_V = udiv i49 -281474976710656, %tmp_172_cast

ST_12: stg_201 [1/1] 0.00ns
_ZN7_ap_sc_7sc_core4waitEi.exit:0  call void @_ssdm_op_Write.ap_auto.i21P(i21* %WBSlave_log_out_V, i21 %p_Val2_36)

ST_12: stg_202 [1/1] 0.00ns
_ZN7_ap_sc_7sc_core4waitEi.exit:1  call void @_ssdm_op_Write.ap_auto.i1P(i1* %WBSlave_log_done_V, i1 true)


 <State 13>: 8.71ns
ST_13: p_Val2_13 [6/7] 8.71ns
_ZN7_ap_sc_7sc_core4waitEi.exit24_ifconv:1  %p_Val2_13 = mul nsw i42 %OP2_V, %OP1_V

ST_13: r_V [52/53] 5.57ns
_ZN7_ap_sc_7sc_core4waitEi.exit24_ifconv:47  %r_V = udiv i49 -281474976710656, %tmp_172_cast


 <State 14>: 8.71ns
ST_14: p_Val2_13 [5/7] 8.71ns
_ZN7_ap_sc_7sc_core4waitEi.exit24_ifconv:1  %p_Val2_13 = mul nsw i42 %OP2_V, %OP1_V

ST_14: r_V [51/53] 5.57ns
_ZN7_ap_sc_7sc_core4waitEi.exit24_ifconv:47  %r_V = udiv i49 -281474976710656, %tmp_172_cast


 <State 15>: 8.71ns
ST_15: p_Val2_13 [4/7] 8.71ns
_ZN7_ap_sc_7sc_core4waitEi.exit24_ifconv:1  %p_Val2_13 = mul nsw i42 %OP2_V, %OP1_V

ST_15: r_V [50/53] 5.57ns
_ZN7_ap_sc_7sc_core4waitEi.exit24_ifconv:47  %r_V = udiv i49 -281474976710656, %tmp_172_cast


 <State 16>: 8.71ns
ST_16: p_Val2_13 [3/7] 8.71ns
_ZN7_ap_sc_7sc_core4waitEi.exit24_ifconv:1  %p_Val2_13 = mul nsw i42 %OP2_V, %OP1_V

ST_16: r_V [49/53] 5.57ns
_ZN7_ap_sc_7sc_core4waitEi.exit24_ifconv:47  %r_V = udiv i49 -281474976710656, %tmp_172_cast


 <State 17>: 8.71ns
ST_17: p_Val2_13 [2/7] 8.71ns
_ZN7_ap_sc_7sc_core4waitEi.exit24_ifconv:1  %p_Val2_13 = mul nsw i42 %OP2_V, %OP1_V

ST_17: r_V [48/53] 5.57ns
_ZN7_ap_sc_7sc_core4waitEi.exit24_ifconv:47  %r_V = udiv i49 -281474976710656, %tmp_172_cast


 <State 18>: 8.71ns
ST_18: p_Val2_13 [1/7] 8.71ns
_ZN7_ap_sc_7sc_core4waitEi.exit24_ifconv:1  %p_Val2_13 = mul nsw i42 %OP2_V, %OP1_V

ST_18: signbit [1/1] 0.00ns
_ZN7_ap_sc_7sc_core4waitEi.exit24_ifconv:2  %signbit = call i1 @_ssdm_op_BitSelect.i1.i42.i32(i42 %p_Val2_13, i32 41)

ST_18: p_Val2_14 [1/1] 0.00ns
_ZN7_ap_sc_7sc_core4waitEi.exit24_ifconv:3  %p_Val2_14 = call i21 @_ssdm_op_PartSelect.i21.i42.i32.i32(i42 %p_Val2_13, i32 16, i32 36)

ST_18: qbit_5 [1/1] 0.00ns
_ZN7_ap_sc_7sc_core4waitEi.exit24_ifconv:4  %qbit_5 = call i1 @_ssdm_op_BitSelect.i1.i42.i32(i42 %p_Val2_13, i32 15)

ST_18: tmp_179 [1/1] 0.00ns
_ZN7_ap_sc_7sc_core4waitEi.exit24_ifconv:5  %tmp_179 = trunc i42 %p_Val2_13 to i15

ST_18: tmp_180 [1/1] 0.00ns
_ZN7_ap_sc_7sc_core4waitEi.exit24_ifconv:7  %tmp_180 = call i1 @_ssdm_op_BitSelect.i1.i42.i32(i42 %p_Val2_13, i32 36)

ST_18: tmp_181 [1/1] 0.00ns
_ZN7_ap_sc_7sc_core4waitEi.exit24_ifconv:8  %tmp_181 = call i1 @_ssdm_op_BitSelect.i1.i42.i32(i42 %p_Val2_13, i32 16)

ST_18: tmp_183 [1/1] 0.00ns
_ZN7_ap_sc_7sc_core4waitEi.exit24_ifconv:16  %tmp_183 = call i1 @_ssdm_op_BitSelect.i1.i42.i32(i42 %p_Val2_13, i32 37)

ST_18: p_Result_s_43 [1/1] 0.00ns
_ZN7_ap_sc_7sc_core4waitEi.exit24_ifconv:17  %p_Result_s_43 = call i4 @_ssdm_op_PartSelect.i4.i42.i32.i32(i42 %p_Val2_13, i32 38, i32 41)

ST_18: p_Result_1 [1/1] 0.00ns
_ZN7_ap_sc_7sc_core4waitEi.exit24_ifconv:19  %p_Result_1 = call i5 @_ssdm_op_PartSelect.i5.i42.i32.i32(i42 %p_Val2_13, i32 37, i32 41)

ST_18: r_V [47/53] 5.57ns
_ZN7_ap_sc_7sc_core4waitEi.exit24_ifconv:47  %r_V = udiv i49 -281474976710656, %tmp_172_cast


 <State 19>: 8.68ns
ST_19: r [1/1] 2.11ns
_ZN7_ap_sc_7sc_core4waitEi.exit24_ifconv:6  %r = icmp ne i15 %tmp_179, 0

ST_19: r_i_i3 [1/1] 0.92ns
_ZN7_ap_sc_7sc_core4waitEi.exit24_ifconv:9  %r_i_i3 = or i1 %tmp_181, %r

ST_19: qb_assign_s [1/1] 0.92ns
_ZN7_ap_sc_7sc_core4waitEi.exit24_ifconv:10  %qb_assign_s = and i1 %r_i_i3, %qbit_5

ST_19: tmp_129 [1/1] 0.00ns
_ZN7_ap_sc_7sc_core4waitEi.exit24_ifconv:11  %tmp_129 = zext i1 %qb_assign_s to i21

ST_19: p_Val2_15 [1/1] 1.97ns
_ZN7_ap_sc_7sc_core4waitEi.exit24_ifconv:12  %p_Val2_15 = add i21 %p_Val2_14, %tmp_129

ST_19: newsignbit_11 [1/1] 0.00ns
_ZN7_ap_sc_7sc_core4waitEi.exit24_ifconv:13  %newsignbit_11 = call i1 @_ssdm_op_BitSelect.i1.i21.i32(i21 %p_Val2_15, i32 20)

ST_19: tmp_130 [1/1] 0.92ns
_ZN7_ap_sc_7sc_core4waitEi.exit24_ifconv:14  %tmp_130 = xor i1 %newsignbit_11, true

ST_19: carry_4 [1/1] 0.92ns
_ZN7_ap_sc_7sc_core4waitEi.exit24_ifconv:15  %carry_4 = and i1 %tmp_180, %tmp_130

ST_19: Range2_all_ones [1/1] 1.64ns
_ZN7_ap_sc_7sc_core4waitEi.exit24_ifconv:18  %Range2_all_ones = icmp eq i4 %p_Result_s_43, -1

ST_19: Range1_all_ones [1/1] 1.70ns
_ZN7_ap_sc_7sc_core4waitEi.exit24_ifconv:20  %Range1_all_ones = icmp eq i5 %p_Result_1, -1

ST_19: Range1_all_zeros [1/1] 1.70ns
_ZN7_ap_sc_7sc_core4waitEi.exit24_ifconv:21  %Range1_all_zeros = icmp eq i5 %p_Result_1, 0

ST_19: deleted_zeros [1/1] 0.92ns
_ZN7_ap_sc_7sc_core4waitEi.exit24_ifconv:22  %deleted_zeros = select i1 %carry_4, i1 %Range1_all_ones, i1 %Range1_all_zeros

ST_19: tmp_131 [1/1] 0.92ns
_ZN7_ap_sc_7sc_core4waitEi.exit24_ifconv:23  %tmp_131 = xor i1 %tmp_183, true

ST_19: p_41_i2 [1/1] 0.92ns
_ZN7_ap_sc_7sc_core4waitEi.exit24_ifconv:24  %p_41_i2 = and i1 %Range2_all_ones, %tmp_131

ST_19: deleted_ones [1/1] 0.92ns
_ZN7_ap_sc_7sc_core4waitEi.exit24_ifconv:25  %deleted_ones = select i1 %carry_4, i1 %p_41_i2, i1 %Range1_all_ones

ST_19: p_38_i2 [1/1] 0.92ns
_ZN7_ap_sc_7sc_core4waitEi.exit24_ifconv:26  %p_38_i2 = and i1 %carry_4, %Range1_all_ones

ST_19: tmp_184 [1/1] 0.00ns
_ZN7_ap_sc_7sc_core4waitEi.exit24_ifconv:34  %tmp_184 = trunc i21 %p_Val2_15 to i20

ST_19: tmp_134 [1/1] 2.11ns
_ZN7_ap_sc_7sc_core4waitEi.exit24_ifconv:35  %tmp_134 = icmp eq i20 %tmp_184, 0

ST_19: r_V [46/53] 5.57ns
_ZN7_ap_sc_7sc_core4waitEi.exit24_ifconv:47  %r_V = udiv i49 -281474976710656, %tmp_172_cast


 <State 20>: 7.36ns
ST_20: tmp_132 [1/1] 0.92ns
_ZN7_ap_sc_7sc_core4waitEi.exit24_ifconv:27  %tmp_132 = xor i1 %p_38_i2, true

ST_20: p_not_i3 [1/1] 0.92ns
_ZN7_ap_sc_7sc_core4waitEi.exit24_ifconv:28  %p_not_i3 = xor i1 %deleted_zeros, true

ST_20: brmerge_i4 [1/1] 0.92ns
_ZN7_ap_sc_7sc_core4waitEi.exit24_ifconv:29  %brmerge_i4 = or i1 %newsignbit_11, %p_not_i3

ST_20: tmp_133 [1/1] 0.92ns
_ZN7_ap_sc_7sc_core4waitEi.exit24_ifconv:30  %tmp_133 = xor i1 %signbit, true

ST_20: overflow_9 [1/1] 0.92ns
_ZN7_ap_sc_7sc_core4waitEi.exit24_ifconv:31  %overflow_9 = and i1 %brmerge_i4, %tmp_133

ST_20: brmerge40_demorgan_i2 [1/1] 0.92ns
_ZN7_ap_sc_7sc_core4waitEi.exit24_ifconv:32  %brmerge40_demorgan_i2 = and i1 %newsignbit_11, %deleted_ones

ST_20: brmerge40_i2 [1/1] 0.92ns
_ZN7_ap_sc_7sc_core4waitEi.exit24_ifconv:33  %brmerge40_i2 = xor i1 %brmerge40_demorgan_i2, true

ST_20: tmp_135 [1/1] 0.92ns
_ZN7_ap_sc_7sc_core4waitEi.exit24_ifconv:36  %tmp_135 = or i1 %tmp_134, %brmerge40_i2

ST_20: tmp9 [1/1] 0.92ns
_ZN7_ap_sc_7sc_core4waitEi.exit24_ifconv:37  %tmp9 = and i1 %tmp_135, %tmp_132

ST_20: underflow_7 [1/1] 0.92ns
_ZN7_ap_sc_7sc_core4waitEi.exit24_ifconv:38  %underflow_7 = and i1 %tmp9, %signbit

ST_20: brmerge_i_i8 [1/1] 0.92ns
_ZN7_ap_sc_7sc_core4waitEi.exit24_ifconv:39  %brmerge_i_i8 = or i1 %underflow_7, %overflow_9

ST_20: underflow_32_not [1/1] 0.92ns
_ZN7_ap_sc_7sc_core4waitEi.exit24_ifconv:40  %underflow_32_not = xor i1 %underflow_7, true

ST_20: brmerge7 [1/1] 0.92ns
_ZN7_ap_sc_7sc_core4waitEi.exit24_ifconv:41  %brmerge7 = or i1 %overflow_9, %underflow_32_not

ST_20: p_Val2_50_mux [1/1] 0.92ns
_ZN7_ap_sc_7sc_core4waitEi.exit24_ifconv:42  %p_Val2_50_mux = select i1 %brmerge_i_i8, i21 1048575, i21 %p_Val2_15

ST_20: p_Val2_6 [1/1] 0.92ns
_ZN7_ap_sc_7sc_core4waitEi.exit24_ifconv:43  %p_Val2_6 = select i1 %underflow_7, i21 -1048575, i21 %p_Val2_15

ST_20: power_V [1/1] 0.92ns
_ZN7_ap_sc_7sc_core4waitEi.exit24_ifconv:44  %power_V = select i1 %brmerge7, i21 %p_Val2_50_mux, i21 %p_Val2_6

ST_20: r_V [45/53] 5.57ns
_ZN7_ap_sc_7sc_core4waitEi.exit24_ifconv:47  %r_V = udiv i49 -281474976710656, %tmp_172_cast


 <State 21>: 5.57ns
ST_21: r_V [44/53] 5.57ns
_ZN7_ap_sc_7sc_core4waitEi.exit24_ifconv:47  %r_V = udiv i49 -281474976710656, %tmp_172_cast


 <State 22>: 5.57ns
ST_22: r_V [43/53] 5.57ns
_ZN7_ap_sc_7sc_core4waitEi.exit24_ifconv:47  %r_V = udiv i49 -281474976710656, %tmp_172_cast


 <State 23>: 5.57ns
ST_23: r_V [42/53] 5.57ns
_ZN7_ap_sc_7sc_core4waitEi.exit24_ifconv:47  %r_V = udiv i49 -281474976710656, %tmp_172_cast


 <State 24>: 5.57ns
ST_24: r_V [41/53] 5.57ns
_ZN7_ap_sc_7sc_core4waitEi.exit24_ifconv:47  %r_V = udiv i49 -281474976710656, %tmp_172_cast


 <State 25>: 5.57ns
ST_25: r_V [40/53] 5.57ns
_ZN7_ap_sc_7sc_core4waitEi.exit24_ifconv:47  %r_V = udiv i49 -281474976710656, %tmp_172_cast


 <State 26>: 5.57ns
ST_26: r_V [39/53] 5.57ns
_ZN7_ap_sc_7sc_core4waitEi.exit24_ifconv:47  %r_V = udiv i49 -281474976710656, %tmp_172_cast


 <State 27>: 5.57ns
ST_27: r_V [38/53] 5.57ns
_ZN7_ap_sc_7sc_core4waitEi.exit24_ifconv:47  %r_V = udiv i49 -281474976710656, %tmp_172_cast


 <State 28>: 5.57ns
ST_28: r_V [37/53] 5.57ns
_ZN7_ap_sc_7sc_core4waitEi.exit24_ifconv:47  %r_V = udiv i49 -281474976710656, %tmp_172_cast


 <State 29>: 5.57ns
ST_29: r_V [36/53] 5.57ns
_ZN7_ap_sc_7sc_core4waitEi.exit24_ifconv:47  %r_V = udiv i49 -281474976710656, %tmp_172_cast


 <State 30>: 5.57ns
ST_30: r_V [35/53] 5.57ns
_ZN7_ap_sc_7sc_core4waitEi.exit24_ifconv:47  %r_V = udiv i49 -281474976710656, %tmp_172_cast


 <State 31>: 5.57ns
ST_31: r_V [34/53] 5.57ns
_ZN7_ap_sc_7sc_core4waitEi.exit24_ifconv:47  %r_V = udiv i49 -281474976710656, %tmp_172_cast


 <State 32>: 5.57ns
ST_32: r_V [33/53] 5.57ns
_ZN7_ap_sc_7sc_core4waitEi.exit24_ifconv:47  %r_V = udiv i49 -281474976710656, %tmp_172_cast


 <State 33>: 5.57ns
ST_33: r_V [32/53] 5.57ns
_ZN7_ap_sc_7sc_core4waitEi.exit24_ifconv:47  %r_V = udiv i49 -281474976710656, %tmp_172_cast


 <State 34>: 5.57ns
ST_34: r_V [31/53] 5.57ns
_ZN7_ap_sc_7sc_core4waitEi.exit24_ifconv:47  %r_V = udiv i49 -281474976710656, %tmp_172_cast


 <State 35>: 5.57ns
ST_35: r_V [30/53] 5.57ns
_ZN7_ap_sc_7sc_core4waitEi.exit24_ifconv:47  %r_V = udiv i49 -281474976710656, %tmp_172_cast


 <State 36>: 5.57ns
ST_36: r_V [29/53] 5.57ns
_ZN7_ap_sc_7sc_core4waitEi.exit24_ifconv:47  %r_V = udiv i49 -281474976710656, %tmp_172_cast


 <State 37>: 5.57ns
ST_37: r_V [28/53] 5.57ns
_ZN7_ap_sc_7sc_core4waitEi.exit24_ifconv:47  %r_V = udiv i49 -281474976710656, %tmp_172_cast


 <State 38>: 5.57ns
ST_38: r_V [27/53] 5.57ns
_ZN7_ap_sc_7sc_core4waitEi.exit24_ifconv:47  %r_V = udiv i49 -281474976710656, %tmp_172_cast


 <State 39>: 5.57ns
ST_39: r_V [26/53] 5.57ns
_ZN7_ap_sc_7sc_core4waitEi.exit24_ifconv:47  %r_V = udiv i49 -281474976710656, %tmp_172_cast


 <State 40>: 5.57ns
ST_40: r_V [25/53] 5.57ns
_ZN7_ap_sc_7sc_core4waitEi.exit24_ifconv:47  %r_V = udiv i49 -281474976710656, %tmp_172_cast


 <State 41>: 5.57ns
ST_41: r_V [24/53] 5.57ns
_ZN7_ap_sc_7sc_core4waitEi.exit24_ifconv:47  %r_V = udiv i49 -281474976710656, %tmp_172_cast


 <State 42>: 5.57ns
ST_42: r_V [23/53] 5.57ns
_ZN7_ap_sc_7sc_core4waitEi.exit24_ifconv:47  %r_V = udiv i49 -281474976710656, %tmp_172_cast


 <State 43>: 5.57ns
ST_43: r_V [22/53] 5.57ns
_ZN7_ap_sc_7sc_core4waitEi.exit24_ifconv:47  %r_V = udiv i49 -281474976710656, %tmp_172_cast


 <State 44>: 5.57ns
ST_44: r_V [21/53] 5.57ns
_ZN7_ap_sc_7sc_core4waitEi.exit24_ifconv:47  %r_V = udiv i49 -281474976710656, %tmp_172_cast


 <State 45>: 5.57ns
ST_45: r_V [20/53] 5.57ns
_ZN7_ap_sc_7sc_core4waitEi.exit24_ifconv:47  %r_V = udiv i49 -281474976710656, %tmp_172_cast


 <State 46>: 5.57ns
ST_46: r_V [19/53] 5.57ns
_ZN7_ap_sc_7sc_core4waitEi.exit24_ifconv:47  %r_V = udiv i49 -281474976710656, %tmp_172_cast


 <State 47>: 5.57ns
ST_47: r_V [18/53] 5.57ns
_ZN7_ap_sc_7sc_core4waitEi.exit24_ifconv:47  %r_V = udiv i49 -281474976710656, %tmp_172_cast


 <State 48>: 5.57ns
ST_48: r_V [17/53] 5.57ns
_ZN7_ap_sc_7sc_core4waitEi.exit24_ifconv:47  %r_V = udiv i49 -281474976710656, %tmp_172_cast


 <State 49>: 5.57ns
ST_49: r_V [16/53] 5.57ns
_ZN7_ap_sc_7sc_core4waitEi.exit24_ifconv:47  %r_V = udiv i49 -281474976710656, %tmp_172_cast


 <State 50>: 5.57ns
ST_50: r_V [15/53] 5.57ns
_ZN7_ap_sc_7sc_core4waitEi.exit24_ifconv:47  %r_V = udiv i49 -281474976710656, %tmp_172_cast


 <State 51>: 5.57ns
ST_51: r_V [14/53] 5.57ns
_ZN7_ap_sc_7sc_core4waitEi.exit24_ifconv:47  %r_V = udiv i49 -281474976710656, %tmp_172_cast


 <State 52>: 5.57ns
ST_52: r_V [13/53] 5.57ns
_ZN7_ap_sc_7sc_core4waitEi.exit24_ifconv:47  %r_V = udiv i49 -281474976710656, %tmp_172_cast


 <State 53>: 5.57ns
ST_53: r_V [12/53] 5.57ns
_ZN7_ap_sc_7sc_core4waitEi.exit24_ifconv:47  %r_V = udiv i49 -281474976710656, %tmp_172_cast


 <State 54>: 5.57ns
ST_54: r_V [11/53] 5.57ns
_ZN7_ap_sc_7sc_core4waitEi.exit24_ifconv:47  %r_V = udiv i49 -281474976710656, %tmp_172_cast


 <State 55>: 5.57ns
ST_55: r_V [10/53] 5.57ns
_ZN7_ap_sc_7sc_core4waitEi.exit24_ifconv:47  %r_V = udiv i49 -281474976710656, %tmp_172_cast


 <State 56>: 5.57ns
ST_56: r_V [9/53] 5.57ns
_ZN7_ap_sc_7sc_core4waitEi.exit24_ifconv:47  %r_V = udiv i49 -281474976710656, %tmp_172_cast


 <State 57>: 5.57ns
ST_57: r_V [8/53] 5.57ns
_ZN7_ap_sc_7sc_core4waitEi.exit24_ifconv:47  %r_V = udiv i49 -281474976710656, %tmp_172_cast


 <State 58>: 5.57ns
ST_58: r_V [7/53] 5.57ns
_ZN7_ap_sc_7sc_core4waitEi.exit24_ifconv:47  %r_V = udiv i49 -281474976710656, %tmp_172_cast


 <State 59>: 5.57ns
ST_59: r_V [6/53] 5.57ns
_ZN7_ap_sc_7sc_core4waitEi.exit24_ifconv:47  %r_V = udiv i49 -281474976710656, %tmp_172_cast


 <State 60>: 5.57ns
ST_60: r_V [5/53] 5.57ns
_ZN7_ap_sc_7sc_core4waitEi.exit24_ifconv:47  %r_V = udiv i49 -281474976710656, %tmp_172_cast


 <State 61>: 5.57ns
ST_61: r_V [4/53] 5.57ns
_ZN7_ap_sc_7sc_core4waitEi.exit24_ifconv:47  %r_V = udiv i49 -281474976710656, %tmp_172_cast


 <State 62>: 5.57ns
ST_62: r_V [3/53] 5.57ns
_ZN7_ap_sc_7sc_core4waitEi.exit24_ifconv:47  %r_V = udiv i49 -281474976710656, %tmp_172_cast


 <State 63>: 5.57ns
ST_63: r_V [2/53] 5.57ns
_ZN7_ap_sc_7sc_core4waitEi.exit24_ifconv:47  %r_V = udiv i49 -281474976710656, %tmp_172_cast


 <State 64>: 5.57ns
ST_64: r_V [1/53] 5.57ns
_ZN7_ap_sc_7sc_core4waitEi.exit24_ifconv:47  %r_V = udiv i49 -281474976710656, %tmp_172_cast


 <State 65>: 8.71ns
ST_65: OP1_V_6_cast [1/1] 0.00ns
_ZN7_ap_sc_7sc_core4waitEi.exit24_ifconv:48  %OP1_V_6_cast = zext i49 %r_V to i69

ST_65: OP2_V_5_cast [1/1] 0.00ns
_ZN7_ap_sc_7sc_core4waitEi.exit24_ifconv:49  %OP2_V_5_cast = sext i21 %power_V to i69

ST_65: p_Val2_16 [9/9] 8.71ns
_ZN7_ap_sc_7sc_core4waitEi.exit24_ifconv:50  %p_Val2_16 = mul i69 %OP1_V_6_cast, %OP2_V_5_cast


 <State 66>: 8.71ns
ST_66: p_Val2_16 [8/9] 8.71ns
_ZN7_ap_sc_7sc_core4waitEi.exit24_ifconv:50  %p_Val2_16 = mul i69 %OP1_V_6_cast, %OP2_V_5_cast


 <State 67>: 8.71ns
ST_67: p_Val2_16 [7/9] 8.71ns
_ZN7_ap_sc_7sc_core4waitEi.exit24_ifconv:50  %p_Val2_16 = mul i69 %OP1_V_6_cast, %OP2_V_5_cast


 <State 68>: 8.71ns
ST_68: p_Val2_16 [6/9] 8.71ns
_ZN7_ap_sc_7sc_core4waitEi.exit24_ifconv:50  %p_Val2_16 = mul i69 %OP1_V_6_cast, %OP2_V_5_cast


 <State 69>: 8.71ns
ST_69: p_Val2_16 [5/9] 8.71ns
_ZN7_ap_sc_7sc_core4waitEi.exit24_ifconv:50  %p_Val2_16 = mul i69 %OP1_V_6_cast, %OP2_V_5_cast


 <State 70>: 8.71ns
ST_70: p_Val2_16 [4/9] 8.71ns
_ZN7_ap_sc_7sc_core4waitEi.exit24_ifconv:50  %p_Val2_16 = mul i69 %OP1_V_6_cast, %OP2_V_5_cast


 <State 71>: 8.71ns
ST_71: p_Val2_16 [3/9] 8.71ns
_ZN7_ap_sc_7sc_core4waitEi.exit24_ifconv:50  %p_Val2_16 = mul i69 %OP1_V_6_cast, %OP2_V_5_cast


 <State 72>: 8.71ns
ST_72: p_Val2_16 [2/9] 8.71ns
_ZN7_ap_sc_7sc_core4waitEi.exit24_ifconv:50  %p_Val2_16 = mul i69 %OP1_V_6_cast, %OP2_V_5_cast


 <State 73>: 8.71ns
ST_73: stg_314 [1/1] 0.00ns
_ZN7_ap_sc_7sc_core4waitEi.exit24_ifconv:45  call void (...)* @_ssdm_op_Wait(i32 1) nounwind

ST_73: p_Val2_16 [1/9] 8.71ns
_ZN7_ap_sc_7sc_core4waitEi.exit24_ifconv:50  %p_Val2_16 = mul i69 %OP1_V_6_cast, %OP2_V_5_cast

ST_73: tmp_136 [1/1] 0.00ns
_ZN7_ap_sc_7sc_core4waitEi.exit24_ifconv:51  %tmp_136 = call i69 @_ssdm_op_BitConcatenate.i69.i21.i48(i21 %p_Val2_36, i48 0)

ST_73: tmp_174_cast [1/1] 0.00ns
_ZN7_ap_sc_7sc_core4waitEi.exit24_ifconv:52  %tmp_174_cast = sext i69 %tmp_136 to i70

ST_73: tmp_175_cast [1/1] 0.00ns
_ZN7_ap_sc_7sc_core4waitEi.exit24_ifconv:53  %tmp_175_cast = sext i69 %p_Val2_16 to i70

ST_73: tmp_185 [1/1] 0.00ns
_ZN7_ap_sc_7sc_core4waitEi.exit24_ifconv:54  %tmp_185 = trunc i5 %i_op_assign to i1

ST_73: stg_320 [1/1] 0.00ns
_ZN7_ap_sc_7sc_core4waitEi.exit24_ifconv:55  br i1 %tmp_185, label %_ifconv1, label %_ifconv

ST_73: qbit_7 [1/1] 0.00ns
_ifconv1:3  %qbit_7 = call i1 @_ssdm_op_BitSelect.i1.i69.i32(i69 %p_Val2_16, i32 47)

ST_73: tmp_188 [1/1] 0.00ns
_ifconv1:4  %tmp_188 = trunc i69 %p_Val2_16 to i47


 <State 74>: 6.88ns
ST_74: p_Val2_40 [1/1] 2.93ns
_ifconv:0  %p_Val2_40 = sub i70 %tmp_174_cast, %tmp_175_cast

ST_74: signbit_4 [1/1] 0.00ns
_ifconv:1  %signbit_4 = call i1 @_ssdm_op_BitSelect.i1.i70.i32(i70 %p_Val2_40, i32 69)

ST_74: p_Val2_41 [1/1] 0.00ns
_ifconv:2  %p_Val2_41 = call i21 @_ssdm_op_PartSelect.i21.i70.i32.i32(i70 %p_Val2_40, i32 48, i32 68)

ST_74: qbit_6 [1/1] 0.00ns
_ifconv:3  %qbit_6 = call i1 @_ssdm_op_BitSelect.i1.i70.i32(i70 %p_Val2_40, i32 47)

ST_74: tmp_195 [1/1] 0.00ns
_ifconv:4  %tmp_195 = trunc i70 %p_Val2_40 to i47

ST_74: r_5 [1/1] 2.11ns
_ifconv:5  %r_5 = icmp ne i47 %tmp_195, 0

ST_74: tmp_196 [1/1] 0.00ns
_ifconv:6  %tmp_196 = call i1 @_ssdm_op_BitSelect.i1.i70.i32(i70 %p_Val2_40, i32 68)

ST_74: tmp_197 [1/1] 0.00ns
_ifconv:7  %tmp_197 = call i1 @_ssdm_op_BitSelect.i1.i70.i32(i70 %p_Val2_40, i32 48)

ST_74: r_i_i_i [1/1] 0.92ns
_ifconv:8  %r_i_i_i = or i1 %tmp_197, %r_5

ST_74: qb_assign_2 [1/1] 0.92ns
_ifconv:9  %qb_assign_2 = and i1 %r_i_i_i, %qbit_6


 <State 75>: 7.49ns
ST_75: tmp_146 [1/1] 0.00ns
_ifconv:10  %tmp_146 = zext i1 %qb_assign_2 to i21

ST_75: p_Val2_42 [1/1] 1.97ns
_ifconv:11  %p_Val2_42 = add i21 %p_Val2_41, %tmp_146

ST_75: newsignbit_12 [1/1] 0.00ns
_ifconv:12  %newsignbit_12 = call i1 @_ssdm_op_BitSelect.i1.i21.i32(i21 %p_Val2_42, i32 20)

ST_75: tmp_149 [1/1] 0.92ns
_ifconv:13  %tmp_149 = xor i1 %newsignbit_12, true

ST_75: carry_5 [1/1] 0.92ns
_ifconv:14  %carry_5 = and i1 %tmp_196, %tmp_149

ST_75: p_Result_52_not [1/1] 0.92ns
_ifconv:15  %p_Result_52_not = xor i1 %tmp_196, true

ST_75: not_carry_5 [1/1] 0.92ns
_ifconv:16  %not_carry_5 = or i1 %newsignbit_12, %p_Result_52_not

ST_75: deleted_zeros_4 [1/1] 0.92ns
_ifconv:17  %deleted_zeros_4 = xor i1 %signbit_4, %not_carry_5

ST_75: tmp_150 [1/1] 0.92ns
_ifconv:18  %tmp_150 = xor i1 %signbit_4, true

ST_75: p_38_i_i [1/1] 0.92ns
_ifconv:19  %p_38_i_i = and i1 %carry_5, %signbit_4

ST_75: tmp_151 [1/1] 0.92ns
_ifconv:20  %tmp_151 = xor i1 %p_38_i_i, true

ST_75: p_not_i_i [1/1] 0.92ns
_ifconv:21  %p_not_i_i = xor i1 %deleted_zeros_4, true

ST_75: brmerge_i_i9 [1/1] 0.92ns
_ifconv:22  %brmerge_i_i9 = or i1 %newsignbit_12, %p_not_i_i

ST_75: overflow_11 [1/1] 0.92ns
_ifconv:23  %overflow_11 = and i1 %brmerge_i_i9, %tmp_150

ST_75: brmerge40_demorgan_i_i [1/1] 0.92ns
_ifconv:24  %brmerge40_demorgan_i_i = and i1 %signbit_4, %newsignbit_12

ST_75: brmerge40_i_i [1/1] 0.92ns
_ifconv:25  %brmerge40_i_i = xor i1 %brmerge40_demorgan_i_i, true

ST_75: tmp_199 [1/1] 0.00ns
_ifconv:26  %tmp_199 = trunc i21 %p_Val2_42 to i20

ST_75: tmp_152 [1/1] 2.11ns
_ifconv:27  %tmp_152 = icmp eq i20 %tmp_199, 0

ST_75: tmp_153 [1/1] 0.92ns
_ifconv:28  %tmp_153 = or i1 %tmp_152, %brmerge40_i_i

ST_75: tmp10 [1/1] 0.92ns
_ifconv:29  %tmp10 = and i1 %tmp_153, %tmp_151

ST_75: underflow_8 [1/1] 0.92ns
_ifconv:30  %underflow_8 = and i1 %tmp10, %signbit_4


 <State 76>: 3.38ns
ST_76: brmerge_i_i_i3 [1/1] 0.92ns
_ifconv:31  %brmerge_i_i_i3 = or i1 %underflow_8, %overflow_11

ST_76: underflow_33_not [1/1] 0.92ns
_ifconv:32  %underflow_33_not = xor i1 %underflow_8, true

ST_76: brmerge8 [1/1] 0.92ns
_ifconv:33  %brmerge8 = or i1 %overflow_11, %underflow_33_not

ST_76: p_Val2_59_mux [1/1] 0.92ns
_ifconv:34  %p_Val2_59_mux = select i1 %brmerge_i_i_i3, i21 1048575, i21 %p_Val2_42

ST_76: stg_358 [1/1] 1.54ns
_ifconv:35  br i1 %brmerge8, label %_ZN7_ap_sc_7sc_core4waitEi.exit2, label %._crit_edge1.i.i.i449

ST_76: p_Val2_7 [1/1] 0.92ns
._crit_edge1.i.i.i449:0  %p_Val2_7 = select i1 %underflow_8, i21 -1048575, i21 %p_Val2_42

ST_76: stg_360 [1/1] 1.54ns
._crit_edge1.i.i.i449:1  br label %_ZN7_ap_sc_7sc_core4waitEi.exit2

ST_76: sum_V [1/1] 0.00ns
_ZN7_ap_sc_7sc_core4waitEi.exit2:0  %sum_V = phi i21 [ %p_Val2_7, %._crit_edge1.i.i.i449 ], [ %p_Val2_59_mux, %_ifconv ], [ %p_Val2_8, %._crit_edge1.i.i.i486 ], [ %p_Val2_41_mux, %_ifconv1 ]

ST_76: stg_362 [1/1] 0.00ns
_ZN7_ap_sc_7sc_core4waitEi.exit2:1  call void (...)* @_ssdm_op_Wait(i32 1) nounwind

ST_76: i_12 [1/1] 1.65ns
_ZN7_ap_sc_7sc_core4waitEi.exit2:2  %i_12 = add i5 %i_op_assign, 1

ST_76: stg_364 [1/1] 0.00ns
_ZN7_ap_sc_7sc_core4waitEi.exit2:3  br label %_ifconv2


 <State 77>: 8.58ns
ST_77: p_Val2_37 [1/1] 2.93ns
_ifconv1:0  %p_Val2_37 = add i70 %tmp_174_cast, %tmp_175_cast

ST_77: signbit_5 [1/1] 0.00ns
_ifconv1:1  %signbit_5 = call i1 @_ssdm_op_BitSelect.i1.i70.i32(i70 %p_Val2_37, i32 69)

ST_77: p_Val2_38 [1/1] 0.00ns
_ifconv1:2  %p_Val2_38 = call i21 @_ssdm_op_PartSelect.i21.i70.i32.i32(i70 %p_Val2_37, i32 48, i32 68)

ST_77: r_6 [1/1] 2.11ns
_ifconv1:5  %r_6 = icmp ne i47 %tmp_188, 0

ST_77: tmp_189 [1/1] 0.00ns
_ifconv1:6  %tmp_189 = call i1 @_ssdm_op_BitSelect.i1.i70.i32(i70 %p_Val2_37, i32 68)

ST_77: tmp_190 [1/1] 0.00ns
_ifconv1:7  %tmp_190 = call i1 @_ssdm_op_BitSelect.i1.i70.i32(i70 %p_Val2_37, i32 48)

ST_77: r_i_i_i2 [1/1] 0.92ns
_ifconv1:8  %r_i_i_i2 = or i1 %tmp_190, %r_6

ST_77: qb_assign_1 [1/1] 0.92ns
_ifconv1:9  %qb_assign_1 = and i1 %r_i_i_i2, %qbit_7

ST_77: tmp_138 [1/1] 0.00ns
_ifconv1:10  %tmp_138 = zext i1 %qb_assign_1 to i21

ST_77: p_Val2_39 [1/1] 1.97ns
_ifconv1:11  %p_Val2_39 = add i21 %p_Val2_38, %tmp_138

ST_77: newsignbit_13 [1/1] 0.00ns
_ifconv1:12  %newsignbit_13 = call i1 @_ssdm_op_BitSelect.i1.i21.i32(i21 %p_Val2_39, i32 20)

ST_77: tmp_139 [1/1] 0.92ns
_ifconv1:13  %tmp_139 = xor i1 %newsignbit_13, true

ST_77: carry_6 [1/1] 0.92ns
_ifconv1:14  %carry_6 = and i1 %tmp_189, %tmp_139

ST_77: p_Result_55_not [1/1] 0.92ns
_ifconv1:15  %p_Result_55_not = xor i1 %tmp_189, true

ST_77: tmp_192 [1/1] 0.00ns
_ifconv1:26  %tmp_192 = trunc i21 %p_Val2_39 to i20


 <State 78>: 8.25ns
ST_78: not_carry_6 [1/1] 0.92ns
_ifconv1:16  %not_carry_6 = or i1 %newsignbit_13, %p_Result_55_not

ST_78: deleted_zeros_5 [1/1] 0.92ns
_ifconv1:17  %deleted_zeros_5 = xor i1 %signbit_5, %not_carry_6

ST_78: tmp_140 [1/1] 0.92ns
_ifconv1:18  %tmp_140 = xor i1 %signbit_5, true

ST_78: p_38_i_i2 [1/1] 0.92ns
_ifconv1:19  %p_38_i_i2 = and i1 %carry_6, %signbit_5

ST_78: tmp_141 [1/1] 0.92ns
_ifconv1:20  %tmp_141 = xor i1 %p_38_i_i2, true

ST_78: p_not_i_i2 [1/1] 0.92ns
_ifconv1:21  %p_not_i_i2 = xor i1 %deleted_zeros_5, true

ST_78: brmerge_i_i1 [1/1] 0.92ns
_ifconv1:22  %brmerge_i_i1 = or i1 %newsignbit_13, %p_not_i_i2

ST_78: overflow_10 [1/1] 0.92ns
_ifconv1:23  %overflow_10 = and i1 %brmerge_i_i1, %tmp_140

ST_78: brmerge40_demorgan_i_i2 [1/1] 0.92ns
_ifconv1:24  %brmerge40_demorgan_i_i2 = and i1 %signbit_5, %newsignbit_13

ST_78: brmerge40_i_i2 [1/1] 0.92ns
_ifconv1:25  %brmerge40_i_i2 = xor i1 %brmerge40_demorgan_i_i2, true

ST_78: tmp_142 [1/1] 2.11ns
_ifconv1:27  %tmp_142 = icmp eq i20 %tmp_192, 0

ST_78: tmp_143 [1/1] 0.92ns
_ifconv1:28  %tmp_143 = or i1 %tmp_142, %brmerge40_i_i2

ST_78: tmp11 [1/1] 0.92ns
_ifconv1:29  %tmp11 = and i1 %tmp_143, %tmp_141

ST_78: underflow_9 [1/1] 0.92ns
_ifconv1:30  %underflow_9 = and i1 %tmp11, %signbit_5

ST_78: brmerge_i_i_i4 [1/1] 0.92ns
_ifconv1:31  %brmerge_i_i_i4 = or i1 %underflow_9, %overflow_10

ST_78: underflow_34_not [1/1] 0.92ns
_ifconv1:32  %underflow_34_not = xor i1 %underflow_9, true

ST_78: brmerge9 [1/1] 0.92ns
_ifconv1:33  %brmerge9 = or i1 %overflow_10, %underflow_34_not

ST_78: p_Val2_41_mux [1/1] 0.92ns
_ifconv1:34  %p_Val2_41_mux = select i1 %brmerge_i_i_i4, i21 1048575, i21 %p_Val2_39

ST_78: stg_398 [1/1] 1.54ns
_ifconv1:35  br i1 %brmerge9, label %_ZN7_ap_sc_7sc_core4waitEi.exit2, label %._crit_edge1.i.i.i486

ST_78: p_Val2_8 [1/1] 0.92ns
._crit_edge1.i.i.i486:0  %p_Val2_8 = select i1 %underflow_9, i21 -1048575, i21 %p_Val2_39

ST_78: stg_400 [1/1] 1.54ns
._crit_edge1.i.i.i486:1  br label %_ZN7_ap_sc_7sc_core4waitEi.exit2


 <State 79>: 0.00ns
ST_79: stg_401 [1/1] 0.00ns
_ZN7_ap_sc_7sc_core4waitEi.exit:2  call void (...)* @_ssdm_op_Wait(i32 1) nounwind

ST_79: stg_402 [1/1] 0.00ns
_ZN7_ap_sc_7sc_core4waitEi.exit:3  br label %3


 <State 80>: 2.39ns
ST_80: i [1/1] 0.00ns
.preheader:0  %i = phi i6 [ %i_11, %_ZN7_ap_sc_7sc_core4waitEi.exit20 ], [ 0, %_ZN7_ap_sc_7sc_core4waitEi.exit4 ]

ST_80: tmp_126 [1/1] 1.76ns
.preheader:1  %tmp_126 = icmp ult i6 %i, -29

ST_80: i_11 [1/1] 1.65ns
.preheader:2  %i_11 = add i6 %i, 1

ST_80: stg_406 [1/1] 0.00ns
.preheader:3  br i1 %tmp_126, label %0, label %.loopexit

ST_80: tmp_127 [1/1] 0.00ns
:0  %tmp_127 = zext i6 %i to i64

ST_80: inputLUT_V_addr [1/1] 0.00ns
:1  %inputLUT_V_addr = getelementptr [36 x i13]* @inputLUT_V, i64 0, i64 %tmp_127

ST_80: inputLUT_V_load [2/2] 2.39ns
:2  %inputLUT_V_load = load i13* %inputLUT_V_addr, align 2


 <State 81>: 4.49ns
ST_81: inputLUT_V_load [1/2] 2.39ns
:2  %inputLUT_V_load = load i13* %inputLUT_V_addr, align 2

ST_81: inputLUT_V_load_cast [1/1] 0.00ns
:3  %inputLUT_V_load_cast = zext i13 %inputLUT_V_load to i21

ST_81: tmp_128 [1/1] 2.10ns
:4  %tmp_128 = icmp eq i21 %p_Val2_s, %inputLUT_V_load_cast

ST_81: stg_413 [1/1] 0.00ns
:5  br i1 %tmp_128, label %_ZN7_ap_sc_7sc_core4waitEi.exit6, label %1

ST_81: tmp_137 [1/1] 2.10ns
:0  %tmp_137 = icmp sgt i21 %p_Val2_s, %inputLUT_V_load_cast

ST_81: stg_415 [1/1] 0.00ns
:1  br i1 %tmp_137, label %2, label %_ZN7_ap_sc_7sc_core4waitEi.exit20

ST_81: tmp_144 [1/1] 0.00ns
:0  %tmp_144 = zext i6 %i_11 to i64

ST_81: inputLUT_V_addr_1 [1/1] 0.00ns
:1  %inputLUT_V_addr_1 = getelementptr [36 x i13]* @inputLUT_V, i64 0, i64 %tmp_144

ST_81: inputLUT_V_load_1 [2/2] 2.39ns
:2  %inputLUT_V_load_1 = load i13* %inputLUT_V_addr_1, align 2

ST_81: logLUT_V_addr [1/1] 0.00ns
_ZN7_ap_sc_7sc_core4waitEi.exit6:0  %logLUT_V_addr = getelementptr [36 x i21]* @logLUT_V, i64 0, i64 %tmp_127

ST_81: logLUT_V_load [2/2] 2.39ns
_ZN7_ap_sc_7sc_core4waitEi.exit6:1  %logLUT_V_load = load i21* %logLUT_V_addr, align 4


 <State 82>: 4.49ns
ST_82: inputLUT_V_load_1 [1/2] 2.39ns
:2  %inputLUT_V_load_1 = load i13* %inputLUT_V_addr_1, align 2

ST_82: inputLUT_V_load_1_cast [1/1] 0.00ns
:3  %inputLUT_V_load_1_cast = zext i13 %inputLUT_V_load_1 to i21

ST_82: tmp_145 [1/1] 2.10ns
:4  %tmp_145 = icmp slt i21 %p_Val2_s, %inputLUT_V_load_1_cast

ST_82: stg_424 [1/1] 0.00ns
:5  br i1 %tmp_145, label %_ZN7_ap_sc_7sc_core4waitEi.exit12_ifconv, label %_ZN7_ap_sc_7sc_core4waitEi.exit20

ST_82: stg_425 [1/1] 0.00ns
_ZN7_ap_sc_7sc_core4waitEi.exit20:0  call void (...)* @_ssdm_op_Wait(i32 1) nounwind

ST_82: stg_426 [1/1] 0.00ns
_ZN7_ap_sc_7sc_core4waitEi.exit20:1  br label %.preheader

ST_82: gradientLUT_V_addr [1/1] 0.00ns
_ZN7_ap_sc_7sc_core4waitEi.exit12_ifconv:0  %gradientLUT_V_addr = getelementptr [36 x i31]* @gradientLUT_V, i64 0, i64 %tmp_127

ST_82: gradientLUT_V_load [2/2] 2.39ns
_ZN7_ap_sc_7sc_core4waitEi.exit12_ifconv:1  %gradientLUT_V_load = load i31* %gradientLUT_V_addr, align 4

ST_82: stg_429 [1/1] 0.00ns
_ZN7_ap_sc_7sc_core4waitEi.exit12_ifconv:19  call void (...)* @_ssdm_op_Wait(i32 1) nounwind

ST_82: offsetLUT_V_addr [1/1] 0.00ns
_ZN7_ap_sc_7sc_core4waitEi.exit12_ifconv:20  %offsetLUT_V_addr = getelementptr [36 x i21]* @offsetLUT_V, i64 0, i64 %tmp_127

ST_82: p_Val2_47 [2/2] 2.39ns
_ZN7_ap_sc_7sc_core4waitEi.exit12_ifconv:21  %p_Val2_47 = load i21* %offsetLUT_V_addr, align 4


 <State 83>: 2.39ns
ST_83: gradientLUT_V_load [1/2] 2.39ns
_ZN7_ap_sc_7sc_core4waitEi.exit12_ifconv:1  %gradientLUT_V_load = load i31* %gradientLUT_V_addr, align 4

ST_83: p_Val2_47 [1/2] 2.39ns
_ZN7_ap_sc_7sc_core4waitEi.exit12_ifconv:21  %p_Val2_47 = load i21* %offsetLUT_V_addr, align 4


 <State 84>: 8.71ns
ST_84: OP1_V_cast [1/1] 0.00ns
_ZN7_ap_sc_7sc_core4waitEi.exit12_ifconv:2  %OP1_V_cast = zext i31 %gradientLUT_V_load to i44

ST_84: p_Val2_43 [7/7] 8.71ns
_ZN7_ap_sc_7sc_core4waitEi.exit12_ifconv:3  %p_Val2_43 = mul i44 %OP1_V_cast, %OP2_V_cast


 <State 85>: 8.71ns
ST_85: p_Val2_43 [6/7] 8.71ns
_ZN7_ap_sc_7sc_core4waitEi.exit12_ifconv:3  %p_Val2_43 = mul i44 %OP1_V_cast, %OP2_V_cast


 <State 86>: 8.71ns
ST_86: p_Val2_43 [5/7] 8.71ns
_ZN7_ap_sc_7sc_core4waitEi.exit12_ifconv:3  %p_Val2_43 = mul i44 %OP1_V_cast, %OP2_V_cast


 <State 87>: 8.71ns
ST_87: p_Val2_43 [4/7] 8.71ns
_ZN7_ap_sc_7sc_core4waitEi.exit12_ifconv:3  %p_Val2_43 = mul i44 %OP1_V_cast, %OP2_V_cast


 <State 88>: 8.71ns
ST_88: p_Val2_43 [3/7] 8.71ns
_ZN7_ap_sc_7sc_core4waitEi.exit12_ifconv:3  %p_Val2_43 = mul i44 %OP1_V_cast, %OP2_V_cast


 <State 89>: 8.71ns
ST_89: p_Val2_43 [2/7] 8.71ns
_ZN7_ap_sc_7sc_core4waitEi.exit12_ifconv:3  %p_Val2_43 = mul i44 %OP1_V_cast, %OP2_V_cast


 <State 90>: 8.71ns
ST_90: p_Val2_43 [1/7] 8.71ns
_ZN7_ap_sc_7sc_core4waitEi.exit12_ifconv:3  %p_Val2_43 = mul i44 %OP1_V_cast, %OP2_V_cast

ST_90: p_Val2_44 [1/1] 0.00ns
_ZN7_ap_sc_7sc_core4waitEi.exit12_ifconv:4  %p_Val2_44 = call i21 @_ssdm_op_PartSelect.i21.i44.i32.i32(i44 %p_Val2_43, i32 16, i32 36)

ST_90: qbit [1/1] 0.00ns
_ZN7_ap_sc_7sc_core4waitEi.exit12_ifconv:5  %qbit = call i1 @_ssdm_op_BitSelect.i1.i44.i32(i44 %p_Val2_43, i32 15)

ST_90: tmp_201 [1/1] 0.00ns
_ZN7_ap_sc_7sc_core4waitEi.exit12_ifconv:6  %tmp_201 = call i1 @_ssdm_op_BitSelect.i1.i44.i32(i44 %p_Val2_43, i32 36)

ST_90: tmp_154 [1/1] 0.00ns
_ZN7_ap_sc_7sc_core4waitEi.exit12_ifconv:13  %tmp_154 = call i7 @_ssdm_op_PartSelect.i7.i44.i32.i32(i44 %p_Val2_43, i32 37, i32 43)


 <State 91>: 5.65ns
ST_91: tmp_147 [1/1] 0.00ns
_ZN7_ap_sc_7sc_core4waitEi.exit12_ifconv:7  %tmp_147 = zext i1 %qbit to i21

ST_91: p_Val2_45 [1/1] 1.97ns
_ZN7_ap_sc_7sc_core4waitEi.exit12_ifconv:8  %p_Val2_45 = add i21 %p_Val2_44, %tmp_147

ST_91: tmp_202 [1/1] 0.00ns
_ZN7_ap_sc_7sc_core4waitEi.exit12_ifconv:9  %tmp_202 = trunc i21 %p_Val2_45 to i20

ST_91: newsignbit [1/1] 0.00ns
_ZN7_ap_sc_7sc_core4waitEi.exit12_ifconv:10  %newsignbit = call i1 @_ssdm_op_BitSelect.i1.i21.i32(i21 %p_Val2_45, i32 20)

ST_91: tmp_148 [1/1] 0.92ns
_ZN7_ap_sc_7sc_core4waitEi.exit12_ifconv:11  %tmp_148 = xor i1 %newsignbit, true

ST_91: carry [1/1] 0.92ns
_ZN7_ap_sc_7sc_core4waitEi.exit12_ifconv:12  %carry = and i1 %tmp_201, %tmp_148

ST_91: Range1_all_zeros_not [1/1] 1.81ns
_ZN7_ap_sc_7sc_core4waitEi.exit12_ifconv:14  %Range1_all_zeros_not = icmp ne i7 %tmp_154, 0

ST_91: tmp8 [1/1] 0.92ns
_ZN7_ap_sc_7sc_core4waitEi.exit12_ifconv:15  %tmp8 = or i1 %Range1_all_zeros_not, %newsignbit

ST_91: overflow [1/1] 0.92ns
_ZN7_ap_sc_7sc_core4waitEi.exit12_ifconv:16  %overflow = or i1 %tmp8, %carry

ST_91: p_Val2_46 [1/1] 0.92ns
_ZN7_ap_sc_7sc_core4waitEi.exit12_ifconv:17  %p_Val2_46 = select i1 %overflow, i20 -1, i20 %tmp_202


 <State 92>: 5.92ns
ST_92: p_Val2_68_cast [1/1] 0.00ns
_ZN7_ap_sc_7sc_core4waitEi.exit12_ifconv:18  %p_Val2_68_cast = zext i20 %p_Val2_46 to i21

ST_92: p_Val2_48 [1/1] 1.97ns
_ZN7_ap_sc_7sc_core4waitEi.exit12_ifconv:22  %p_Val2_48 = add i21 %p_Val2_47, %p_Val2_68_cast

ST_92: isneg_6 [1/1] 0.00ns
_ZN7_ap_sc_7sc_core4waitEi.exit12_ifconv:23  %isneg_6 = call i1 @_ssdm_op_BitSelect.i1.i21.i32(i21 %p_Val2_48, i32 20)

ST_92: tmp_205 [1/1] 0.00ns
_ZN7_ap_sc_7sc_core4waitEi.exit12_ifconv:24  %tmp_205 = trunc i21 %p_Val2_48 to i20

ST_92: tmp_155 [1/1] 2.11ns
_ZN7_ap_sc_7sc_core4waitEi.exit12_ifconv:25  %tmp_155 = icmp eq i20 %tmp_205, 0

ST_92: underflow [1/1] 0.92ns
_ZN7_ap_sc_7sc_core4waitEi.exit12_ifconv:26  %underflow = and i1 %isneg_6, %tmp_155

ST_92: this_assign_1 [1/1] 0.92ns
_ZN7_ap_sc_7sc_core4waitEi.exit12_ifconv:27  %this_assign_1 = select i1 %underflow, i21 -1048575, i21 %p_Val2_48

ST_92: stg_463 [1/1] 0.00ns
_ZN7_ap_sc_7sc_core4waitEi.exit12_ifconv:28  call void @_ssdm_op_Write.ap_auto.i21P(i21* %WBSlave_log_out_V, i21 %this_assign_1)


 <State 93>: 0.00ns
ST_93: stg_464 [1/1] 0.00ns
_ZN7_ap_sc_7sc_core4waitEi.exit12_ifconv:29  call void (...)* @_ssdm_op_Wait(i32 1) nounwind

ST_93: stg_465 [1/1] 0.00ns
_ZN7_ap_sc_7sc_core4waitEi.exit12_ifconv:30  call void @_ssdm_op_Write.ap_auto.i1P(i1* %WBSlave_log_done_V, i1 true)


 <State 94>: 0.00ns
ST_94: stg_466 [1/1] 0.00ns
_ZN7_ap_sc_7sc_core4waitEi.exit12_ifconv:31  call void (...)* @_ssdm_op_Wait(i32 1) nounwind

ST_94: stg_467 [1/1] 0.00ns
_ZN7_ap_sc_7sc_core4waitEi.exit12_ifconv:32  br label %.loopexit

ST_94: stg_468 [1/1] 0.00ns
.loopexit:0  br label %3


 <State 95>: 2.39ns
ST_95: logLUT_V_load [1/2] 2.39ns
_ZN7_ap_sc_7sc_core4waitEi.exit6:1  %logLUT_V_load = load i21* %logLUT_V_addr, align 4

ST_95: stg_470 [1/1] 0.00ns
_ZN7_ap_sc_7sc_core4waitEi.exit6:2  call void @_ssdm_op_Write.ap_auto.i21P(i21* %WBSlave_log_out_V, i21 %logLUT_V_load)

ST_95: stg_471 [1/1] 0.00ns
_ZN7_ap_sc_7sc_core4waitEi.exit6:3  call void @_ssdm_op_Write.ap_auto.i1P(i1* %WBSlave_log_done_V, i1 true)


 <State 96>: 0.00ns
ST_96: stg_472 [1/1] 0.00ns
_ZN7_ap_sc_7sc_core4waitEi.exit6:4  call void (...)* @_ssdm_op_Wait(i32 1) nounwind

ST_96: stg_473 [1/1] 0.00ns
_ZN7_ap_sc_7sc_core4waitEi.exit6:5  br label %.loopexit


 <State 97>: 0.92ns
ST_97: stg_474 [1/1] 0.00ns
:0  call void (...)* @_ssdm_op_Wait(i32 1) nounwind

ST_97: tmp_156 [1/1] 0.92ns
:1  %tmp_156 = xor i1 %WBSlave_log_start_V_read, true

ST_97: stg_476 [1/1] 0.00ns
:2  call void (...)* @_ssdm_op_Poll(i1 %tmp_156)

ST_97: stg_477 [1/1] 0.00ns
:3  call void @_ssdm_op_Write.ap_auto.i1P(i1* %WBSlave_log_done_V, i1 false)

ST_97: stg_478 [1/1] 0.00ns
:4  br label %_ZN7_ap_sc_7sc_core4waitEi.exit4



============================================================
+ Verbose Summary: Binding
============================================================
N/A
* FSMD analyzer results:
  - Output states:
  - Chain level:
	State 1
	State 2
	State 3
	State 4
	State 5
	State 6
	State 7
	State 8
	State 9
	State 10
	State 11
	State 12
	State 13
	State 14
	State 15
	State 16
	State 17
	State 18
	State 19
	State 20
	State 21
	State 22
	State 23
	State 24
	State 25
	State 26
	State 27
	State 28
	State 29
	State 30
	State 31
	State 32
	State 33
	State 34
	State 35
	State 36
	State 37
	State 38
	State 39
	State 40
	State 41
	State 42
	State 43
	State 44
	State 45
	State 46
	State 47
	State 48
	State 49
	State 50
	State 51
	State 52
	State 53
	State 54
	State 55
	State 56
	State 57
	State 58
	State 59
	State 60
	State 61
	State 62
	State 63
	State 64
	State 65
	State 66
	State 67
	State 68
	State 69
	State 70
	State 71
	State 72
	State 73
	State 74
	State 75
	State 76
	State 77
	State 78
	State 79
	State 80
	State 81
	State 82
	State 83
	State 84
	State 85
	State 86
	State 87
	State 88
	State 89
	State 90
	State 91
	State 92
	State 93
	State 94
	State 95
	State 96
	State 97


============================================================
+ Verbose Summary: Datapath Resource usage 
============================================================
N/A
