

================================================================
== Vivado HLS Report for 'WBSlave'
================================================================
* Date:           Wed Jun 29 18:15:46 2016

* Version:        2014.4 (Build 1071461 on Tue Nov 18 16:42:57 PM 2014)
* Project:        floatpoint
* Solution:       solution1
* Product family: spartan6
* Target device:  xc6slx150tfgg484-3


================================================================
== Performance Estimates
================================================================
+ Timing (ns): 
    * Summary: 
    +---------+-------+----------+------------+
    |  Clock  | Target| Estimated| Uncertainty|
    +---------+-------+----------+------------+
    |default  |  10.00|      8.53|        1.25|
    +---------+-------+----------+------------+

+ Latency (clock cycles): 
    * Summary: 
    +-----+-----+-----+-----+---------+
    |  Latency  |  Interval | Pipeline|
    | min | max | min | max |   Type  |
    +-----+-----+-----+-----+---------+
    |    ?|    ?|    ?|    ?|   none  |
    +-----+-----+-----+-----+---------+

    + Detail: 
        * Instance: 
        +---------------------------------+----------------------+------+---------+------+---------+---------+
        |                                 |                      |     Latency    |    Interval    | Pipeline|
        |             Instance            |        Module        |  min |   max   |  min |   max   |   Type  |
        +---------------------------------+----------------------+------+---------+------+---------+---------+
        |grp_WBSlave_getLog_fu_216        |WBSlave_getLog        |     ?|        ?|     ?|        ?|   none  |
        |grp_WBSlave_processSlave_fu_280  |WBSlave_processSlave  |  9472|  1185288|  9472|  1185288|   none  |
        |grp_WBSlave_processBus_fu_336    |WBSlave_processBus    |     6|        ?|     6|        ?|   none  |
        +---------------------------------+----------------------+------+---------+------+---------+---------+

        * Loop: 
        N/A



================================================================
== Utilization Estimates
================================================================
* Summary: 
+-----------------+---------+-------+--------+-------+
|       Name      | BRAM_18K| DSP48A|   FF   |  LUT  |
+-----------------+---------+-------+--------+-------+
|Expression       |        -|      -|       -|      -|
|FIFO             |        -|      -|       -|      -|
|Instance         |        5|     10|    4473|   7901|
|Memory           |        1|      -|       -|      -|
|Multiplexer      |        -|      -|       -|     82|
|Register         |        -|      -|     100|      -|
+-----------------+---------+-------+--------+-------+
|Total            |        6|     10|    4573|   7983|
+-----------------+---------+-------+--------+-------+
|Available        |      268|    180|  184304|  92152|
+-----------------+---------+-------+--------+-------+
|Utilization (%)  |        2|      5|       2|      8|
+-----------------+---------+-------+--------+-------+

+ Detail: 
    * Instance: 
    +---------------------------------+----------------------+---------+-------+------+------+
    |             Instance            |        Module        | BRAM_18K| DSP48A|  FF  |  LUT |
    +---------------------------------+----------------------+---------+-------+------+------+
    |grp_WBSlave_getLog_fu_216        |WBSlave_getLog        |        4|      5|  1775|  2650|
    |grp_WBSlave_processBus_fu_336    |WBSlave_processBus    |        0|      0|   538|  1718|
    |grp_WBSlave_processSlave_fu_280  |WBSlave_processSlave  |        1|      5|  2160|  3533|
    +---------------------------------+----------------------+---------+-------+------+------+
    |Total                            |                      |        5|     10|  4473|  7901|
    +---------------------------------+----------------------+---------+-------+------+------+

    * Memory: 
    +-------------------+-------------------------+---------+---+----+------+-----+------+-------------+
    |       Memory      |          Module         | BRAM_18K| FF| LUT| Words| Bits| Banks| W*Bits*Banks|
    +-------------------+-------------------------+---------+---+----+------+-----+------+-------------+
    |WBSlave_PBuffer_U  |WBSlave_WBSlave_PBuffer  |        1|  0|   0|   500|   32|     1|        16000|
    |WBSlave_regs_U     |WBSlave_WBSlave_regs     |        0|  0|   0|    16|   32|     1|          512|
    +-------------------+-------------------------+---------+---+----+------+-----+------+-------------+
    |Total              |                         |        1|  0|   0|   516|   64|     2|        16512|
    +-------------------+-------------------------+---------+---+----+------+-----+------+-------------+

    * FIFO: 
    N/A

    * Expression: 
    N/A

    * Multiplexer: 
    +--------------------------+----+-----------+-----+-----------+
    |           Name           | LUT| Input Size| Bits| Total Bits|
    +--------------------------+----+-----------+-----+-----------+
    |WBSlave_PBuffer_address0  |   9|          3|    9|         27|
    |WBSlave_PBuffer_ce0       |   1|          3|    1|          3|
    |WBSlave_PBuffer_d0        |  32|          3|   32|         96|
    |WBSlave_PBuffer_we0       |   1|          3|    1|          3|
    |WBSlave_log_start_V       |   1|          2|    1|          2|
    |WBSlave_regs_address0     |   4|          3|    4|         12|
    |WBSlave_regs_ce0          |   1|          3|    1|          3|
    |WBSlave_regs_d0           |  32|          3|   32|         96|
    |WBSlave_regs_we0          |   1|          3|    1|          3|
    +--------------------------+----+-----------+-----+-----------+
    |Total                     |  82|         26|   82|        245|
    +--------------------------+----+-----------+-----+-----------+

    * Register: 
    +---------------------+----+----+-----+-----------+
    |         Name        | FF | LUT| Bits| Const Bits|
    +---------------------+----+----+-----+-----------+
    |WBSlave_log_done_V   |   1|   0|    1|          0|
    |WBSlave_log_in       |  32|   0|   32|          0|
    |WBSlave_log_out      |  32|   0|   32|          0|
    |WBSlave_log_start_V  |   1|   0|    1|          0|
    |ack_o                |   1|   0|    1|          0|
    |dat_o                |  32|   0|   32|          0|
    |int_o                |   1|   0|    1|          0|
    +---------------------+----+----+-----+-----------+
    |Total                | 100|   0|  100|          0|
    +---------------------+----+----+-----+-----------+



================================================================
== Interface
================================================================
* Summary: 
+----------+-----+-----+------------+------------------+--------------+
| RTL Ports| Dir | Bits|  Protocol  |   Source Object  |    C Type    |
+----------+-----+-----+------------+------------------+--------------+
|clk       |  in |    1| ap_ctrl_hs | WBSlave::WBSlave | return value |
|reset     |  in |    1| ap_ctrl_hs | WBSlave::WBSlave | return value |
|adr_i     |  in |   32|   ap_none  |       adr_i      |    pointer   |
|dat_i     |  in |   32|   ap_none  |       dat_i      |    pointer   |
|we_i      |  in |    1|   ap_none  |       we_i       |    pointer   |
|stb_i     |  in |    1|   ap_none  |       stb_i      |    pointer   |
|cyc_i     |  in |    1|   ap_none  |       cyc_i      |    pointer   |
|sel_i     |  in |    4|   ap_none  |       sel_i      |    pointer   |
|dat_o     | out |   32|   ap_vld   |       dat_o      |    pointer   |
|ack_o     | out |    1|   ap_vld   |       ack_o      |    pointer   |
|int_o     | out |    1|   ap_vld   |       int_o      |    pointer   |
+----------+-----+-----+------------+------------------+--------------+

============================================================
+ Verbose Summary: Synthesis Manager
============================================================
InlineROM: 1
ExposeGlobal: 0
============================================================
+ Verbose Summary: CDFG Model
============================================================
IsTopModel: 1
ResetActiveHigh: 1
IsCombinational: 2
IsDatapathOnly: 0
HasWiredReturn: 1
HasMFsm: 0
HasVarLatency: 1
IsPipeline: 0
IsRtlPipelined: 0
IsInstanceOverlapped: 0
IsDontTouch: 0
HasImplIP: 0
IsGatedGlobalClock: 0


============================================================
+ Verbose Summary: Schedule
============================================================
* Number of FSM states: 5
* Pipeline: 0
* Dataflow Pipeline: 0

* FSM state transitions: 
1 --> 
	5  / (WBSlave_ssdm_thread_M_proce)
	4  / (!WBSlave_ssdm_thread_M_proce & WBSlave_ssdm_thread_M_proce_1)
	2  / (!WBSlave_ssdm_thread_M_proce & !WBSlave_ssdm_thread_M_proce_1 & WBSlave_ssdm_thread_M_getLo)
2 --> 
	3  / true
3 --> 
4 --> 
	3  / true
5 --> 
	3  / true
* FSM state operations: 

 <State 1>: 0.00ns
ST_1: stg_6 [1/1] 0.00ns
:0  call void (...)* @_ssdm_op_SpecBitsMap(i1* %clk), !map !156

ST_1: stg_7 [1/1] 0.00ns
:1  call void (...)* @_ssdm_op_SpecBitsMap(i1* %reset), !map !160

ST_1: stg_8 [1/1] 0.00ns
:2  call void (...)* @_ssdm_op_SpecBitsMap(i32* %adr_i), !map !164

ST_1: stg_9 [1/1] 0.00ns
:3  call void (...)* @_ssdm_op_SpecBitsMap(i32* %dat_i), !map !168

ST_1: stg_10 [1/1] 0.00ns
:4  call void (...)* @_ssdm_op_SpecBitsMap(i1* %we_i), !map !172

ST_1: stg_11 [1/1] 0.00ns
:5  call void (...)* @_ssdm_op_SpecBitsMap(i1* %stb_i), !map !176

ST_1: stg_12 [1/1] 0.00ns
:6  call void (...)* @_ssdm_op_SpecBitsMap(i1* %cyc_i), !map !180

ST_1: stg_13 [1/1] 0.00ns
:7  call void (...)* @_ssdm_op_SpecBitsMap(i4* %sel_i), !map !184

ST_1: stg_14 [1/1] 0.00ns
:8  call void (...)* @_ssdm_op_SpecBitsMap(i32* %dat_o), !map !188

ST_1: stg_15 [1/1] 0.00ns
:9  call void (...)* @_ssdm_op_SpecBitsMap(i1* %ack_o), !map !192

ST_1: stg_16 [1/1] 0.00ns
:10  call void (...)* @_ssdm_op_SpecBitsMap(i1* %int_o), !map !196

ST_1: stg_17 [1/1] 0.00ns
:11  call void (...)* @_ssdm_op_SpecBitsMap([16 x i32]* %WBSlave_regs), !map !200

ST_1: stg_18 [1/1] 0.00ns
:12  call void (...)* @_ssdm_op_SpecBitsMap([500 x i32]* %WBSlave_PBuffer), !map !204

ST_1: stg_19 [1/1] 0.00ns
:13  call void (...)* @_ssdm_op_SpecBitsMap(i3* %WBSlave_CTRL_ADDR_V), !map !208

ST_1: stg_20 [1/1] 0.00ns
:14  call void (...)* @_ssdm_op_SpecBitsMap(i3* %WBSlave_STAT_ADDR_V), !map !212

ST_1: stg_21 [1/1] 0.00ns
:15  call void (...)* @_ssdm_op_SpecBitsMap(float* %WBSlave_log_in), !map !216

ST_1: stg_22 [1/1] 0.00ns
:16  call void (...)* @_ssdm_op_SpecBitsMap(float* %WBSlave_log_out), !map !220

ST_1: stg_23 [1/1] 0.00ns
:17  call void (...)* @_ssdm_op_SpecBitsMap(i1* %WBSlave_log_start_V), !map !224

ST_1: stg_24 [1/1] 0.00ns
:18  call void (...)* @_ssdm_op_SpecBitsMap(i1* %WBSlave_log_done_V), !map !228

ST_1: stg_25 [1/1] 0.00ns
:19  call void (...)* @_ssdm_op_SpecBitsMap(i3* %WBSlave_REG0_ADDR_V), !map !232

ST_1: stg_26 [1/1] 0.00ns
:20  call void (...)* @_ssdm_op_SpecBitsMap(i3* %WBSlave_REG1_ADDR_V), !map !236

ST_1: stg_27 [1/1] 0.00ns
:21  call void (...)* @_ssdm_op_SpecBitsMap(i3* %WBSlave_REG2_ADDR_V), !map !240

ST_1: stg_28 [1/1] 0.00ns
:22  call void (...)* @_ssdm_op_SpecBitsMap(i3* %WBSlave_REG3_ADDR_V), !map !244

ST_1: stg_29 [1/1] 0.00ns
:23  call void (...)* @_ssdm_op_SpecBitsMap(i3* %WBSlave_REG4_ADDR_V), !map !248

ST_1: stg_30 [1/1] 0.00ns
:24  call void (...)* @_ssdm_op_SpecBitsMap(i3* %WBSlave_DELAY_ADDR_V), !map !252

ST_1: stg_31 [1/1] 0.00ns
:25  call void (...)* @_ssdm_op_SpecBitsMap(i3* %WBSlave_LAST_ADDR_V), !map !256

ST_1: stg_32 [1/1] 0.00ns
:26  call void @_ssdm_op_Write.ap_auto.i3P(i3* %WBSlave_CTRL_ADDR_V, i3 0)

ST_1: stg_33 [1/1] 0.00ns
:27  call void @_ssdm_op_Write.ap_auto.i3P(i3* %WBSlave_STAT_ADDR_V, i3 1)

ST_1: stg_34 [1/1] 0.00ns
:28  call void @_ssdm_op_Write.ap_auto.i3P(i3* %WBSlave_REG0_ADDR_V, i3 2)

ST_1: stg_35 [1/1] 0.00ns
:29  call void @_ssdm_op_Write.ap_auto.i3P(i3* %WBSlave_REG1_ADDR_V, i3 3)

ST_1: stg_36 [1/1] 0.00ns
:30  call void @_ssdm_op_Write.ap_auto.i3P(i3* %WBSlave_REG2_ADDR_V, i3 -4)

ST_1: stg_37 [1/1] 0.00ns
:31  call void @_ssdm_op_Write.ap_auto.i3P(i3* %WBSlave_REG3_ADDR_V, i3 -3)

ST_1: stg_38 [1/1] 0.00ns
:32  call void @_ssdm_op_Write.ap_auto.i3P(i3* %WBSlave_REG4_ADDR_V, i3 -2)

ST_1: stg_39 [1/1] 0.00ns
:33  call void @_ssdm_op_Write.ap_auto.i3P(i3* %WBSlave_DELAY_ADDR_V, i3 -1)

ST_1: stg_40 [1/1] 0.00ns
:34  call void @_ssdm_op_Write.ap_auto.i3P(i3* %WBSlave_LAST_ADDR_V, i3 -1)

ST_1: stg_41 [1/1] 0.00ns
:35  call void (...)* @_ssdm_op_SpecTopModule([8 x i8]* @p_str8, [8 x i8]* @p_str8) nounwind

ST_1: WBSlave_ssdm_thread_M_proce [1/1] 0.00ns
:36  %WBSlave_ssdm_thread_M_proce = load i1* @WBSlave_ssdm_thread_M_processBus, align 1

ST_1: stg_43 [1/1] 0.00ns
:37  br i1 %WBSlave_ssdm_thread_M_proce, label %1, label %2

ST_1: stg_44 [1/1] 0.00ns
:0  call void (...)* @_ssdm_op_SpecProcessDecl([8 x i8]* @p_str8, i32 2, [11 x i8]* @p_str9) nounwind

ST_1: stg_45 [1/1] 0.00ns
:1  call void (...)* @_ssdm_op_SpecSensitive([11 x i8]* @p_str9, [4 x i8]* @p_str10, i1* %clk, i32 1) nounwind

ST_1: stg_46 [1/1] 0.00ns
:2  call void (...)* @_ssdm_op_SpecSensitive([11 x i8]* @p_str9, [6 x i8]* @p_str11, i1* %reset, i32 3) nounwind

ST_1: WBSlave_ssdm_thread_M_proce_1 [1/1] 0.00ns
:3  %WBSlave_ssdm_thread_M_proce_1 = load i1* @WBSlave_ssdm_thread_M_processSlave, align 1

ST_1: stg_48 [1/1] 0.00ns
:4  br i1 %WBSlave_ssdm_thread_M_proce_1, label %3, label %4

ST_1: stg_49 [1/1] 0.00ns
:0  call void (...)* @_ssdm_op_SpecProcessDecl([8 x i8]* @p_str8, i32 2, [13 x i8]* @p_str12) nounwind

ST_1: stg_50 [1/1] 0.00ns
:1  call void (...)* @_ssdm_op_SpecSensitive([13 x i8]* @p_str12, [4 x i8]* @p_str10, i1* %clk, i32 1) nounwind

ST_1: stg_51 [1/1] 0.00ns
:2  call void (...)* @_ssdm_op_SpecSensitive([13 x i8]* @p_str12, [6 x i8]* @p_str11, i1* %reset, i32 3) nounwind

ST_1: WBSlave_ssdm_thread_M_getLo [1/1] 0.00ns
:3  %WBSlave_ssdm_thread_M_getLo = load i1* @WBSlave_ssdm_thread_M_getLog, align 1

ST_1: stg_53 [1/1] 0.00ns
:4  br i1 %WBSlave_ssdm_thread_M_getLo, label %5, label %6

ST_1: stg_54 [1/1] 0.00ns
:0  call void (...)* @_ssdm_op_SpecProcessDecl([8 x i8]* @p_str8, i32 2, [7 x i8]* @p_str13) nounwind

ST_1: stg_55 [1/1] 0.00ns
:1  call void (...)* @_ssdm_op_SpecSensitive([7 x i8]* @p_str13, [4 x i8]* @p_str10, i1* %clk, i32 1) nounwind

ST_1: stg_56 [1/1] 0.00ns
:2  call void (...)* @_ssdm_op_SpecSensitive([7 x i8]* @p_str13, [6 x i8]* @p_str11, i1* %reset, i32 3) nounwind

ST_1: stg_57 [1/1] 0.00ns
:3  call void (...)* @_ssdm_op_SpecPort([8 x i8]* @p_str8, i32 0, [7 x i8]* @p_str14, [4 x i8]* @p_str10, i32 0, i32 0, i1* %clk) nounwind

ST_1: stg_58 [1/1] 0.00ns
:4  call void (...)* @_ssdm_op_SpecPort([8 x i8]* @p_str8, i32 0, [7 x i8]* @p_str14, [6 x i8]* @p_str11, i32 0, i32 0, i1* %reset) nounwind

ST_1: stg_59 [1/1] 0.00ns
:5  call void (...)* @_ssdm_op_SpecPort([8 x i8]* @p_str8, i32 0, [8 x i8]* @p_str15, [6 x i8]* @p_str16, i32 0, i32 0, i32* %adr_i) nounwind

ST_1: stg_60 [1/1] 0.00ns
:6  call void (...)* @_ssdm_op_SpecPort([8 x i8]* @p_str8, i32 0, [8 x i8]* @p_str15, [6 x i8]* @p_str17, i32 0, i32 0, i32* %dat_i) nounwind

ST_1: stg_61 [1/1] 0.00ns
:7  call void (...)* @_ssdm_op_SpecPort([8 x i8]* @p_str8, i32 0, [7 x i8]* @p_str14, [5 x i8]* @p_str18, i32 0, i32 0, i1* %we_i) nounwind

ST_1: stg_62 [1/1] 0.00ns
:8  call void (...)* @_ssdm_op_SpecPort([8 x i8]* @p_str8, i32 0, [7 x i8]* @p_str14, [6 x i8]* @p_str19, i32 0, i32 0, i1* %stb_i) nounwind

ST_1: stg_63 [1/1] 0.00ns
:9  call void (...)* @_ssdm_op_SpecPort([8 x i8]* @p_str8, i32 0, [7 x i8]* @p_str14, [6 x i8]* @p_str20, i32 0, i32 0, i1* %cyc_i) nounwind

ST_1: stg_64 [1/1] 0.00ns
:10  call void (...)* @_ssdm_op_SpecPort([8 x i8]* @p_str8, i32 0, [31 x i8]* @p_str21, [6 x i8]* @p_str22, i32 0, i32 0, i4* %sel_i) nounwind

ST_1: stg_65 [1/1] 0.00ns
:11  call void (...)* @_ssdm_op_SpecPort([8 x i8]* @p_str8, i32 1, [8 x i8]* @p_str15, [6 x i8]* @p_str23, i32 0, i32 0, i32* %dat_o) nounwind

ST_1: stg_66 [1/1] 0.00ns
:12  call void (...)* @_ssdm_op_SpecPort([8 x i8]* @p_str8, i32 1, [7 x i8]* @p_str14, [6 x i8]* @p_str24, i32 0, i32 0, i1* %ack_o) nounwind

ST_1: stg_67 [1/1] 0.00ns
:13  call void (...)* @_ssdm_op_SpecPort([8 x i8]* @p_str8, i32 1, [7 x i8]* @p_str14, [6 x i8]* @p_str25, i32 0, i32 0, i1* %int_o) nounwind

ST_1: stg_68 [1/1] 0.00ns
:14  ret void


 <State 2>: 0.00ns
ST_2: stg_69 [2/2] 0.00ns
:0  call void @"WBSlave::WBSlave_WBSlave::getLog"(i1* %clk, i1* %reset, i32* %adr_i, i32* %dat_i, i1* %we_i, i1* %stb_i, i1* %cyc_i, i4* %sel_i, i32* %dat_o, i1* %ack_o, i1* %int_o, [16 x i32]* %WBSlave_regs, [500 x i32]* %WBSlave_PBuffer, i3* %WBSlave_CTRL_ADDR_V, i3* %WBSlave_STAT_ADDR_V, float* %WBSlave_log_in, float* %WBSlave_log_out, i1* %WBSlave_log_start_V, i1* %WBSlave_log_done_V, i3* %WBSlave_REG0_ADDR_V, i3* %WBSlave_REG1_ADDR_V, i3* %WBSlave_REG2_ADDR_V, i3* %WBSlave_REG3_ADDR_V, i3* %WBSlave_REG4_ADDR_V, i3* %WBSlave_DELAY_ADDR_V, i3* %WBSlave_LAST_ADDR_V)


 <State 3>: 8.25ns
ST_3: stg_70 [1/2] 8.25ns
:0  call void @"WBSlave::WBSlave_WBSlave::getLog"(i1* %clk, i1* %reset, i32* %adr_i, i32* %dat_i, i1* %we_i, i1* %stb_i, i1* %cyc_i, i4* %sel_i, i32* %dat_o, i1* %ack_o, i1* %int_o, [16 x i32]* %WBSlave_regs, [500 x i32]* %WBSlave_PBuffer, i3* %WBSlave_CTRL_ADDR_V, i3* %WBSlave_STAT_ADDR_V, float* %WBSlave_log_in, float* %WBSlave_log_out, i1* %WBSlave_log_start_V, i1* %WBSlave_log_done_V, i3* %WBSlave_REG0_ADDR_V, i3* %WBSlave_REG1_ADDR_V, i3* %WBSlave_REG2_ADDR_V, i3* %WBSlave_REG3_ADDR_V, i3* %WBSlave_REG4_ADDR_V, i3* %WBSlave_DELAY_ADDR_V, i3* %WBSlave_LAST_ADDR_V)

ST_3: stg_71 [1/1] 0.00ns
:1  br label %UnifiedUnreachableBlock

ST_3: stg_72 [1/2] 8.25ns
:0  call void @"WBSlave::WBSlave_WBSlave::processSlave"(i1* %clk, i1* %reset, i32* %adr_i, i32* %dat_i, i1* %we_i, i1* %stb_i, i1* %cyc_i, i4* %sel_i, i32* %dat_o, i1* %ack_o, i1* %int_o, [16 x i32]* %WBSlave_regs, [500 x i32]* %WBSlave_PBuffer, i3* %WBSlave_CTRL_ADDR_V, i3* %WBSlave_STAT_ADDR_V, float* %WBSlave_log_in, float* %WBSlave_log_out, i1* %WBSlave_log_start_V, i1* %WBSlave_log_done_V, i3* %WBSlave_REG0_ADDR_V, i3* %WBSlave_REG1_ADDR_V, i3* %WBSlave_REG2_ADDR_V, i3* %WBSlave_REG3_ADDR_V, i3* %WBSlave_REG4_ADDR_V, i3* %WBSlave_DELAY_ADDR_V, i3* %WBSlave_LAST_ADDR_V)

ST_3: stg_73 [1/1] 0.00ns
:1  br label %UnifiedUnreachableBlock

ST_3: stg_74 [1/2] 4.39ns
:0  call void @"WBSlave::WBSlave_WBSlave::processBus"(i1* %clk, i1* %reset, i32* %adr_i, i32* %dat_i, i1* %we_i, i1* %stb_i, i1* %cyc_i, i4* %sel_i, i32* %dat_o, i1* %ack_o, i1* %int_o, [16 x i32]* %WBSlave_regs, [500 x i32]* %WBSlave_PBuffer, i3* %WBSlave_CTRL_ADDR_V, i3* %WBSlave_STAT_ADDR_V, float* %WBSlave_log_in, float* %WBSlave_log_out, i1* %WBSlave_log_start_V, i1* %WBSlave_log_done_V, i3* %WBSlave_REG0_ADDR_V, i3* %WBSlave_REG1_ADDR_V, i3* %WBSlave_REG2_ADDR_V, i3* %WBSlave_REG3_ADDR_V, i3* %WBSlave_REG4_ADDR_V, i3* %WBSlave_DELAY_ADDR_V, i3* %WBSlave_LAST_ADDR_V)

ST_3: stg_75 [1/1] 0.00ns
:1  br label %UnifiedUnreachableBlock

ST_3: stg_76 [1/1] 0.00ns
UnifiedUnreachableBlock:0  unreachable


 <State 4>: 0.00ns
ST_4: stg_77 [2/2] 0.00ns
:0  call void @"WBSlave::WBSlave_WBSlave::processSlave"(i1* %clk, i1* %reset, i32* %adr_i, i32* %dat_i, i1* %we_i, i1* %stb_i, i1* %cyc_i, i4* %sel_i, i32* %dat_o, i1* %ack_o, i1* %int_o, [16 x i32]* %WBSlave_regs, [500 x i32]* %WBSlave_PBuffer, i3* %WBSlave_CTRL_ADDR_V, i3* %WBSlave_STAT_ADDR_V, float* %WBSlave_log_in, float* %WBSlave_log_out, i1* %WBSlave_log_start_V, i1* %WBSlave_log_done_V, i3* %WBSlave_REG0_ADDR_V, i3* %WBSlave_REG1_ADDR_V, i3* %WBSlave_REG2_ADDR_V, i3* %WBSlave_REG3_ADDR_V, i3* %WBSlave_REG4_ADDR_V, i3* %WBSlave_DELAY_ADDR_V, i3* %WBSlave_LAST_ADDR_V)


 <State 5>: 2.99ns
ST_5: stg_78 [2/2] 2.99ns
:0  call void @"WBSlave::WBSlave_WBSlave::processBus"(i1* %clk, i1* %reset, i32* %adr_i, i32* %dat_i, i1* %we_i, i1* %stb_i, i1* %cyc_i, i4* %sel_i, i32* %dat_o, i1* %ack_o, i1* %int_o, [16 x i32]* %WBSlave_regs, [500 x i32]* %WBSlave_PBuffer, i3* %WBSlave_CTRL_ADDR_V, i3* %WBSlave_STAT_ADDR_V, float* %WBSlave_log_in, float* %WBSlave_log_out, i1* %WBSlave_log_start_V, i1* %WBSlave_log_done_V, i3* %WBSlave_REG0_ADDR_V, i3* %WBSlave_REG1_ADDR_V, i3* %WBSlave_REG2_ADDR_V, i3* %WBSlave_REG3_ADDR_V, i3* %WBSlave_REG4_ADDR_V, i3* %WBSlave_DELAY_ADDR_V, i3* %WBSlave_LAST_ADDR_V)



============================================================
+ Verbose Summary: Binding
============================================================
STG Binding: 
---------------- STG Properties BEGIN ----------------
- Is combinational: 0
- Is one-state seq: 0
- Is datapath-only: 0
- Is clock enabled: 0
- Is pipelined: 0
- Is top level: 1
Port [ Return ] is wired: 1; IO mode=ap_ctrl_hs:ce=0
Port [ clk]:  wired=1; compound=0; hidden=0; nouse=1; global=0; static=0; extern=0; dir=0; type=0; mode=0x5cc5910; pingpong=0; private_global=0; IO mode=ap_none:ce=0
Port [ reset]:  wired=1; compound=0; hidden=0; nouse=1; global=0; static=0; extern=0; dir=0; type=0; mode=0x5cc5970; pingpong=0; private_global=0; IO mode=ap_none:ce=0
Port [ adr_i]:  wired=1; compound=0; hidden=0; nouse=0; global=0; static=0; extern=0; dir=0; type=0; mode=0x5cc59d0; pingpong=0; private_global=0; IO mode=ap_none:ce=0
Port [ dat_i]:  wired=1; compound=0; hidden=0; nouse=0; global=0; static=0; extern=0; dir=0; type=0; mode=0x5cc5a30; pingpong=0; private_global=0; IO mode=ap_none:ce=0
Port [ we_i]:  wired=1; compound=0; hidden=0; nouse=0; global=0; static=0; extern=0; dir=0; type=0; mode=0x5cc5a90; pingpong=0; private_global=0; IO mode=ap_none:ce=0
Port [ stb_i]:  wired=1; compound=0; hidden=0; nouse=0; global=0; static=0; extern=0; dir=0; type=0; mode=0x5cc5af0; pingpong=0; private_global=0; IO mode=ap_none:ce=0
Port [ cyc_i]:  wired=1; compound=0; hidden=0; nouse=0; global=0; static=0; extern=0; dir=0; type=0; mode=0x5cc5b50; pingpong=0; private_global=0; IO mode=ap_none:ce=0
Port [ sel_i]:  wired=1; compound=0; hidden=0; nouse=0; global=0; static=0; extern=0; dir=0; type=0; mode=0x5cc5bb0; pingpong=0; private_global=0; IO mode=ap_none:ce=0
Port [ dat_o]:  wired=1; compound=0; hidden=0; nouse=0; global=0; static=0; extern=0; dir=1; type=0; mode=0x5cc5c10; pingpong=0; private_global=0; IO mode=ap_vld:ce=0
Port [ ack_o]:  wired=1; compound=0; hidden=0; nouse=0; global=0; static=0; extern=0; dir=1; type=0; mode=0x5cc5c70; pingpong=0; private_global=0; IO mode=ap_vld:ce=0
Port [ int_o]:  wired=1; compound=0; hidden=0; nouse=0; global=0; static=0; extern=0; dir=1; type=0; mode=0x5cc5cd0; pingpong=0; private_global=0; IO mode=ap_vld:ce=0
Port [ WBSlave_regs]:  wired=1; compound=1; hidden=1; nouse=0; global=0; static=0; extern=0; dir=2; type=1; mode=0x5cc5d30; pingpong=0; private_global=0; MemPort=[22]; IO mode=ap_memory:ce=0
Port [ WBSlave_PBuffer]:  wired=1; compound=1; hidden=1; nouse=0; global=0; static=0; extern=0; dir=2; type=1; mode=0x5cc5d90; pingpong=0; private_global=0; MemPort=[23]; IO mode=ap_memory:ce=0
Port [ WBSlave_CTRL_ADDR_V]:  wired=1; compound=0; hidden=1; nouse=0; global=0; static=0; extern=0; dir=2; type=0; mode=0x5cc5df0; pingpong=0; private_global=0; IO mode=ap_ovld:ce=0
Port [ WBSlave_STAT_ADDR_V]:  wired=1; compound=0; hidden=1; nouse=0; global=0; static=0; extern=0; dir=2; type=0; mode=0x5cc5e50; pingpong=0; private_global=0; IO mode=ap_ovld:ce=0
Port [ WBSlave_log_in]:  wired=1; compound=0; hidden=1; nouse=0; global=0; static=0; extern=0; dir=2; type=0; mode=0x5cc5eb0; pingpong=0; private_global=0; IO mode=ap_ovld:ce=0
Port [ WBSlave_log_out]:  wired=1; compound=0; hidden=1; nouse=0; global=0; static=0; extern=0; dir=2; type=0; mode=0x5cc5f10; pingpong=0; private_global=0; IO mode=ap_ovld:ce=0
Port [ WBSlave_log_start_V]:  wired=1; compound=0; hidden=1; nouse=0; global=0; static=0; extern=0; dir=2; type=0; mode=0x5cc5f70; pingpong=0; private_global=0; IO mode=ap_ovld:ce=0
Port [ WBSlave_log_done_V]:  wired=1; compound=0; hidden=1; nouse=0; global=0; static=0; extern=0; dir=2; type=0; mode=0x5cc5140; pingpong=0; private_global=0; IO mode=ap_ovld:ce=0
Port [ WBSlave_REG0_ADDR_V]:  wired=1; compound=0; hidden=1; nouse=0; global=0; static=0; extern=0; dir=2; type=0; mode=0x5cc51a0; pingpong=0; private_global=0; IO mode=ap_ovld:ce=0
Port [ WBSlave_REG1_ADDR_V]:  wired=1; compound=0; hidden=1; nouse=0; global=0; static=0; extern=0; dir=2; type=0; mode=0x5cc5200; pingpong=0; private_global=0; IO mode=ap_ovld:ce=0
Port [ WBSlave_REG2_ADDR_V]:  wired=1; compound=0; hidden=1; nouse=0; global=0; static=0; extern=0; dir=2; type=0; mode=0x5cc5260; pingpong=0; private_global=0; IO mode=ap_ovld:ce=0
Port [ WBSlave_REG3_ADDR_V]:  wired=1; compound=0; hidden=1; nouse=0; global=0; static=0; extern=0; dir=2; type=0; mode=0x5cc52c0; pingpong=0; private_global=0; IO mode=ap_ovld:ce=0
Port [ WBSlave_REG4_ADDR_V]:  wired=1; compound=0; hidden=1; nouse=0; global=0; static=0; extern=0; dir=2; type=0; mode=0x5cc5320; pingpong=0; private_global=0; IO mode=ap_ovld:ce=0
Port [ WBSlave_DELAY_ADDR_V]:  wired=1; compound=0; hidden=1; nouse=0; global=0; static=0; extern=0; dir=2; type=0; mode=0x5cc5380; pingpong=0; private_global=0; IO mode=ap_ovld:ce=0
Port [ WBSlave_LAST_ADDR_V]:  wired=1; compound=0; hidden=1; nouse=0; global=0; static=0; extern=0; dir=2; type=0; mode=0x5cc53e0; pingpong=0; private_global=0; IO mode=ap_ovld:ce=0
Port [ WBSlave_ssdm_thread_M_processBus]:  wired=0; compound=0; hidden=1; nouse=0; global=1; static=0; extern=1; dir=0; type=0; mode=0x5cc5440; pingpong=0; private_global=1; linkage=0; visibility=0; IO mode=ap_none:ce=0
Port [ WBSlave_ssdm_thread_M_processSlave]:  wired=0; compound=0; hidden=1; nouse=0; global=1; static=0; extern=1; dir=0; type=0; mode=0x5cc54a0; pingpong=0; private_global=1; linkage=0; visibility=0; IO mode=ap_none:ce=0
Port [ WBSlave_ssdm_thread_M_getLog]:  wired=0; compound=0; hidden=1; nouse=0; global=1; static=0; extern=1; dir=0; type=0; mode=0x5cc67e0; pingpong=0; private_global=1; linkage=0; visibility=0; IO mode=ap_none:ce=0
Port [ inputLUT]:  wired=0; compound=1; hidden=1; nouse=1; global=1; static=1; extern=0; dir=0; type=1; mode=0x5cc6840; pingpong=0; private_global=0; linkage=7; visibility=0; MemPort=[1]; IO mode=ap_memory:ce=0
Port [ logLUT]:  wired=0; compound=1; hidden=1; nouse=1; global=1; static=1; extern=0; dir=0; type=1; mode=0x5cc68a0; pingpong=0; private_global=0; linkage=7; visibility=0; MemPort=[1]; IO mode=ap_memory:ce=0
Port [ gradientLUT]:  wired=0; compound=1; hidden=1; nouse=1; global=1; static=1; extern=0; dir=0; type=1; mode=0x5cc6900; pingpong=0; private_global=0; linkage=7; visibility=0; MemPort=[1]; IO mode=ap_memory:ce=0
Port [ offsetLUT]:  wired=0; compound=1; hidden=1; nouse=1; global=1; static=1; extern=0; dir=0; type=1; mode=0x5cc6960; pingpong=0; private_global=0; linkage=7; visibility=0; MemPort=[1]; IO mode=ap_memory:ce=0
---------------- STG Properties END ------------------

---------------- Datapath Model BEGIN ----------------

<LifeTime>
<method=bitvector/>
stg_6                         (specbitsmap    ) [ 000000]
stg_7                         (specbitsmap    ) [ 000000]
stg_8                         (specbitsmap    ) [ 000000]
stg_9                         (specbitsmap    ) [ 000000]
stg_10                        (specbitsmap    ) [ 000000]
stg_11                        (specbitsmap    ) [ 000000]
stg_12                        (specbitsmap    ) [ 000000]
stg_13                        (specbitsmap    ) [ 000000]
stg_14                        (specbitsmap    ) [ 000000]
stg_15                        (specbitsmap    ) [ 000000]
stg_16                        (specbitsmap    ) [ 000000]
stg_17                        (specbitsmap    ) [ 000000]
stg_18                        (specbitsmap    ) [ 000000]
stg_19                        (specbitsmap    ) [ 000000]
stg_20                        (specbitsmap    ) [ 000000]
stg_21                        (specbitsmap    ) [ 000000]
stg_22                        (specbitsmap    ) [ 000000]
stg_23                        (specbitsmap    ) [ 000000]
stg_24                        (specbitsmap    ) [ 000000]
stg_25                        (specbitsmap    ) [ 000000]
stg_26                        (specbitsmap    ) [ 000000]
stg_27                        (specbitsmap    ) [ 000000]
stg_28                        (specbitsmap    ) [ 000000]
stg_29                        (specbitsmap    ) [ 000000]
stg_30                        (specbitsmap    ) [ 000000]
stg_31                        (specbitsmap    ) [ 000000]
stg_32                        (write          ) [ 000000]
stg_33                        (write          ) [ 000000]
stg_34                        (write          ) [ 000000]
stg_35                        (write          ) [ 000000]
stg_36                        (write          ) [ 000000]
stg_37                        (write          ) [ 000000]
stg_38                        (write          ) [ 000000]
stg_39                        (write          ) [ 000000]
stg_40                        (write          ) [ 000000]
stg_41                        (spectopmodule  ) [ 000000]
WBSlave_ssdm_thread_M_proce   (load           ) [ 011111]
stg_43                        (br             ) [ 000000]
stg_44                        (specprocessdecl) [ 000000]
stg_45                        (specsensitive  ) [ 000000]
stg_46                        (specsensitive  ) [ 000000]
WBSlave_ssdm_thread_M_proce_1 (load           ) [ 011111]
stg_48                        (br             ) [ 000000]
stg_49                        (specprocessdecl) [ 000000]
stg_50                        (specsensitive  ) [ 000000]
stg_51                        (specsensitive  ) [ 000000]
WBSlave_ssdm_thread_M_getLo   (load           ) [ 010000]
stg_53                        (br             ) [ 000000]
stg_54                        (specprocessdecl) [ 000000]
stg_55                        (specsensitive  ) [ 000000]
stg_56                        (specsensitive  ) [ 000000]
stg_57                        (specport       ) [ 000000]
stg_58                        (specport       ) [ 000000]
stg_59                        (specport       ) [ 000000]
stg_60                        (specport       ) [ 000000]
stg_61                        (specport       ) [ 000000]
stg_62                        (specport       ) [ 000000]
stg_63                        (specport       ) [ 000000]
stg_64                        (specport       ) [ 000000]
stg_65                        (specport       ) [ 000000]
stg_66                        (specport       ) [ 000000]
stg_67                        (specport       ) [ 000000]
stg_68                        (ret            ) [ 000000]
stg_70                        (call           ) [ 000000]
stg_71                        (br             ) [ 000000]
stg_72                        (call           ) [ 000000]
stg_73                        (br             ) [ 000000]
stg_74                        (call           ) [ 000000]
stg_75                        (br             ) [ 000000]
stg_76                        (unreachable    ) [ 000000]
</LifeTime>

<model>

<comp_list>
<comp id="0" class="1000" name="clk">
<pin_list>
<pin id="1" dir="1" index="0" bw="1" slack="0"/>
</pin_list>
<bind>
<StgValue><ssdm name="clk"/></StgValue>
</bind>
</comp>

<comp id="2" class="1000" name="reset">
<pin_list>
<pin id="3" dir="1" index="0" bw="1" slack="0"/>
</pin_list>
<bind>
<StgValue><ssdm name="reset"/></StgValue>
</bind>
</comp>

<comp id="4" class="1000" name="adr_i">
<pin_list>
<pin id="5" dir="1" index="0" bw="1" slack="0"/>
</pin_list>
<bind>
<StgValue><ssdm name="adr_i"/></StgValue>
</bind>
</comp>

<comp id="6" class="1000" name="dat_i">
<pin_list>
<pin id="7" dir="1" index="0" bw="1" slack="0"/>
</pin_list>
<bind>
<StgValue><ssdm name="dat_i"/></StgValue>
</bind>
</comp>

<comp id="8" class="1000" name="we_i">
<pin_list>
<pin id="9" dir="1" index="0" bw="1" slack="0"/>
</pin_list>
<bind>
<StgValue><ssdm name="we_i"/></StgValue>
</bind>
</comp>

<comp id="10" class="1000" name="stb_i">
<pin_list>
<pin id="11" dir="1" index="0" bw="1" slack="0"/>
</pin_list>
<bind>
<StgValue><ssdm name="stb_i"/></StgValue>
</bind>
</comp>

<comp id="12" class="1000" name="cyc_i">
<pin_list>
<pin id="13" dir="1" index="0" bw="1" slack="0"/>
</pin_list>
<bind>
<StgValue><ssdm name="cyc_i"/></StgValue>
</bind>
</comp>

<comp id="14" class="1000" name="sel_i">
<pin_list>
<pin id="15" dir="1" index="0" bw="1" slack="0"/>
</pin_list>
<bind>
<StgValue><ssdm name="sel_i"/></StgValue>
</bind>
</comp>

<comp id="16" class="1000" name="dat_o">
<pin_list>
<pin id="17" dir="1" index="0" bw="1" slack="0"/>
</pin_list>
<bind>
<StgValue><ssdm name="dat_o"/></StgValue>
</bind>
</comp>

<comp id="18" class="1000" name="ack_o">
<pin_list>
<pin id="19" dir="1" index="0" bw="1" slack="0"/>
</pin_list>
<bind>
<StgValue><ssdm name="ack_o"/></StgValue>
</bind>
</comp>

<comp id="20" class="1000" name="int_o">
<pin_list>
<pin id="21" dir="1" index="0" bw="1" slack="0"/>
</pin_list>
<bind>
<StgValue><ssdm name="int_o"/></StgValue>
</bind>
</comp>

<comp id="22" class="1000" name="WBSlave_regs">
<pin_list>
<pin id="23" dir="1" index="0" bw="1" slack="0"/>
</pin_list>
<bind>
<StgValue><ssdm name="WBSlave_regs"/><MemPortTyVec>2 2 </MemPortTyVec>
</StgValue>
</bind>
</comp>

<comp id="24" class="1000" name="WBSlave_PBuffer">
<pin_list>
<pin id="25" dir="1" index="0" bw="1" slack="0"/>
</pin_list>
<bind>
<StgValue><ssdm name="WBSlave_PBuffer"/><MemPortTyVec>2 3 </MemPortTyVec>
</StgValue>
</bind>
</comp>

<comp id="26" class="1000" name="WBSlave_CTRL_ADDR_V">
<pin_list>
<pin id="27" dir="1" index="0" bw="1" slack="0"/>
</pin_list>
<bind>
<StgValue><ssdm name="WBSlave_CTRL_ADDR_V"/></StgValue>
</bind>
</comp>

<comp id="28" class="1000" name="WBSlave_STAT_ADDR_V">
<pin_list>
<pin id="29" dir="1" index="0" bw="1" slack="0"/>
</pin_list>
<bind>
<StgValue><ssdm name="WBSlave_STAT_ADDR_V"/></StgValue>
</bind>
</comp>

<comp id="30" class="1000" name="WBSlave_log_in">
<pin_list>
<pin id="31" dir="1" index="0" bw="1" slack="0"/>
</pin_list>
<bind>
<StgValue><ssdm name="WBSlave_log_in"/></StgValue>
</bind>
</comp>

<comp id="32" class="1000" name="WBSlave_log_out">
<pin_list>
<pin id="33" dir="1" index="0" bw="1" slack="0"/>
</pin_list>
<bind>
<StgValue><ssdm name="WBSlave_log_out"/></StgValue>
</bind>
</comp>

<comp id="34" class="1000" name="WBSlave_log_start_V">
<pin_list>
<pin id="35" dir="1" index="0" bw="1" slack="0"/>
</pin_list>
<bind>
<StgValue><ssdm name="WBSlave_log_start_V"/></StgValue>
</bind>
</comp>

<comp id="36" class="1000" name="WBSlave_log_done_V">
<pin_list>
<pin id="37" dir="1" index="0" bw="1" slack="0"/>
</pin_list>
<bind>
<StgValue><ssdm name="WBSlave_log_done_V"/></StgValue>
</bind>
</comp>

<comp id="38" class="1000" name="WBSlave_REG0_ADDR_V">
<pin_list>
<pin id="39" dir="1" index="0" bw="1" slack="0"/>
</pin_list>
<bind>
<StgValue><ssdm name="WBSlave_REG0_ADDR_V"/></StgValue>
</bind>
</comp>

<comp id="40" class="1000" name="WBSlave_REG1_ADDR_V">
<pin_list>
<pin id="41" dir="1" index="0" bw="1" slack="0"/>
</pin_list>
<bind>
<StgValue><ssdm name="WBSlave_REG1_ADDR_V"/></StgValue>
</bind>
</comp>

<comp id="42" class="1000" name="WBSlave_REG2_ADDR_V">
<pin_list>
<pin id="43" dir="1" index="0" bw="1" slack="0"/>
</pin_list>
<bind>
<StgValue><ssdm name="WBSlave_REG2_ADDR_V"/></StgValue>
</bind>
</comp>

<comp id="44" class="1000" name="WBSlave_REG3_ADDR_V">
<pin_list>
<pin id="45" dir="1" index="0" bw="1" slack="0"/>
</pin_list>
<bind>
<StgValue><ssdm name="WBSlave_REG3_ADDR_V"/></StgValue>
</bind>
</comp>

<comp id="46" class="1000" name="WBSlave_REG4_ADDR_V">
<pin_list>
<pin id="47" dir="1" index="0" bw="1" slack="0"/>
</pin_list>
<bind>
<StgValue><ssdm name="WBSlave_REG4_ADDR_V"/></StgValue>
</bind>
</comp>

<comp id="48" class="1000" name="WBSlave_DELAY_ADDR_V">
<pin_list>
<pin id="49" dir="1" index="0" bw="1" slack="0"/>
</pin_list>
<bind>
<StgValue><ssdm name="WBSlave_DELAY_ADDR_V"/></StgValue>
</bind>
</comp>

<comp id="50" class="1000" name="WBSlave_LAST_ADDR_V">
<pin_list>
<pin id="51" dir="1" index="0" bw="1" slack="0"/>
</pin_list>
<bind>
<StgValue><ssdm name="WBSlave_LAST_ADDR_V"/></StgValue>
</bind>
</comp>

<comp id="52" class="1000" name="WBSlave_ssdm_thread_M_processBus">
<pin_list>
<pin id="53" dir="1" index="0" bw="1" slack="0"/>
</pin_list>
<bind>
<StgValue><ssdm name="WBSlave_ssdm_thread_M_processBus"/></StgValue>
</bind>
</comp>

<comp id="54" class="1000" name="WBSlave_ssdm_thread_M_processSlave">
<pin_list>
<pin id="55" dir="1" index="0" bw="1" slack="0"/>
</pin_list>
<bind>
<StgValue><ssdm name="WBSlave_ssdm_thread_M_processSlave"/></StgValue>
</bind>
</comp>

<comp id="56" class="1000" name="WBSlave_ssdm_thread_M_getLog">
<pin_list>
<pin id="57" dir="1" index="0" bw="1" slack="0"/>
</pin_list>
<bind>
<StgValue><ssdm name="WBSlave_ssdm_thread_M_getLog"/></StgValue>
</bind>
</comp>

<comp id="58" class="1000" name="inputLUT">
<pin_list>
<pin id="59" dir="1" index="0" bw="1" slack="0"/>
</pin_list>
<bind>
<StgValue><ssdm name="inputLUT"/><MemPortTyVec>1 </MemPortTyVec>
</StgValue>
</bind>
</comp>

<comp id="60" class="1000" name="logLUT">
<pin_list>
<pin id="61" dir="1" index="0" bw="1" slack="0"/>
</pin_list>
<bind>
<StgValue><ssdm name="logLUT"/><MemPortTyVec>1 </MemPortTyVec>
</StgValue>
</bind>
</comp>

<comp id="62" class="1000" name="gradientLUT">
<pin_list>
<pin id="63" dir="1" index="0" bw="1" slack="0"/>
</pin_list>
<bind>
<StgValue><ssdm name="gradientLUT"/><MemPortTyVec>1 </MemPortTyVec>
</StgValue>
</bind>
</comp>

<comp id="64" class="1000" name="offsetLUT">
<pin_list>
<pin id="65" dir="1" index="0" bw="1" slack="0"/>
</pin_list>
<bind>
<StgValue><ssdm name="offsetLUT"/><MemPortTyVec>1 </MemPortTyVec>
</StgValue>
</bind>
</comp>

<comp id="66" class="1001" name="const_66">
<pin_list>
<pin id="67" dir="1" index="0" bw="1" slack="2147483647"/>
</pin_list>
<bind>
<StgValue><ssdm name="_ssdm_op_SpecBitsMap"/></StgValue>
</bind>
</comp>

<comp id="68" class="1001" name="const_68">
<pin_list>
<pin id="69" dir="1" index="0" bw="1" slack="0"/>
</pin_list>
<bind>
<StgValue><ssdm name="_ssdm_op_Write.ap_auto.i3P"/></StgValue>
</bind>
</comp>

<comp id="70" class="1001" name="const_70">
<pin_list>
<pin id="71" dir="1" index="0" bw="1" slack="0"/>
</pin_list>
<bind>
<StgValue><ssdm name=""/></StgValue>
</bind>
</comp>

<comp id="72" class="1001" name="const_72">
<pin_list>
<pin id="73" dir="1" index="0" bw="1" slack="0"/>
</pin_list>
<bind>
<StgValue><ssdm name=""/></StgValue>
</bind>
</comp>

<comp id="74" class="1001" name="const_74">
<pin_list>
<pin id="75" dir="1" index="0" bw="1" slack="0"/>
</pin_list>
<bind>
<StgValue><ssdm name=""/></StgValue>
</bind>
</comp>

<comp id="76" class="1001" name="const_76">
<pin_list>
<pin id="77" dir="1" index="0" bw="1" slack="0"/>
</pin_list>
<bind>
<StgValue><ssdm name=""/></StgValue>
</bind>
</comp>

<comp id="78" class="1001" name="const_78">
<pin_list>
<pin id="79" dir="1" index="0" bw="1" slack="0"/>
</pin_list>
<bind>
<StgValue><ssdm name=""/></StgValue>
</bind>
</comp>

<comp id="80" class="1001" name="const_80">
<pin_list>
<pin id="81" dir="1" index="0" bw="1" slack="0"/>
</pin_list>
<bind>
<StgValue><ssdm name=""/></StgValue>
</bind>
</comp>

<comp id="82" class="1001" name="const_82">
<pin_list>
<pin id="83" dir="1" index="0" bw="1" slack="0"/>
</pin_list>
<bind>
<StgValue><ssdm name=""/></StgValue>
</bind>
</comp>

<comp id="84" class="1001" name="const_84">
<pin_list>
<pin id="85" dir="1" index="0" bw="1" slack="0"/>
</pin_list>
<bind>
<StgValue><ssdm name=""/></StgValue>
</bind>
</comp>

<comp id="86" class="1001" name="const_86">
<pin_list>
<pin id="87" dir="1" index="0" bw="1" slack="2147483647"/>
</pin_list>
<bind>
<StgValue><ssdm name="_ssdm_op_SpecTopModule"/></StgValue>
</bind>
</comp>

<comp id="88" class="1001" name="const_88">
<pin_list>
<pin id="89" dir="1" index="0" bw="1" slack="2147483647"/>
</pin_list>
<bind>
<StgValue><ssdm name="p_str8"/></StgValue>
</bind>
</comp>

<comp id="90" class="1001" name="const_90">
<pin_list>
<pin id="91" dir="1" index="0" bw="1" slack="2147483647"/>
</pin_list>
<bind>
<StgValue><ssdm name="_ssdm_op_SpecProcessDecl"/></StgValue>
</bind>
</comp>

<comp id="92" class="1001" name="const_92">
<pin_list>
<pin id="93" dir="1" index="0" bw="1" slack="2147483647"/>
</pin_list>
<bind>
<StgValue><ssdm name=""/></StgValue>
</bind>
</comp>

<comp id="94" class="1001" name="const_94">
<pin_list>
<pin id="95" dir="1" index="0" bw="1" slack="2147483647"/>
</pin_list>
<bind>
<StgValue><ssdm name="p_str9"/></StgValue>
</bind>
</comp>

<comp id="96" class="1001" name="const_96">
<pin_list>
<pin id="97" dir="1" index="0" bw="1" slack="2147483647"/>
</pin_list>
<bind>
<StgValue><ssdm name="_ssdm_op_SpecSensitive"/></StgValue>
</bind>
</comp>

<comp id="98" class="1001" name="const_98">
<pin_list>
<pin id="99" dir="1" index="0" bw="1" slack="2147483647"/>
</pin_list>
<bind>
<StgValue><ssdm name="p_str10"/></StgValue>
</bind>
</comp>

<comp id="100" class="1001" name="const_100">
<pin_list>
<pin id="101" dir="1" index="0" bw="1" slack="2147483647"/>
</pin_list>
<bind>
<StgValue><ssdm name=""/></StgValue>
</bind>
</comp>

<comp id="102" class="1001" name="const_102">
<pin_list>
<pin id="103" dir="1" index="0" bw="1" slack="2147483647"/>
</pin_list>
<bind>
<StgValue><ssdm name="p_str11"/></StgValue>
</bind>
</comp>

<comp id="104" class="1001" name="const_104">
<pin_list>
<pin id="105" dir="1" index="0" bw="1" slack="2147483647"/>
</pin_list>
<bind>
<StgValue><ssdm name=""/></StgValue>
</bind>
</comp>

<comp id="106" class="1001" name="const_106">
<pin_list>
<pin id="107" dir="1" index="0" bw="1" slack="2147483647"/>
</pin_list>
<bind>
<StgValue><ssdm name="p_str12"/></StgValue>
</bind>
</comp>

<comp id="108" class="1001" name="const_108">
<pin_list>
<pin id="109" dir="1" index="0" bw="1" slack="2147483647"/>
</pin_list>
<bind>
<StgValue><ssdm name="p_str13"/></StgValue>
</bind>
</comp>

<comp id="110" class="1001" name="const_110">
<pin_list>
<pin id="111" dir="1" index="0" bw="1" slack="2147483647"/>
</pin_list>
<bind>
<StgValue><ssdm name="_ssdm_op_SpecPort"/></StgValue>
</bind>
</comp>

<comp id="112" class="1001" name="const_112">
<pin_list>
<pin id="113" dir="1" index="0" bw="1" slack="2147483647"/>
</pin_list>
<bind>
<StgValue><ssdm name=""/></StgValue>
</bind>
</comp>

<comp id="114" class="1001" name="const_114">
<pin_list>
<pin id="115" dir="1" index="0" bw="1" slack="2147483647"/>
</pin_list>
<bind>
<StgValue><ssdm name="p_str14"/></StgValue>
</bind>
</comp>

<comp id="116" class="1001" name="const_116">
<pin_list>
<pin id="117" dir="1" index="0" bw="1" slack="2147483647"/>
</pin_list>
<bind>
<StgValue><ssdm name="p_str15"/></StgValue>
</bind>
</comp>

<comp id="118" class="1001" name="const_118">
<pin_list>
<pin id="119" dir="1" index="0" bw="1" slack="2147483647"/>
</pin_list>
<bind>
<StgValue><ssdm name="p_str16"/></StgValue>
</bind>
</comp>

<comp id="120" class="1001" name="const_120">
<pin_list>
<pin id="121" dir="1" index="0" bw="1" slack="2147483647"/>
</pin_list>
<bind>
<StgValue><ssdm name="p_str17"/></StgValue>
</bind>
</comp>

<comp id="122" class="1001" name="const_122">
<pin_list>
<pin id="123" dir="1" index="0" bw="1" slack="2147483647"/>
</pin_list>
<bind>
<StgValue><ssdm name="p_str18"/></StgValue>
</bind>
</comp>

<comp id="124" class="1001" name="const_124">
<pin_list>
<pin id="125" dir="1" index="0" bw="1" slack="2147483647"/>
</pin_list>
<bind>
<StgValue><ssdm name="p_str19"/></StgValue>
</bind>
</comp>

<comp id="126" class="1001" name="const_126">
<pin_list>
<pin id="127" dir="1" index="0" bw="1" slack="2147483647"/>
</pin_list>
<bind>
<StgValue><ssdm name="p_str20"/></StgValue>
</bind>
</comp>

<comp id="128" class="1001" name="const_128">
<pin_list>
<pin id="129" dir="1" index="0" bw="1" slack="2147483647"/>
</pin_list>
<bind>
<StgValue><ssdm name="p_str21"/></StgValue>
</bind>
</comp>

<comp id="130" class="1001" name="const_130">
<pin_list>
<pin id="131" dir="1" index="0" bw="1" slack="2147483647"/>
</pin_list>
<bind>
<StgValue><ssdm name="p_str22"/></StgValue>
</bind>
</comp>

<comp id="132" class="1001" name="const_132">
<pin_list>
<pin id="133" dir="1" index="0" bw="1" slack="2147483647"/>
</pin_list>
<bind>
<StgValue><ssdm name="p_str23"/></StgValue>
</bind>
</comp>

<comp id="134" class="1001" name="const_134">
<pin_list>
<pin id="135" dir="1" index="0" bw="1" slack="2147483647"/>
</pin_list>
<bind>
<StgValue><ssdm name="p_str24"/></StgValue>
</bind>
</comp>

<comp id="136" class="1001" name="const_136">
<pin_list>
<pin id="137" dir="1" index="0" bw="1" slack="2147483647"/>
</pin_list>
<bind>
<StgValue><ssdm name="p_str25"/></StgValue>
</bind>
</comp>

<comp id="138" class="1001" name="const_138">
<pin_list>
<pin id="139" dir="1" index="0" bw="1" slack="0"/>
</pin_list>
<bind>
<StgValue><ssdm name="WBSlave::WBSlave_WBSlave::getLog"/></StgValue>
</bind>
</comp>

<comp id="140" class="1001" name="const_140">
<pin_list>
<pin id="141" dir="1" index="0" bw="1" slack="0"/>
</pin_list>
<bind>
<StgValue><ssdm name="WBSlave::WBSlave_WBSlave::processSlave"/></StgValue>
</bind>
</comp>

<comp id="142" class="1001" name="const_142">
<pin_list>
<pin id="143" dir="1" index="0" bw="1" slack="0"/>
</pin_list>
<bind>
<StgValue><ssdm name="WBSlave::WBSlave_WBSlave::processBus"/></StgValue>
</bind>
</comp>

<comp id="144" class="1004" name="stg_32_write_fu_144">
<pin_list>
<pin id="145" dir="0" index="0" bw="0" slack="0"/>
<pin id="146" dir="0" index="1" bw="3" slack="0"/>
<pin id="147" dir="0" index="2" bw="1" slack="0"/>
<pin id="148" dir="1" index="3" bw="0" slack="2147483647"/>
</pin_list>
<bind>
<opcode="write(1151) " fcode="write"/>
<opset="stg_32/1 "/>
</bind>
</comp>

<comp id="152" class="1004" name="stg_33_write_fu_152">
<pin_list>
<pin id="153" dir="0" index="0" bw="0" slack="0"/>
<pin id="154" dir="0" index="1" bw="3" slack="0"/>
<pin id="155" dir="0" index="2" bw="1" slack="0"/>
<pin id="156" dir="1" index="3" bw="0" slack="2147483647"/>
</pin_list>
<bind>
<opcode="write(1151) " fcode="write"/>
<opset="stg_33/1 "/>
</bind>
</comp>

<comp id="160" class="1004" name="stg_34_write_fu_160">
<pin_list>
<pin id="161" dir="0" index="0" bw="0" slack="0"/>
<pin id="162" dir="0" index="1" bw="3" slack="0"/>
<pin id="163" dir="0" index="2" bw="3" slack="0"/>
<pin id="164" dir="1" index="3" bw="0" slack="2147483647"/>
</pin_list>
<bind>
<opcode="write(1151) " fcode="write"/>
<opset="stg_34/1 "/>
</bind>
</comp>

<comp id="168" class="1004" name="stg_35_write_fu_168">
<pin_list>
<pin id="169" dir="0" index="0" bw="0" slack="0"/>
<pin id="170" dir="0" index="1" bw="3" slack="0"/>
<pin id="171" dir="0" index="2" bw="3" slack="0"/>
<pin id="172" dir="1" index="3" bw="0" slack="2147483647"/>
</pin_list>
<bind>
<opcode="write(1151) " fcode="write"/>
<opset="stg_35/1 "/>
</bind>
</comp>

<comp id="176" class="1004" name="stg_36_write_fu_176">
<pin_list>
<pin id="177" dir="0" index="0" bw="0" slack="0"/>
<pin id="178" dir="0" index="1" bw="3" slack="0"/>
<pin id="179" dir="0" index="2" bw="3" slack="0"/>
<pin id="180" dir="1" index="3" bw="0" slack="2147483647"/>
</pin_list>
<bind>
<opcode="write(1151) " fcode="write"/>
<opset="stg_36/1 "/>
</bind>
</comp>

<comp id="184" class="1004" name="stg_37_write_fu_184">
<pin_list>
<pin id="185" dir="0" index="0" bw="0" slack="0"/>
<pin id="186" dir="0" index="1" bw="3" slack="0"/>
<pin id="187" dir="0" index="2" bw="3" slack="0"/>
<pin id="188" dir="1" index="3" bw="0" slack="2147483647"/>
</pin_list>
<bind>
<opcode="write(1151) " fcode="write"/>
<opset="stg_37/1 "/>
</bind>
</comp>

<comp id="192" class="1004" name="stg_38_write_fu_192">
<pin_list>
<pin id="193" dir="0" index="0" bw="0" slack="0"/>
<pin id="194" dir="0" index="1" bw="3" slack="0"/>
<pin id="195" dir="0" index="2" bw="2" slack="0"/>
<pin id="196" dir="1" index="3" bw="0" slack="2147483647"/>
</pin_list>
<bind>
<opcode="write(1151) " fcode="write"/>
<opset="stg_38/1 "/>
</bind>
</comp>

<comp id="200" class="1004" name="stg_39_write_fu_200">
<pin_list>
<pin id="201" dir="0" index="0" bw="0" slack="0"/>
<pin id="202" dir="0" index="1" bw="3" slack="0"/>
<pin id="203" dir="0" index="2" bw="1" slack="0"/>
<pin id="204" dir="1" index="3" bw="0" slack="2147483647"/>
</pin_list>
<bind>
<opcode="write(1151) " fcode="write"/>
<opset="stg_39/1 "/>
</bind>
</comp>

<comp id="208" class="1004" name="stg_40_write_fu_208">
<pin_list>
<pin id="209" dir="0" index="0" bw="0" slack="0"/>
<pin id="210" dir="0" index="1" bw="3" slack="0"/>
<pin id="211" dir="0" index="2" bw="1" slack="0"/>
<pin id="212" dir="1" index="3" bw="0" slack="2147483647"/>
</pin_list>
<bind>
<opcode="write(1151) " fcode="write"/>
<opset="stg_40/1 "/>
</bind>
</comp>

<comp id="216" class="1004" name="grp_WBSlave_getLog_fu_216">
<pin_list>
<pin id="217" dir="0" index="0" bw="0" slack="0"/>
<pin id="218" dir="0" index="1" bw="1" slack="0"/>
<pin id="219" dir="0" index="2" bw="1" slack="0"/>
<pin id="220" dir="0" index="3" bw="32" slack="0"/>
<pin id="221" dir="0" index="4" bw="32" slack="0"/>
<pin id="222" dir="0" index="5" bw="1" slack="0"/>
<pin id="223" dir="0" index="6" bw="1" slack="0"/>
<pin id="224" dir="0" index="7" bw="1" slack="0"/>
<pin id="225" dir="0" index="8" bw="4" slack="0"/>
<pin id="226" dir="0" index="9" bw="32" slack="0"/>
<pin id="227" dir="0" index="10" bw="1" slack="0"/>
<pin id="228" dir="0" index="11" bw="1" slack="0"/>
<pin id="229" dir="0" index="12" bw="32" slack="0"/>
<pin id="230" dir="0" index="13" bw="32" slack="0"/>
<pin id="231" dir="0" index="14" bw="3" slack="0"/>
<pin id="232" dir="0" index="15" bw="3" slack="0"/>
<pin id="233" dir="0" index="16" bw="32" slack="0"/>
<pin id="234" dir="0" index="17" bw="32" slack="0"/>
<pin id="235" dir="0" index="18" bw="1" slack="0"/>
<pin id="236" dir="0" index="19" bw="1" slack="0"/>
<pin id="237" dir="0" index="20" bw="3" slack="0"/>
<pin id="238" dir="0" index="21" bw="3" slack="0"/>
<pin id="239" dir="0" index="22" bw="3" slack="0"/>
<pin id="240" dir="0" index="23" bw="3" slack="0"/>
<pin id="241" dir="0" index="24" bw="3" slack="0"/>
<pin id="242" dir="0" index="25" bw="3" slack="0"/>
<pin id="243" dir="0" index="26" bw="3" slack="0"/>
<pin id="244" dir="0" index="27" bw="32" slack="0"/>
<pin id="245" dir="0" index="28" bw="32" slack="0"/>
<pin id="246" dir="0" index="29" bw="32" slack="0"/>
<pin id="247" dir="0" index="30" bw="32" slack="0"/>
<pin id="248" dir="1" index="31" bw="0" slack="2147483647"/>
</pin_list>
<bind>
<opcode="call(48) " fcode="call"/>
<opset="stg_69/2 "/>
</bind>
</comp>

<comp id="280" class="1004" name="grp_WBSlave_processSlave_fu_280">
<pin_list>
<pin id="281" dir="0" index="0" bw="0" slack="0"/>
<pin id="282" dir="0" index="1" bw="1" slack="0"/>
<pin id="283" dir="0" index="2" bw="1" slack="0"/>
<pin id="284" dir="0" index="3" bw="32" slack="0"/>
<pin id="285" dir="0" index="4" bw="32" slack="0"/>
<pin id="286" dir="0" index="5" bw="1" slack="0"/>
<pin id="287" dir="0" index="6" bw="1" slack="0"/>
<pin id="288" dir="0" index="7" bw="1" slack="0"/>
<pin id="289" dir="0" index="8" bw="4" slack="0"/>
<pin id="290" dir="0" index="9" bw="32" slack="0"/>
<pin id="291" dir="0" index="10" bw="1" slack="0"/>
<pin id="292" dir="0" index="11" bw="1" slack="0"/>
<pin id="293" dir="0" index="12" bw="32" slack="0"/>
<pin id="294" dir="0" index="13" bw="32" slack="0"/>
<pin id="295" dir="0" index="14" bw="3" slack="0"/>
<pin id="296" dir="0" index="15" bw="3" slack="0"/>
<pin id="297" dir="0" index="16" bw="32" slack="0"/>
<pin id="298" dir="0" index="17" bw="32" slack="0"/>
<pin id="299" dir="0" index="18" bw="1" slack="0"/>
<pin id="300" dir="0" index="19" bw="1" slack="0"/>
<pin id="301" dir="0" index="20" bw="3" slack="0"/>
<pin id="302" dir="0" index="21" bw="3" slack="0"/>
<pin id="303" dir="0" index="22" bw="3" slack="0"/>
<pin id="304" dir="0" index="23" bw="3" slack="0"/>
<pin id="305" dir="0" index="24" bw="3" slack="0"/>
<pin id="306" dir="0" index="25" bw="3" slack="0"/>
<pin id="307" dir="0" index="26" bw="3" slack="0"/>
<pin id="308" dir="1" index="27" bw="0" slack="2147483647"/>
</pin_list>
<bind>
<opcode="call(48) " fcode="call"/>
<opset="stg_77/4 "/>
</bind>
</comp>

<comp id="336" class="1004" name="grp_WBSlave_processBus_fu_336">
<pin_list>
<pin id="337" dir="0" index="0" bw="0" slack="0"/>
<pin id="338" dir="0" index="1" bw="1" slack="0"/>
<pin id="339" dir="0" index="2" bw="1" slack="0"/>
<pin id="340" dir="0" index="3" bw="32" slack="0"/>
<pin id="341" dir="0" index="4" bw="32" slack="0"/>
<pin id="342" dir="0" index="5" bw="1" slack="0"/>
<pin id="343" dir="0" index="6" bw="1" slack="0"/>
<pin id="344" dir="0" index="7" bw="1" slack="0"/>
<pin id="345" dir="0" index="8" bw="4" slack="0"/>
<pin id="346" dir="0" index="9" bw="32" slack="0"/>
<pin id="347" dir="0" index="10" bw="1" slack="0"/>
<pin id="348" dir="0" index="11" bw="1" slack="0"/>
<pin id="349" dir="0" index="12" bw="32" slack="0"/>
<pin id="350" dir="0" index="13" bw="32" slack="0"/>
<pin id="351" dir="0" index="14" bw="3" slack="0"/>
<pin id="352" dir="0" index="15" bw="3" slack="0"/>
<pin id="353" dir="0" index="16" bw="32" slack="0"/>
<pin id="354" dir="0" index="17" bw="32" slack="0"/>
<pin id="355" dir="0" index="18" bw="1" slack="0"/>
<pin id="356" dir="0" index="19" bw="1" slack="0"/>
<pin id="357" dir="0" index="20" bw="3" slack="0"/>
<pin id="358" dir="0" index="21" bw="3" slack="0"/>
<pin id="359" dir="0" index="22" bw="3" slack="0"/>
<pin id="360" dir="0" index="23" bw="3" slack="0"/>
<pin id="361" dir="0" index="24" bw="3" slack="0"/>
<pin id="362" dir="0" index="25" bw="3" slack="0"/>
<pin id="363" dir="0" index="26" bw="3" slack="0"/>
<pin id="364" dir="1" index="27" bw="0" slack="2147483647"/>
</pin_list>
<bind>
<opcode="call(48) " fcode="call"/>
<opset="stg_78/5 "/>
</bind>
</comp>

<comp id="393" class="1004" name="WBSlave_ssdm_thread_M_proce_load_fu_393">
<pin_list>
<pin id="394" dir="0" index="0" bw="1" slack="0"/>
<pin id="395" dir="1" index="1" bw="1" slack="2"/>
</pin_list>
<bind>
<opcode="load(27) " fcode="load"/>
<opset="WBSlave_ssdm_thread_M_proce/1 "/>
</bind>
</comp>

<comp id="397" class="1004" name="WBSlave_ssdm_thread_M_proce_1_load_fu_397">
<pin_list>
<pin id="398" dir="0" index="0" bw="1" slack="0"/>
<pin id="399" dir="1" index="1" bw="1" slack="2"/>
</pin_list>
<bind>
<opcode="load(27) " fcode="load"/>
<opset="WBSlave_ssdm_thread_M_proce_1/1 "/>
</bind>
</comp>

<comp id="401" class="1004" name="WBSlave_ssdm_thread_M_getLo_load_fu_401">
<pin_list>
<pin id="402" dir="0" index="0" bw="1" slack="0"/>
<pin id="403" dir="1" index="1" bw="1" slack="2147483647"/>
</pin_list>
<bind>
<opcode="load(27) " fcode="load"/>
<opset="WBSlave_ssdm_thread_M_getLo/1 "/>
</bind>
</comp>

<comp id="405" class="1005" name="WBSlave_ssdm_thread_M_proce_reg_405">
<pin_list>
<pin id="406" dir="0" index="0" bw="1" slack="2"/>
<pin id="407" dir="1" index="1" bw="1" slack="2147483647"/>
</pin_list>
<bind>
<opset="WBSlave_ssdm_thread_M_proce "/>
</bind>
</comp>

<comp id="409" class="1005" name="WBSlave_ssdm_thread_M_proce_1_reg_409">
<pin_list>
<pin id="410" dir="0" index="0" bw="1" slack="2"/>
<pin id="411" dir="1" index="1" bw="1" slack="2147483647"/>
</pin_list>
<bind>
<opset="WBSlave_ssdm_thread_M_proce_1 "/>
</bind>
</comp>

</comp_list>

<net_list>
<net id="149"><net_src comp="68" pin="0"/><net_sink comp="144" pin=0"/></net>

<net id="150"><net_src comp="26" pin="0"/><net_sink comp="144" pin=1"/></net>

<net id="151"><net_src comp="70" pin="0"/><net_sink comp="144" pin=2"/></net>

<net id="157"><net_src comp="68" pin="0"/><net_sink comp="152" pin=0"/></net>

<net id="158"><net_src comp="28" pin="0"/><net_sink comp="152" pin=1"/></net>

<net id="159"><net_src comp="72" pin="0"/><net_sink comp="152" pin=2"/></net>

<net id="165"><net_src comp="68" pin="0"/><net_sink comp="160" pin=0"/></net>

<net id="166"><net_src comp="38" pin="0"/><net_sink comp="160" pin=1"/></net>

<net id="167"><net_src comp="74" pin="0"/><net_sink comp="160" pin=2"/></net>

<net id="173"><net_src comp="68" pin="0"/><net_sink comp="168" pin=0"/></net>

<net id="174"><net_src comp="40" pin="0"/><net_sink comp="168" pin=1"/></net>

<net id="175"><net_src comp="76" pin="0"/><net_sink comp="168" pin=2"/></net>

<net id="181"><net_src comp="68" pin="0"/><net_sink comp="176" pin=0"/></net>

<net id="182"><net_src comp="42" pin="0"/><net_sink comp="176" pin=1"/></net>

<net id="183"><net_src comp="78" pin="0"/><net_sink comp="176" pin=2"/></net>

<net id="189"><net_src comp="68" pin="0"/><net_sink comp="184" pin=0"/></net>

<net id="190"><net_src comp="44" pin="0"/><net_sink comp="184" pin=1"/></net>

<net id="191"><net_src comp="80" pin="0"/><net_sink comp="184" pin=2"/></net>

<net id="197"><net_src comp="68" pin="0"/><net_sink comp="192" pin=0"/></net>

<net id="198"><net_src comp="46" pin="0"/><net_sink comp="192" pin=1"/></net>

<net id="199"><net_src comp="82" pin="0"/><net_sink comp="192" pin=2"/></net>

<net id="205"><net_src comp="68" pin="0"/><net_sink comp="200" pin=0"/></net>

<net id="206"><net_src comp="48" pin="0"/><net_sink comp="200" pin=1"/></net>

<net id="207"><net_src comp="84" pin="0"/><net_sink comp="200" pin=2"/></net>

<net id="213"><net_src comp="68" pin="0"/><net_sink comp="208" pin=0"/></net>

<net id="214"><net_src comp="50" pin="0"/><net_sink comp="208" pin=1"/></net>

<net id="215"><net_src comp="84" pin="0"/><net_sink comp="208" pin=2"/></net>

<net id="249"><net_src comp="138" pin="0"/><net_sink comp="216" pin=0"/></net>

<net id="250"><net_src comp="0" pin="0"/><net_sink comp="216" pin=1"/></net>

<net id="251"><net_src comp="2" pin="0"/><net_sink comp="216" pin=2"/></net>

<net id="252"><net_src comp="4" pin="0"/><net_sink comp="216" pin=3"/></net>

<net id="253"><net_src comp="6" pin="0"/><net_sink comp="216" pin=4"/></net>

<net id="254"><net_src comp="8" pin="0"/><net_sink comp="216" pin=5"/></net>

<net id="255"><net_src comp="10" pin="0"/><net_sink comp="216" pin=6"/></net>

<net id="256"><net_src comp="12" pin="0"/><net_sink comp="216" pin=7"/></net>

<net id="257"><net_src comp="14" pin="0"/><net_sink comp="216" pin=8"/></net>

<net id="258"><net_src comp="16" pin="0"/><net_sink comp="216" pin=9"/></net>

<net id="259"><net_src comp="18" pin="0"/><net_sink comp="216" pin=10"/></net>

<net id="260"><net_src comp="20" pin="0"/><net_sink comp="216" pin=11"/></net>

<net id="261"><net_src comp="22" pin="0"/><net_sink comp="216" pin=12"/></net>

<net id="262"><net_src comp="24" pin="0"/><net_sink comp="216" pin=13"/></net>

<net id="263"><net_src comp="26" pin="0"/><net_sink comp="216" pin=14"/></net>

<net id="264"><net_src comp="28" pin="0"/><net_sink comp="216" pin=15"/></net>

<net id="265"><net_src comp="30" pin="0"/><net_sink comp="216" pin=16"/></net>

<net id="266"><net_src comp="32" pin="0"/><net_sink comp="216" pin=17"/></net>

<net id="267"><net_src comp="34" pin="0"/><net_sink comp="216" pin=18"/></net>

<net id="268"><net_src comp="36" pin="0"/><net_sink comp="216" pin=19"/></net>

<net id="269"><net_src comp="38" pin="0"/><net_sink comp="216" pin=20"/></net>

<net id="270"><net_src comp="40" pin="0"/><net_sink comp="216" pin=21"/></net>

<net id="271"><net_src comp="42" pin="0"/><net_sink comp="216" pin=22"/></net>

<net id="272"><net_src comp="44" pin="0"/><net_sink comp="216" pin=23"/></net>

<net id="273"><net_src comp="46" pin="0"/><net_sink comp="216" pin=24"/></net>

<net id="274"><net_src comp="48" pin="0"/><net_sink comp="216" pin=25"/></net>

<net id="275"><net_src comp="50" pin="0"/><net_sink comp="216" pin=26"/></net>

<net id="276"><net_src comp="58" pin="0"/><net_sink comp="216" pin=27"/></net>

<net id="277"><net_src comp="60" pin="0"/><net_sink comp="216" pin=28"/></net>

<net id="278"><net_src comp="62" pin="0"/><net_sink comp="216" pin=29"/></net>

<net id="279"><net_src comp="64" pin="0"/><net_sink comp="216" pin=30"/></net>

<net id="309"><net_src comp="140" pin="0"/><net_sink comp="280" pin=0"/></net>

<net id="310"><net_src comp="0" pin="0"/><net_sink comp="280" pin=1"/></net>

<net id="311"><net_src comp="2" pin="0"/><net_sink comp="280" pin=2"/></net>

<net id="312"><net_src comp="4" pin="0"/><net_sink comp="280" pin=3"/></net>

<net id="313"><net_src comp="6" pin="0"/><net_sink comp="280" pin=4"/></net>

<net id="314"><net_src comp="8" pin="0"/><net_sink comp="280" pin=5"/></net>

<net id="315"><net_src comp="10" pin="0"/><net_sink comp="280" pin=6"/></net>

<net id="316"><net_src comp="12" pin="0"/><net_sink comp="280" pin=7"/></net>

<net id="317"><net_src comp="14" pin="0"/><net_sink comp="280" pin=8"/></net>

<net id="318"><net_src comp="16" pin="0"/><net_sink comp="280" pin=9"/></net>

<net id="319"><net_src comp="18" pin="0"/><net_sink comp="280" pin=10"/></net>

<net id="320"><net_src comp="20" pin="0"/><net_sink comp="280" pin=11"/></net>

<net id="321"><net_src comp="22" pin="0"/><net_sink comp="280" pin=12"/></net>

<net id="322"><net_src comp="24" pin="0"/><net_sink comp="280" pin=13"/></net>

<net id="323"><net_src comp="26" pin="0"/><net_sink comp="280" pin=14"/></net>

<net id="324"><net_src comp="28" pin="0"/><net_sink comp="280" pin=15"/></net>

<net id="325"><net_src comp="30" pin="0"/><net_sink comp="280" pin=16"/></net>

<net id="326"><net_src comp="32" pin="0"/><net_sink comp="280" pin=17"/></net>

<net id="327"><net_src comp="34" pin="0"/><net_sink comp="280" pin=18"/></net>

<net id="328"><net_src comp="36" pin="0"/><net_sink comp="280" pin=19"/></net>

<net id="329"><net_src comp="38" pin="0"/><net_sink comp="280" pin=20"/></net>

<net id="330"><net_src comp="40" pin="0"/><net_sink comp="280" pin=21"/></net>

<net id="331"><net_src comp="42" pin="0"/><net_sink comp="280" pin=22"/></net>

<net id="332"><net_src comp="44" pin="0"/><net_sink comp="280" pin=23"/></net>

<net id="333"><net_src comp="46" pin="0"/><net_sink comp="280" pin=24"/></net>

<net id="334"><net_src comp="48" pin="0"/><net_sink comp="280" pin=25"/></net>

<net id="335"><net_src comp="50" pin="0"/><net_sink comp="280" pin=26"/></net>

<net id="365"><net_src comp="142" pin="0"/><net_sink comp="336" pin=0"/></net>

<net id="366"><net_src comp="0" pin="0"/><net_sink comp="336" pin=1"/></net>

<net id="367"><net_src comp="2" pin="0"/><net_sink comp="336" pin=2"/></net>

<net id="368"><net_src comp="4" pin="0"/><net_sink comp="336" pin=3"/></net>

<net id="369"><net_src comp="6" pin="0"/><net_sink comp="336" pin=4"/></net>

<net id="370"><net_src comp="8" pin="0"/><net_sink comp="336" pin=5"/></net>

<net id="371"><net_src comp="10" pin="0"/><net_sink comp="336" pin=6"/></net>

<net id="372"><net_src comp="12" pin="0"/><net_sink comp="336" pin=7"/></net>

<net id="373"><net_src comp="14" pin="0"/><net_sink comp="336" pin=8"/></net>

<net id="374"><net_src comp="16" pin="0"/><net_sink comp="336" pin=9"/></net>

<net id="375"><net_src comp="18" pin="0"/><net_sink comp="336" pin=10"/></net>

<net id="376"><net_src comp="20" pin="0"/><net_sink comp="336" pin=11"/></net>

<net id="377"><net_src comp="22" pin="0"/><net_sink comp="336" pin=12"/></net>

<net id="378"><net_src comp="24" pin="0"/><net_sink comp="336" pin=13"/></net>

<net id="379"><net_src comp="26" pin="0"/><net_sink comp="336" pin=14"/></net>

<net id="380"><net_src comp="28" pin="0"/><net_sink comp="336" pin=15"/></net>

<net id="381"><net_src comp="30" pin="0"/><net_sink comp="336" pin=16"/></net>

<net id="382"><net_src comp="32" pin="0"/><net_sink comp="336" pin=17"/></net>

<net id="383"><net_src comp="34" pin="0"/><net_sink comp="336" pin=18"/></net>

<net id="384"><net_src comp="36" pin="0"/><net_sink comp="336" pin=19"/></net>

<net id="385"><net_src comp="38" pin="0"/><net_sink comp="336" pin=20"/></net>

<net id="386"><net_src comp="40" pin="0"/><net_sink comp="336" pin=21"/></net>

<net id="387"><net_src comp="42" pin="0"/><net_sink comp="336" pin=22"/></net>

<net id="388"><net_src comp="44" pin="0"/><net_sink comp="336" pin=23"/></net>

<net id="389"><net_src comp="46" pin="0"/><net_sink comp="336" pin=24"/></net>

<net id="390"><net_src comp="48" pin="0"/><net_sink comp="336" pin=25"/></net>

<net id="391"><net_src comp="50" pin="0"/><net_sink comp="336" pin=26"/></net>

<net id="396"><net_src comp="52" pin="0"/><net_sink comp="393" pin=0"/></net>

<net id="400"><net_src comp="54" pin="0"/><net_sink comp="397" pin=0"/></net>

<net id="404"><net_src comp="56" pin="0"/><net_sink comp="401" pin=0"/></net>

<net id="408"><net_src comp="393" pin="1"/><net_sink comp="405" pin=0"/></net>

<net id="412"><net_src comp="397" pin="1"/><net_sink comp="409" pin=0"/></net>

</net_list>

</model> 
---------------- Datapath Model END ------------------

* FSMD analyzer results:
  - Output states:
	Port: dat_o | {3 5 }
	Port: ack_o | {3 5 }
	Port: int_o | {3 5 }
	Port: WBSlave_CTRL_ADDR_V | {1 }
	Port: WBSlave_STAT_ADDR_V | {1 }
	Port: WBSlave_log_in | {3 4 }
	Port: WBSlave_log_out | {2 3 }
	Port: WBSlave_log_start_V | {2 3 4 }
	Port: WBSlave_log_done_V | {2 3 }
	Port: WBSlave_REG0_ADDR_V | {1 }
	Port: WBSlave_REG1_ADDR_V | {1 }
	Port: WBSlave_REG2_ADDR_V | {1 }
	Port: WBSlave_REG3_ADDR_V | {1 }
	Port: WBSlave_REG4_ADDR_V | {1 }
	Port: WBSlave_DELAY_ADDR_V | {1 }
	Port: WBSlave_LAST_ADDR_V | {1 }
  - Chain level:
	State 1
		stg_43 : 1
		stg_48 : 1
		stg_53 : 1
	State 2
	State 3
	State 4
	State 5


============================================================
+ Verbose Summary: Datapath Resource usage 
============================================================

* Functional unit list:
|----------|---------------------------------|---------|---------|---------|---------|---------|
| Operation|         Functional Unit         |   BRAM  |  DSP48A |  Delay  |    FF   |   LUT   |
|----------|---------------------------------|---------|---------|---------|---------|---------|
|          |    grp_WBSlave_getLog_fu_216    |    0    |    5    |  26.163 |   1996  |   2570  |
|   call   | grp_WBSlave_processSlave_fu_280 |    1    |    5    |  31.34  |   2193  |   3167  |
|          |  grp_WBSlave_processBus_fu_336  |    0    |    0    |  17.069 |   1054  |   1299  |
|----------|---------------------------------|---------|---------|---------|---------|---------|
|          |       stg_32_write_fu_144       |    0    |    0    |    0    |    0    |    0    |
|          |       stg_33_write_fu_152       |    0    |    0    |    0    |    0    |    0    |
|          |       stg_34_write_fu_160       |    0    |    0    |    0    |    0    |    0    |
|          |       stg_35_write_fu_168       |    0    |    0    |    0    |    0    |    0    |
|   write  |       stg_36_write_fu_176       |    0    |    0    |    0    |    0    |    0    |
|          |       stg_37_write_fu_184       |    0    |    0    |    0    |    0    |    0    |
|          |       stg_38_write_fu_192       |    0    |    0    |    0    |    0    |    0    |
|          |       stg_39_write_fu_200       |    0    |    0    |    0    |    0    |    0    |
|          |       stg_40_write_fu_208       |    0    |    0    |    0    |    0    |    0    |
|----------|---------------------------------|---------|---------|---------|---------|---------|
|   Total  |                                 |    1    |    10   |  74.572 |   5243  |   7036  |
|----------|---------------------------------|---------|---------|---------|---------|---------|

Memories:
+---------------+--------+--------+--------+
|               |  BRAM  |   FF   |   LUT  |
+---------------+--------+--------+--------+
|WBSlave_PBuffer|    1   |    -   |    -   |
|  WBSlave_regs |    0   |    -   |    -   |
|  gradientLUT  |    1   |    0   |    0   |
|    inputLUT   |    1   |    0   |    0   |
|     logLUT    |    1   |    0   |    0   |
|   offsetLUT   |    1   |    0   |    0   |
+---------------+--------+--------+--------+
|     Total     |    5   |    0   |    0   |
+---------------+--------+--------+--------+

* Register list:
+-------------------------------------+--------+
|                                     |   FF   |
+-------------------------------------+--------+
|WBSlave_ssdm_thread_M_proce_1_reg_409|    1   |
| WBSlave_ssdm_thread_M_proce_reg_405 |    1   |
+-------------------------------------+--------+
|                Total                |    2   |
+-------------------------------------+--------+

* Multiplexer (MUX) list: 
|--------|------|------|------|--------|
|  Comp  |  Pin | Size |  BW  | S x BW |
|--------|------|------|------|--------|
|  Total |      |      |      |    0   |
|--------|------|------|------|--------|



* Summary:
+-----------+--------+--------+--------+--------+--------+
|           |  BRAM  | DSP48A |  Delay |   FF   |   LUT  |
+-----------+--------+--------+--------+--------+--------+
|  Function |    1   |   10   |   74   |  5243  |  7036  |
|   Memory  |    5   |    -   |    -   |    0   |    0   |
|Multiplexer|    -   |    -   |    -   |    -   |    -   |
|  Register |    -   |    -   |    -   |    2   |    -   |
+-----------+--------+--------+--------+--------+--------+
|   Total   |    6   |   10   |   74   |  5245  |  7036  |
+-----------+--------+--------+--------+--------+--------+
