

================================================================
== Vivado HLS Report for 'WBSlave_processSlave'
================================================================
* Date:           Wed Jun 29 18:15:45 2016

* Version:        2014.4 (Build 1071461 on Tue Nov 18 16:42:57 PM 2014)
* Project:        floatpoint
* Solution:       solution1
* Product family: spartan6
* Target device:  xc6slx150tfgg484-3


================================================================
== Performance Estimates
================================================================
+ Timing (ns): 
    * Summary: 
    +---------+-------+----------+------------+
    |  Clock  | Target| Estimated| Uncertainty|
    +---------+-------+----------+------------+
    |default  |  10.00|      8.53|        1.25|
    +---------+-------+----------+------------+

+ Latency (clock cycles): 
    * Summary: 
    +------+---------+------+---------+---------+
    |     Latency    |    Interval    | Pipeline|
    |  min |   max   |  min |   max   |   Type  |
    +------+---------+------+---------+---------+
    |  9472|  1185288|  9472|  1185288|   none  |
    +------+---------+------+---------+---------+

    + Detail: 
        * Instance: 
        N/A

        * Loop: 
        +-----------------+------+---------+----------------+-----------+-----------+---------+----------+
        |                 |     Latency    |    Iteration   |  Initiation Interval  |   Trip  |          |
        |    Loop Name    |  min |   max   |     Latency    |  achieved |   target  |  Count  | Pipelined|
        +-----------------+------+---------+----------------+-----------+-----------+---------+----------+
        |- Loop 1         |  9469|  1185285| 9469 ~ 1185285 |          -|          -|   inf   |    no    |
        | + Loop 1.1      |  4352|     4352|              17|          -|          -|      256|    no    |
        | + Loop 1.2      |  1280|     4096|     5 ~ 16     |          -|          -|      256|    no    |
        | + Loop 1.3      |  3825|  1176825|    15 ~ 4615   |          -|          -|      255|    no    |
        |  ++ Loop 1.3.1  |     7|     4590|     7 ~ 18     |          -|          -| 1 ~ 255 |    no    |
        +-----------------+------+---------+----------------+-----------+-----------+---------+----------+



================================================================
== Utilization Estimates
================================================================
* Summary: 
+-----------------+---------+-------+--------+-------+
|       Name      | BRAM_18K| DSP48A|   FF   |  LUT  |
+-----------------+---------+-------+--------+-------+
|Expression       |        -|      -|       0|    376|
|FIFO             |        -|      -|       -|      -|
|Instance         |        -|      5|    1298|   2313|
|Memory           |        1|      -|       -|      -|
|Multiplexer      |        -|      -|       -|    844|
|Register         |        -|      -|     862|      -|
+-----------------+---------+-------+--------+-------+
|Total            |        1|      5|    2160|   3533|
+-----------------+---------+-------+--------+-------+
|Available        |      268|    180|  184304|  92152|
+-----------------+---------+-------+--------+-------+
|Utilization (%)  |    ~0   |      2|       1|      3|
+-----------------+---------+-------+--------+-------+

+ Detail: 
    * Instance: 
    +--------------------------------------------+----------------------------------------+---------+-------+-----+-----+
    |                  Instance                  |                 Module                 | BRAM_18K| DSP48A|  FF | LUT |
    +--------------------------------------------+----------------------------------------+---------+-------+-----+-----+
    |WBSlave_faddfsub_32ns_32ns_32_4_no_dsp_U29  |WBSlave_faddfsub_32ns_32ns_32_4_no_dsp  |        0|      0|  168|  438|
    |WBSlave_fcmp_32ns_32ns_1_3_U34              |WBSlave_fcmp_32ns_32ns_1_3              |        0|      0|   66|   72|
    |WBSlave_fcmp_32ns_32ns_1_3_U35              |WBSlave_fcmp_32ns_32ns_1_3              |        0|      0|   66|   72|
    |WBSlave_fdiv_32ns_32ns_32_10_U32            |WBSlave_fdiv_32ns_32ns_32_10            |        0|      0|  455|  820|
    |WBSlave_fmul_32ns_32ns_32_7_max_dsp_U31     |WBSlave_fmul_32ns_32ns_32_7_max_dsp     |        0|      5|  205|  135|
    |WBSlave_fsub_32ns_32ns_32_4_no_dsp_U30      |WBSlave_fsub_32ns_32ns_32_4_no_dsp      |        0|      0|  168|  438|
    |WBSlave_uitofp_32ns_32_4_U33                |WBSlave_uitofp_32ns_32_4                |        0|      0|  170|  338|
    +--------------------------------------------+----------------------------------------+---------+-------+-----+-----+
    |Total                                       |                                        |        0|      5| 1298| 2313|
    +--------------------------------------------+----------------------------------------+---------+-------+-----+-----+

    * Memory: 
    +--------+---------------------------+---------+---+----+------+-----+------+-------------+
    | Memory |           Module          | BRAM_18K| FF| LUT| Words| Bits| Banks| W*Bits*Banks|
    +--------+---------------------------+---------+---+----+------+-----+------+-------------+
    |prob_U  |WBSlave_processSlave_prob  |        1|  0|   0|   256|   32|     1|         8192|
    +--------+---------------------------+---------+---+----+------+-----+------+-------------+
    |Total   |                           |        1|  0|   0|   256|   32|     1|         8192|
    +--------+---------------------------+---------+---+----+------+-----+------+-------------+

    * FIFO: 
    N/A

    * Expression: 
    +---------------------+----------+-------+---+----+------------+------------+
    |    Variable Name    | Operation| DSP48A| FF| LUT| Bitwidth P0| Bitwidth P1|
    +---------------------+----------+-------+---+----+------------+------------+
    |i_10_fu_845_p2       |     +    |      0|  0|   9|           9|           1|
    |i_8_fu_535_p2        |     +    |      0|  0|   9|           9|           1|
    |i_9_fu_563_p2        |     +    |      0|  0|   9|           9|           1|
    |j_1_fu_648_p2        |     +    |      0|  0|   8|           8|           1|
    |tmp_33_fu_541_p2     |     +    |      0|  0|   9|           9|           7|
    |or_cond_fu_743_p2    |    and   |      0|  0|   1|           1|           1|
    |tmp_25_fu_610_p2     |    and   |      0|  0|   1|           1|           1|
    |tmp_30_fu_737_p2     |    and   |      0|  0|   1|           1|           1|
    |tmp_50_fu_695_p2     |    and   |      0|  0|   1|           1|           1|
    |tmp_63_fu_829_p2     |    and   |      0|  0|   1|           1|           1|
    |tmp_66_fu_835_p2     |    and   |      0|  0|   1|           1|           1|
    |exitcond1_fu_529_p2  |   icmp   |      0|  0|  10|           9|          10|
    |exitcond2_fu_557_p2  |   icmp   |      0|  0|  10|           9|          10|
    |exitcond3_fu_624_p2  |   icmp   |      0|  0|  10|           9|          10|
    |exitcond_fu_643_p2   |   icmp   |      0|  0|  10|          10|          10|
    |notlhs1_fu_719_p2    |   icmp   |      0|  0|   7|           8|           2|
    |notlhs3_fu_793_p2    |   icmp   |      0|  0|   7|           8|           2|
    |notlhs4_fu_811_p2    |   icmp   |      0|  0|   7|           8|           2|
    |notlhs9_fu_677_p2    |   icmp   |      0|  0|   7|           8|           2|
    |notlhs_fu_592_p2     |   icmp   |      0|  0|   7|           8|           2|
    |notrhs1_fu_725_p2    |   icmp   |      0|  0|  27|          23|           1|
    |notrhs3_fu_683_p2    |   icmp   |      0|  0|  27|          23|           1|
    |notrhs4_fu_799_p2    |   icmp   |      0|  0|  27|          23|           1|
    |notrhs5_fu_817_p2    |   icmp   |      0|  0|  27|          23|           1|
    |notrhs_fu_598_p2     |   icmp   |      0|  0|  27|          23|           1|
    |tmp_42_fu_858_p2     |   icmp   |      0|  0|  39|          32|           1|
    |tmp_s_fu_517_p2      |   icmp   |      0|  0|  39|          32|           1|
    |tmp_23_fu_604_p2     |    or    |      0|  0|   1|           1|           1|
    |tmp_28_fu_731_p2     |    or    |      0|  0|   1|           1|           1|
    |tmp_41_fu_851_p2     |    or    |      0|  0|  33|          32|           1|
    |tmp_48_fu_689_p2     |    or    |      0|  0|   1|           1|           1|
    |tmp_61_fu_805_p2     |    or    |      0|  0|   1|           1|           1|
    |tmp_62_fu_823_p2     |    or    |      0|  0|   1|           1|           1|
    +---------------------+----------+-------+---+----+------------+------------+
    |Total                |          |      0|  0| 376|         343|          80|
    +---------------------+----------+-------+---+----+------------+------------+

    * Multiplexer: 
    +--------------------------+-----+-----------+-----+-----------+
    |           Name           | LUT | Input Size| Bits| Total Bits|
    +--------------------------+-----+-----------+-----+-----------+
    |Hn_1_reg_332              |   32|          2|   32|         64|
    |Hn_reg_320                |   32|          2|   32|         64|
    |Hs_1_reg_403              |   32|          2|   32|         64|
    |Hs_reg_391                |   32|          2|   32|         64|
    |Ps_reg_379                |   32|          2|   32|         64|
    |WBSlave_PBuffer_address0  |    9|          3|    9|         27|
    |WBSlave_log_in            |   32|          3|   32|         96|
    |WBSlave_regs_address0     |    4|          6|    4|         24|
    |WBSlave_regs_d0           |   32|          3|   32|         96|
    |ap_NS_fsm                 |  196|         88|    1|         88|
    |grp_fu_428_opcode         |    2|          3|    2|          6|
    |grp_fu_428_p0             |   32|          6|   32|        192|
    |grp_fu_428_p1             |   32|          5|   32|        160|
    |grp_fu_443_p0             |   32|          3|   32|         96|
    |grp_fu_443_p1             |   32|          3|   32|         96|
    |grp_fu_449_p0             |   32|          4|   32|        128|
    |grp_fu_449_p1             |   32|          4|   32|        128|
    |grp_fu_455_p0             |   32|          3|   32|         96|
    |grp_fu_458_opcode         |    5|          3|    5|         15|
    |grp_fu_458_p0             |   32|          5|   32|        160|
    |grp_fu_458_p1             |   32|          3|   32|         96|
    |i_1_reg_309               |    9|          2|    9|         18|
    |i_reg_297                 |    9|          2|    9|         18|
    |j_reg_368                 |    8|          2|    8|         16|
    |prob_address0             |    8|          4|    8|         32|
    |psiMax_1_reg_415          |   32|          2|   32|         64|
    |psiMax_reg_356            |   32|          2|   32|         64|
    |thresh_1_reg_344          |    9|          2|    9|         18|
    |thresh_fu_170             |    9|          2|    9|         18|
    +--------------------------+-----+-----------+-----+-----------+
    |Total                     |  844|        173|  649|       2072|
    +--------------------------+-----+-----------+-----+-----------+

    * Register: 
    +------------------------------+----+----+-----+-----------+
    |             Name             | FF | LUT| Bits| Const Bits|
    +------------------------------+----+----+-----+-----------+
    |Hn_1_reg_332                  |  32|   0|   32|          0|
    |Hn_2_reg_958                  |  32|   0|   32|          0|
    |Hn_reg_320                    |  32|   0|   32|          0|
    |Hs_1_reg_403                  |  32|   0|   32|          0|
    |Hs_2_reg_1002                 |  32|   0|   32|          0|
    |Hs_reg_391                    |  32|   0|   32|          0|
    |Ps_1_reg_994                  |  32|   0|   32|          0|
    |Ps_reg_379                    |  32|   0|   32|          0|
    |WBSlave_PBuffer_addr_reg_883  |   0|   0|    9|          9|
    |WBSlave_PBuffer_load_reg_932  |  32|   0|   32|          0|
    |WBSlave_regs_addr_5_reg_976   |   3|   0|    4|          1|
    |WBSlave_regs_addr_reg_909     |   3|   0|    4|          1|
    |WBSlave_regs_load_10_reg_904  |  32|   0|   32|          0|
    |ap_CS_fsm                     |  87|   0|   87|          0|
    |i_10_reg_1025                 |   9|   0|    9|          0|
    |i_1_reg_309                   |   9|   0|    9|          0|
    |i_8_reg_922                   |   9|   0|    9|          0|
    |i_9_reg_945                   |   9|   0|    9|          0|
    |i_reg_297                     |   9|   0|    9|          0|
    |j_1_reg_984                   |   8|   0|    8|          0|
    |j_reg_368                     |   8|   0|    8|          0|
    |n_reg_914                     |  32|   0|   32|          0|
    |psiMax_1_reg_415              |  32|   0|   32|          0|
    |psiMax_3_fu_166               |  32|   0|   32|          0|
    |psiMax_4_reg_1015             |  32|   0|   32|          0|
    |psiMax_reg_356                |  32|   0|   32|          0|
    |reg_477                       |  32|   0|   32|          0|
    |reg_483                       |  32|   0|   32|          0|
    |reg_491                       |  32|   0|   32|          0|
    |reg_496                       |  32|   0|   32|          0|
    |temp_reg_937                  |  32|   0|   32|          0|
    |thresh_1_reg_344              |   9|   0|    9|          0|
    |thresh_3_cast2_reg_963        |   9|   0|   32|         23|
    |thresh_3_cast_reg_968         |   9|   0|   10|          1|
    |thresh_fu_170                 |   9|   0|   32|         23|
    |tmp_55_reg_1010               |  32|   0|   32|          0|
    +------------------------------+----+----+-----+-----------+
    |Total                         | 862|   0|  920|         58|
    +------------------------------+----+----+-----+-----------+



================================================================
== Interface
================================================================
* Summary: 
+----------------------------+-----+-----+------------+----------------------------------------+--------------+
|          RTL Ports         | Dir | Bits|  Protocol  |              Source Object             |    C Type    |
+----------------------------+-----+-----+------------+----------------------------------------+--------------+
|ap_clk                      |  in |    1| ap_ctrl_hs | WBSlave::WBSlave_WBSlave::processSlave | return value |
|ap_rst                      |  in |    1| ap_ctrl_hs | WBSlave::WBSlave_WBSlave::processSlave | return value |
|WBSlave_regs_address0       | out |    4|  ap_memory |              WBSlave_regs              |     array    |
|WBSlave_regs_ce0            | out |    1|  ap_memory |              WBSlave_regs              |     array    |
|WBSlave_regs_we0            | out |    1|  ap_memory |              WBSlave_regs              |     array    |
|WBSlave_regs_d0             | out |   32|  ap_memory |              WBSlave_regs              |     array    |
|WBSlave_regs_q0             |  in |   32|  ap_memory |              WBSlave_regs              |     array    |
|WBSlave_PBuffer_address0    | out |    9|  ap_memory |             WBSlave_PBuffer            |     array    |
|WBSlave_PBuffer_ce0         | out |    1|  ap_memory |             WBSlave_PBuffer            |     array    |
|WBSlave_PBuffer_we0         | out |    1|  ap_memory |             WBSlave_PBuffer            |     array    |
|WBSlave_PBuffer_d0          | out |   32|  ap_memory |             WBSlave_PBuffer            |     array    |
|WBSlave_PBuffer_q0          |  in |   32|  ap_memory |             WBSlave_PBuffer            |     array    |
|WBSlave_CTRL_ADDR_V         |  in |    3|   ap_none  |           WBSlave_CTRL_ADDR_V          |    pointer   |
|WBSlave_STAT_ADDR_V         |  in |    3|   ap_none  |           WBSlave_STAT_ADDR_V          |    pointer   |
|WBSlave_log_in              | out |   32|   ap_vld   |             WBSlave_log_in             |    pointer   |
|WBSlave_log_in_ap_vld       | out |    1|   ap_vld   |             WBSlave_log_in             |    pointer   |
|WBSlave_log_out             |  in |   32|   ap_none  |             WBSlave_log_out            |    pointer   |
|WBSlave_log_start_V         | out |    1|   ap_vld   |           WBSlave_log_start_V          |    pointer   |
|WBSlave_log_start_V_ap_vld  | out |    1|   ap_vld   |           WBSlave_log_start_V          |    pointer   |
|WBSlave_log_done_V          |  in |    1|   ap_none  |           WBSlave_log_done_V           |    pointer   |
|WBSlave_REG1_ADDR_V         |  in |    3|   ap_none  |           WBSlave_REG1_ADDR_V          |    pointer   |
+----------------------------+-----+-----+------------+----------------------------------------+--------------+

