

================================================================
== Vivado HLS Report for 'WBSlave'
================================================================
* Date:           Wed Jun 29 18:15:46 2016

* Version:        2014.4 (Build 1071461 on Tue Nov 18 16:42:57 PM 2014)
* Project:        floatpoint
* Solution:       solution1
* Product family: spartan6
* Target device:  xc6slx150tfgg484-3


================================================================
== Performance Estimates
================================================================
+ Timing (ns): 
    * Summary: 
    +---------+-------+----------+------------+
    |  Clock  | Target| Estimated| Uncertainty|
    +---------+-------+----------+------------+
    |default  |  10.00|      8.53|        1.25|
    +---------+-------+----------+------------+

+ Latency (clock cycles): 
    * Summary: 
    +-----+-----+-----+-----+---------+
    |  Latency  |  Interval | Pipeline|
    | min | max | min | max |   Type  |
    +-----+-----+-----+-----+---------+
    |    ?|    ?|    ?|    ?|   none  |
    +-----+-----+-----+-----+---------+

    + Detail: 
        * Instance: 
        +---------------------------------+----------------------+------+---------+------+---------+---------+
        |                                 |                      |     Latency    |    Interval    | Pipeline|
        |             Instance            |        Module        |  min |   max   |  min |   max   |   Type  |
        +---------------------------------+----------------------+------+---------+------+---------+---------+
        |grp_WBSlave_getLog_fu_216        |WBSlave_getLog        |     ?|        ?|     ?|        ?|   none  |
        |grp_WBSlave_processSlave_fu_280  |WBSlave_processSlave  |  9472|  1185288|  9472|  1185288|   none  |
        |grp_WBSlave_processBus_fu_336    |WBSlave_processBus    |     6|        ?|     6|        ?|   none  |
        +---------------------------------+----------------------+------+---------+------+---------+---------+

        * Loop: 
        N/A



================================================================
== Utilization Estimates
================================================================
* Summary: 
+-----------------+---------+-------+--------+-------+
|       Name      | BRAM_18K| DSP48A|   FF   |  LUT  |
+-----------------+---------+-------+--------+-------+
|Expression       |        -|      -|       -|      -|
|FIFO             |        -|      -|       -|      -|
|Instance         |        5|     10|    4473|   7901|
|Memory           |        1|      -|       -|      -|
|Multiplexer      |        -|      -|       -|     82|
|Register         |        -|      -|     100|      -|
+-----------------+---------+-------+--------+-------+
|Total            |        6|     10|    4573|   7983|
+-----------------+---------+-------+--------+-------+
|Available        |      268|    180|  184304|  92152|
+-----------------+---------+-------+--------+-------+
|Utilization (%)  |        2|      5|       2|      8|
+-----------------+---------+-------+--------+-------+

+ Detail: 
    * Instance: 
    +---------------------------------+----------------------+---------+-------+------+------+
    |             Instance            |        Module        | BRAM_18K| DSP48A|  FF  |  LUT |
    +---------------------------------+----------------------+---------+-------+------+------+
    |grp_WBSlave_getLog_fu_216        |WBSlave_getLog        |        4|      5|  1775|  2650|
    |grp_WBSlave_processBus_fu_336    |WBSlave_processBus    |        0|      0|   538|  1718|
    |grp_WBSlave_processSlave_fu_280  |WBSlave_processSlave  |        1|      5|  2160|  3533|
    +---------------------------------+----------------------+---------+-------+------+------+
    |Total                            |                      |        5|     10|  4473|  7901|
    +---------------------------------+----------------------+---------+-------+------+------+

    * Memory: 
    +-------------------+-------------------------+---------+---+----+------+-----+------+-------------+
    |       Memory      |          Module         | BRAM_18K| FF| LUT| Words| Bits| Banks| W*Bits*Banks|
    +-------------------+-------------------------+---------+---+----+------+-----+------+-------------+
    |WBSlave_PBuffer_U  |WBSlave_WBSlave_PBuffer  |        1|  0|   0|   500|   32|     1|        16000|
    |WBSlave_regs_U     |WBSlave_WBSlave_regs     |        0|  0|   0|    16|   32|     1|          512|
    +-------------------+-------------------------+---------+---+----+------+-----+------+-------------+
    |Total              |                         |        1|  0|   0|   516|   64|     2|        16512|
    +-------------------+-------------------------+---------+---+----+------+-----+------+-------------+

    * FIFO: 
    N/A

    * Expression: 
    N/A

    * Multiplexer: 
    +--------------------------+----+-----------+-----+-----------+
    |           Name           | LUT| Input Size| Bits| Total Bits|
    +--------------------------+----+-----------+-----+-----------+
    |WBSlave_PBuffer_address0  |   9|          3|    9|         27|
    |WBSlave_PBuffer_ce0       |   1|          3|    1|          3|
    |WBSlave_PBuffer_d0        |  32|          3|   32|         96|
    |WBSlave_PBuffer_we0       |   1|          3|    1|          3|
    |WBSlave_log_start_V       |   1|          2|    1|          2|
    |WBSlave_regs_address0     |   4|          3|    4|         12|
    |WBSlave_regs_ce0          |   1|          3|    1|          3|
    |WBSlave_regs_d0           |  32|          3|   32|         96|
    |WBSlave_regs_we0          |   1|          3|    1|          3|
    +--------------------------+----+-----------+-----+-----------+
    |Total                     |  82|         26|   82|        245|
    +--------------------------+----+-----------+-----+-----------+

    * Register: 
    +---------------------+----+----+-----+-----------+
    |         Name        | FF | LUT| Bits| Const Bits|
    +---------------------+----+----+-----+-----------+
    |WBSlave_log_done_V   |   1|   0|    1|          0|
    |WBSlave_log_in       |  32|   0|   32|          0|
    |WBSlave_log_out      |  32|   0|   32|          0|
    |WBSlave_log_start_V  |   1|   0|    1|          0|
    |ack_o                |   1|   0|    1|          0|
    |dat_o                |  32|   0|   32|          0|
    |int_o                |   1|   0|    1|          0|
    +---------------------+----+----+-----+-----------+
    |Total                | 100|   0|  100|          0|
    +---------------------+----+----+-----+-----------+



================================================================
== Interface
================================================================
* Summary: 
+----------+-----+-----+------------+------------------+--------------+
| RTL Ports| Dir | Bits|  Protocol  |   Source Object  |    C Type    |
+----------+-----+-----+------------+------------------+--------------+
|clk       |  in |    1| ap_ctrl_hs | WBSlave::WBSlave | return value |
|reset     |  in |    1| ap_ctrl_hs | WBSlave::WBSlave | return value |
|adr_i     |  in |   32|   ap_none  |       adr_i      |    pointer   |
|dat_i     |  in |   32|   ap_none  |       dat_i      |    pointer   |
|we_i      |  in |    1|   ap_none  |       we_i       |    pointer   |
|stb_i     |  in |    1|   ap_none  |       stb_i      |    pointer   |
|cyc_i     |  in |    1|   ap_none  |       cyc_i      |    pointer   |
|sel_i     |  in |    4|   ap_none  |       sel_i      |    pointer   |
|dat_o     | out |   32|   ap_vld   |       dat_o      |    pointer   |
|ack_o     | out |    1|   ap_vld   |       ack_o      |    pointer   |
|int_o     | out |    1|   ap_vld   |       int_o      |    pointer   |
+----------+-----+-----+------------+------------------+--------------+

