

================================================================
== Vivado HLS Report for 'WBSlave_getLog'
================================================================
* Date:           Wed Jun 29 18:15:42 2016

* Version:        2014.4 (Build 1071461 on Tue Nov 18 16:42:57 PM 2014)
* Project:        floatpoint
* Solution:       solution1
* Product family: spartan6
* Target device:  xc6slx150tfgg484-3


================================================================
== Performance Estimates
================================================================
+ Timing (ns): 
    * Summary: 
    +---------+-------+----------+------------+
    |  Clock  | Target| Estimated| Uncertainty|
    +---------+-------+----------+------------+
    |default  |  10.00|      8.53|        1.25|
    +---------+-------+----------+------------+

+ Latency (clock cycles): 
    * Summary: 
    +-----+-----+-----+-----+---------+
    |  Latency  |  Interval | Pipeline|
    | min | max | min | max |   Type  |
    +-----+-----+-----+-----+---------+
    |    ?|    ?|    ?|    ?|   none  |
    +-----+-----+-----+-----+---------+

    + Detail: 
        * Instance: 
        N/A

        * Loop: 
        +-------------+-----+-----+----------+-----------+-----------+------+----------+
        |             |  Latency  | Iteration|  Initiation Interval  | Trip |          |
        |  Loop Name  | min | max |  Latency |  achieved |   target  | Count| Pipelined|
        +-------------+-----+-----+----------+-----------+-----------+------+----------+
        |- Loop 1     |    ?|    ?|         ?|          -|          -|  inf |    no    |
        | + Loop 1.1  |    ?|    ?|   7 ~ 9  |          -|          -|     ?|    no    |
        | + Loop 1.2  |  416|  416|        26|          -|          -|    16|    no    |
        +-------------+-----+-----+----------+-----------+-----------+------+----------+



================================================================
== Utilization Estimates
================================================================
* Summary: 
+-----------------+---------+-------+--------+-------+
|       Name      | BRAM_18K| DSP48A|   FF   |  LUT  |
+-----------------+---------+-------+--------+-------+
|Expression       |        -|      -|       0|    200|
|FIFO             |        -|      -|       -|      -|
|Instance         |        -|      5|    1294|   1989|
|Memory           |        4|      -|       0|      0|
|Multiplexer      |        -|      -|       -|    461|
|Register         |        -|      -|     481|      -|
+-----------------+---------+-------+--------+-------+
|Total            |        4|      5|    1775|   2650|
+-----------------+---------+-------+--------+-------+
|Available        |      268|    180|  184304|  92152|
+-----------------+---------+-------+--------+-------+
|Utilization (%)  |        1|      2|   ~0   |      2|
+-----------------+---------+-------+--------+-------+

+ Detail: 
    * Instance: 
    +-------------------------------------------+----------------------------------------+---------+-------+-----+-----+
    |                  Instance                 |                 Module                 | BRAM_18K| DSP48A|  FF | LUT |
    +-------------------------------------------+----------------------------------------+---------+-------+-----+-----+
    |WBSlave_dcmp_64ns_64ns_1_3_U7              |WBSlave_dcmp_64ns_64ns_1_3              |        0|      0|  130|  132|
    |WBSlave_faddfsub_32ns_32ns_32_4_no_dsp_U1  |WBSlave_faddfsub_32ns_32ns_32_4_no_dsp  |        0|      0|  168|  438|
    |WBSlave_fcmp_32ns_32ns_1_3_U6              |WBSlave_fcmp_32ns_32ns_1_3              |        0|      0|   66|   72|
    |WBSlave_fdiv_32ns_32ns_32_10_U3            |WBSlave_fdiv_32ns_32ns_32_10            |        0|      0|  455|  820|
    |WBSlave_fmul_32ns_32ns_32_7_max_dsp_U2     |WBSlave_fmul_32ns_32ns_32_7_max_dsp     |        0|      5|  205|  135|
    |WBSlave_fpext_32ns_64_3_U5                 |WBSlave_fpext_32ns_64_3                 |        0|      0|  100|   54|
    |WBSlave_uitofp_5ns_32_4_U4                 |WBSlave_uitofp_5ns_32_4                 |        0|      0|  170|  338|
    +-------------------------------------------+----------------------------------------+---------+-------+-----+-----+
    |Total                                      |                                        |        0|      5| 1294| 1989|
    +-------------------------------------------+----------------------------------------+---------+-------+-----+-----+

    * Memory: 
    +---------------+----------------------------+---------+---+----+------+-----+------+-------------+
    |     Memory    |           Module           | BRAM_18K| FF| LUT| Words| Bits| Banks| W*Bits*Banks|
    +---------------+----------------------------+---------+---+----+------+-----+------+-------------+
    |gradientLUT_U  |WBSlave_getLog_gradientLUT  |        1|  0|   0|    36|   32|     1|         1152|
    |inputLUT_U     |WBSlave_getLog_inputLUT     |        1|  0|   0|    36|   32|     1|         1152|
    |logLUT_U       |WBSlave_getLog_logLUT       |        1|  0|   0|    36|   32|     1|         1152|
    |offsetLUT_U    |WBSlave_getLog_offsetLUT    |        1|  0|   0|    36|   32|     1|         1152|
    +---------------+----------------------------+---------+---+----+------+-----+------+-------------+
    |Total          |                            |        4|  0|   0|   144|  128|     4|         4608|
    +---------------+----------------------------+---------+---+----+------+-----+------+-------------+

    * FIFO: 
    N/A

    * Expression: 
    +--------------------+----------+-------+---+----+------------+------------+
    |    Variable Name   | Operation| DSP48A| FF| LUT| Bitwidth P0| Bitwidth P1|
    +--------------------+----------+-------+---+----+------------+------------+
    |i_11_fu_463_p2      |     +    |      0|  0|   6|           6|           1|
    |i_12_fu_451_p2      |     +    |      0|  0|   5|           5|           1|
    |grp_fu_370_p2       |    and   |      0|  0|   1|           1|           1|
    |tmp_71_fu_423_p2    |    and   |      0|  0|   1|           1|           1|
    |tmp_82_fu_529_p2    |    and   |      0|  0|   1|           1|           1|
    |tmp_90_fu_575_p2    |    and   |      0|  0|   1|           1|           1|
    |exitcond_fu_441_p2  |   icmp   |      0|  0|   3|           5|           5|
    |notlhs1_fu_557_p2   |   icmp   |      0|  0|   7|           8|           2|
    |notlhs6_fu_483_p2   |   icmp   |      0|  0|   7|           8|           2|
    |notlhs8_fu_511_p2   |   icmp   |      0|  0|   7|           8|           2|
    |notlhs_fu_405_p2    |   icmp   |      0|  0|  11|          11|           2|
    |notrhs1_fu_563_p2   |   icmp   |      0|  0|  27|          23|           1|
    |notrhs7_fu_435_p2   |   icmp   |      0|  0|  27|          23|           1|
    |notrhs9_fu_517_p2   |   icmp   |      0|  0|  27|          23|           1|
    |notrhs_fu_411_p2    |   icmp   |      0|  0|  58|          52|           1|
    |tmp_s_fu_457_p2     |   icmp   |      0|  0|   5|           6|           6|
    |tmp_69_fu_417_p2    |    or    |      0|  0|   1|           1|           1|
    |tmp_76_fu_489_p2    |    or    |      0|  0|   1|           1|           1|
    |tmp_77_fu_523_p2    |    or    |      0|  0|   1|           1|           1|
    |tmp_88_fu_569_p2    |    or    |      0|  0|   1|           1|           1|
    |tmp_81_fu_580_p2    |    xor   |      0|  0|   2|           1|           2|
    +--------------------+----------+-------+---+----+------------+------------+
    |Total               |          |      0|  0| 200|         187|          35|
    +--------------------+----------+-------+---+----+------------+------------+

    * Multiplexer: 
    +---------------------+-----+-----------+-----+-----------+
    |         Name        | LUT | Input Size| Bits| Total Bits|
    +---------------------+-----+-----------+-----+-----------+
    |WBSlave_log_done_V   |    1|          3|    1|          3|
    |WBSlave_log_out      |   32|          4|   32|        128|
    |ap_NS_fsm            |  147|         66|    1|         66|
    |grp_fu_333_opcode    |    2|          3|    2|          6|
    |grp_fu_333_p0        |   32|          4|   32|        128|
    |grp_fu_333_p1        |   32|          4|   32|        128|
    |grp_fu_340_p0        |   32|          4|   32|        128|
    |grp_fu_340_p1        |   32|          4|   32|        128|
    |grp_fu_359_opcode    |    5|          4|    5|         20|
    |grp_fu_359_p1        |   32|          3|   32|         96|
    |grp_fu_370_p0        |    1|          3|    1|          3|
    |i_1_reg_273          |    5|          2|    5|         10|
    |i_reg_321            |    6|          2|    6|         12|
    |inputLUT_address0    |    6|          3|    6|         18|
    |power_reg_285        |   32|          2|   32|         64|
    |sum_1_phi_fu_314_p4  |   32|          3|   32|         96|
    |sum_reg_297          |   32|          2|   32|         64|
    +---------------------+-----+-----------+-----+-----------+
    |Total                |  461|        116|  315|       1098|
    +---------------------+-----+-----------+-----+-----------+

    * Register: 
    +------------------------------------+----+----+-----+-----------+
    |                Name                | FF | LUT| Bits| Const Bits|
    +------------------------------------+----+----+-----+-----------+
    |WBSlave_log_in_load_to_int_reg_618  |  32|   0|   32|          0|
    |WBSlave_log_start_V_read_reg_591    |   1|   0|    1|          0|
    |ap_CS_fsm                           |  66|   0|   66|          0|
    |i_11_reg_675                        |   6|   0|    6|          0|
    |i_1_reg_273                         |   5|   0|    5|          0|
    |i_reg_321                           |   6|   0|    6|          0|
    |inputLUT_load_reg_698               |  32|   0|   32|          0|
    |notrhs7_reg_623                     |   1|   0|    1|          0|
    |offsetLUT_load_reg_755              |  32|   0|   32|          0|
    |power_1_reg_641                     |  32|   0|   32|          0|
    |power_reg_285                       |  32|   0|   32|          0|
    |reg_375                             |  32|   0|   32|          0|
    |sum_2_reg_656                       |  32|   0|   32|          0|
    |sum_3_reg_666                       |  32|   0|   32|          0|
    |sum_reg_297                         |  32|   0|   32|          0|
    |tmp_64_reg_652                      |   1|   0|    1|          0|
    |tmp_66_reg_681                      |   6|   0|   64|         58|
    |tmp_69_reg_610                      |   1|   0|    1|          0|
    |tmp_72_reg_636                      |  32|   0|   32|          0|
    |tmp_73_reg_647                      |  32|   0|   32|          0|
    |tmp_76_reg_693                      |   1|   0|    1|          0|
    |tmp_82_reg_704                      |   1|   0|    1|          0|
    |tmp_86_reg_718                      |   1|   0|    1|          0|
    |tmp_88_reg_732                      |   1|   0|    1|          0|
    |x_reg_628                           |  32|   0|   32|          0|
    +------------------------------------+----+----+-----+-----------+
    |Total                               | 481|   0|  539|         58|
    +------------------------------------+----+----+-----+-----------+



================================================================
== Interface
================================================================
* Summary: 
+------------------------------+-----+-----+------------+----------------------------------+--------------+
|           RTL Ports          | Dir | Bits|  Protocol  |           Source Object          |    C Type    |
+------------------------------+-----+-----+------------+----------------------------------+--------------+
|ap_clk                        |  in |    1| ap_ctrl_hs | WBSlave::WBSlave_WBSlave::getLog | return value |
|ap_rst                        |  in |    1| ap_ctrl_hs | WBSlave::WBSlave_WBSlave::getLog | return value |
|WBSlave_log_in                |  in |   32|   ap_none  |          WBSlave_log_in          |    pointer   |
|WBSlave_log_out               | out |   32|   ap_vld   |          WBSlave_log_out         |    pointer   |
|WBSlave_log_out_ap_vld        | out |    1|   ap_vld   |          WBSlave_log_out         |    pointer   |
|WBSlave_log_start_V_i         |  in |    1|   ap_ovld  |        WBSlave_log_start_V       |    pointer   |
|WBSlave_log_start_V_o         | out |    1|   ap_ovld  |        WBSlave_log_start_V       |    pointer   |
|WBSlave_log_start_V_o_ap_vld  | out |    1|   ap_ovld  |        WBSlave_log_start_V       |    pointer   |
|WBSlave_log_done_V            | out |    1|   ap_vld   |        WBSlave_log_done_V        |    pointer   |
|WBSlave_log_done_V_ap_vld     | out |    1|   ap_vld   |        WBSlave_log_done_V        |    pointer   |
+------------------------------+-----+-----+------------+----------------------------------+--------------+

