

================================================================
== Vivado HLS Report for 'WBSlave_processBus'
================================================================
* Date:           Wed Jun 29 18:32:16 2016

* Version:        2014.4 (Build 1071461 on Tue Nov 18 16:42:57 PM 2014)
* Project:        fixedpoint
* Solution:       solution1
* Product family: spartan6
* Target device:  xc6slx150tfgg484-3


================================================================
== Performance Estimates
================================================================
+ Timing (ns): 
    * Summary: 
    +---------+-------+----------+------------+
    |  Clock  | Target| Estimated| Uncertainty|
    +---------+-------+----------+------------+
    |default  |  10.00|      6.62|        1.25|
    +---------+-------+----------+------------+

+ Latency (clock cycles): 
    * Summary: 
    +-----+-----+-----+-----+---------+
    |  Latency  |  Interval | Pipeline|
    | min | max | min | max |   Type  |
    +-----+-----+-----+-----+---------+
    |    6|    ?|    6|    ?|   none  |
    +-----+-----+-----+-----+---------+

    + Detail: 
        * Instance: 
        N/A

        * Loop: 
        +-------------+-----+-----+----------+-----------+-----------+-------+----------+
        |             |  Latency  | Iteration|  Initiation Interval  |  Trip |          |
        |  Loop Name  | min | max |  Latency |  achieved |   target  | Count | Pipelined|
        +-------------+-----+-----+----------+-----------+-----------+-------+----------+
        |- Loop 1     |    4|    ?|   4 ~ ?  |          -|          -|  inf  |    no    |
        | + Loop 1.1  |    4|    4|         1|          -|          -|      4|    no    |
        | + Loop 1.2  |    2|    ?|         1|          -|          -| 2 ~ ? |    no    |
        | + Loop 1.3  |    4|    4|         1|          -|          -|      4|    no    |
        | + Loop 1.4  |    2|    ?|         1|          -|          -| 2 ~ ? |    no    |
        | + Loop 1.5  |    4|    4|         1|          -|          -|      4|    no    |
        | + Loop 1.6  |    2|    ?|         1|          -|          -| 2 ~ ? |    no    |
        | + Loop 1.7  |    4|    4|         1|          -|          -|      4|    no    |
        | + Loop 1.8  |    2|    ?|         1|          -|          -| 2 ~ ? |    no    |
        +-------------+-----+-----+----------+-----------+-----------+-------+----------+



================================================================
== Utilization Estimates
================================================================
* Summary: 
+-----------------+---------+-------+--------+-------+
|       Name      | BRAM_18K| DSP48A|   FF   |  LUT  |
+-----------------+---------+-------+--------+-------+
|Expression       |        -|      -|       0|   1221|
|FIFO             |        -|      -|       -|      -|
|Instance         |        -|      -|       -|      -|
|Memory           |        -|      -|       -|      -|
|Multiplexer      |        -|      -|       -|    497|
|Register         |        -|      -|     538|      -|
+-----------------+---------+-------+--------+-------+
|Total            |        0|      0|     538|   1718|
+-----------------+---------+-------+--------+-------+
|Available        |      268|    180|  184304|  92152|
+-----------------+---------+-------+--------+-------+
|Utilization (%)  |        0|      0|   ~0   |      1|
+-----------------+---------+-------+--------+-------+

+ Detail: 
    * Instance: 
    N/A

    * Memory: 
    N/A

    * FIFO: 
    N/A

    * Expression: 
    +-------------------------+----------+-------+---+----+------------+------------+
    |      Variable Name      | Operation| DSP48A| FF| LUT| Bitwidth P0| Bitwidth P1|
    +-------------------------+----------+-------+---+----+------------+------------+
    |i_1_fu_722_p2            |     +    |      0|  0|   3|           3|           1|
    |i_2_fu_795_p2            |     +    |      0|  0|   3|           3|           1|
    |i_3_fu_642_p2            |     +    |      0|  0|   3|           3|           1|
    |i_4_fu_963_p2            |     +    |      0|  0|  31|          31|           1|
    |i_5_fu_783_p2            |     +    |      0|  0|  31|          31|           1|
    |i_6_fu_873_p2            |     +    |      0|  0|  31|          31|           1|
    |i_7_fu_703_p2            |     +    |      0|  0|  31|          31|           1|
    |i_fu_885_p2              |     +    |      0|  0|   3|           3|           1|
    |mask_11_fu_821_p3        |  Select  |      0|  0|  32|           1|          32|
    |mask_15_fu_668_p3        |  Select  |      0|  0|  32|           1|          32|
    |mask_3_fu_911_p3         |  Select  |      0|  0|  32|           1|          32|
    |mask_7_fu_748_p3         |  Select  |      0|  0|  32|           1|          32|
    |grp_fu_532_p2            |    and   |      0|  0|   1|           1|           1|
    |tmp_10_fu_941_p2         |    and   |      0|  0|  33|          32|          32|
    |tmp_23_fu_845_p2         |    and   |      0|  0|  33|          32|          32|
    |tmp_24_fu_851_p2         |    and   |      0|  0|  33|          32|          32|
    |tmp_4_fu_935_p2          |    and   |      0|  0|  33|          32|          32|
    |v_V_1_fu_686_p2          |    and   |      0|  0|  33|          32|          32|
    |v_V_fu_766_p2            |    and   |      0|  0|  33|          32|          32|
    |exitcond105_i_fu_777_p2  |   icmp   |      0|  0|  39|          32|          32|
    |exitcond78_i_fu_957_p2   |   icmp   |      0|  0|  39|          32|          32|
    |exitcond_i1_fu_879_p2    |   icmp   |      0|  0|   2|           3|           4|
    |exitcond_i2_fu_716_p2    |   icmp   |      0|  0|   2|           3|           4|
    |exitcond_i3_fu_789_p2    |   icmp   |      0|  0|   2|           3|           4|
    |exitcond_i4_fu_636_p2    |   icmp   |      0|  0|   2|           3|           4|
    |exitcond_i5_fu_697_p2    |   icmp   |      0|  0|  39|          32|          32|
    |exitcond_i_fu_867_p2     |   icmp   |      0|  0|  39|          32|          32|
    |grp_fu_504_p2            |   icmp   |      0|  0|  31|          26|           1|
    |grp_fu_520_p2            |   icmp   |      0|  0|  28|          24|           1|
    |grp_fu_526_p2            |   icmp   |      0|  0|  39|          32|          11|
    |grp_fu_538_p2            |   icmp   |      0|  0|  39|          32|           1|
    |grp_fu_554_p2            |   icmp   |      0|  0|  38|          31|           1|
    |grp_fu_560_p2            |   icmp   |      0|  0|  39|          32|           1|
    |grp_fu_576_p2            |   icmp   |      0|  0|  38|          31|           1|
    |grp_fu_582_p2            |   icmp   |      0|  0|  39|          32|           1|
    |v_3_fu_709_p2            |   icmp   |      0|  0|  39|          32|           1|
    |WBSlave_PBuffer_d0       |    or    |      0|  0|  33|          32|          32|
    |WBSlave_regs_d1          |    or    |      0|  0|  33|          32|          32|
    |mask_10_fu_815_p2        |    or    |      0|  0|  33|          32|           8|
    |mask_14_fu_662_p2        |    or    |      0|  0|  33|          32|           8|
    |mask_2_fu_905_p2         |    or    |      0|  0|  33|          32|           8|
    |mask_6_fu_742_p2         |    or    |      0|  0|  33|          32|           8|
    |tmp_22_fu_839_p2         |    xor   |      0|  0|  33|          32|           2|
    |tmp_2_fu_929_p2          |    xor   |      0|  0|  33|          32|           2|
    +-------------------------+----------+-------+---+----+------------+------------+
    |Total                    |          |      0|  0|1221|        1001|         592|
    +-------------------------+----------+-------+---+----+------------+------------+

    * Multiplexer: 
    +--------------------------+----+-----------+-----+-----------+
    |           Name           | LUT| Input Size| Bits| Total Bits|
    +--------------------------+----+-----------+-----+-----------+
    |WBSlave_PBuffer_address0  |   9|          4|    9|         36|
    |WBSlave_regs_address0     |   4|          6|    4|         24|
    |WBSlave_regs_address1     |   4|          4|    4|         16|
    |ack_o                     |   1|          3|    1|          3|
    |ap_NS_fsm                 |  21|         25|    1|         25|
    |dat_o                     |  32|          3|   32|         96|
    |i_0_i1_reg_385            |   3|          2|    3|          6|
    |i_0_i2_reg_428            |   3|          2|    3|          6|
    |i_0_i3_reg_342            |   3|          2|    3|          6|
    |i_0_i_reg_471             |   3|          2|    3|          6|
    |i_i2_0_i1_reg_353         |  31|          2|   31|         62|
    |i_i2_0_i_reg_439          |  31|          2|   31|         62|
    |i_i4_0_i_reg_482          |  31|          2|   31|         62|
    |i_i6_0_i_reg_396          |  31|          2|   31|         62|
    |int_o                     |   1|          3|    1|          3|
    |mask_12_reg_321           |  32|          2|   32|         64|
    |mask_4_reg_364            |  32|          2|   32|         64|
    |mask_8_reg_407            |  32|          2|   32|         64|
    |mask_reg_450              |  32|          2|   32|         64|
    |reg_589                   |  32|          2|   32|         64|
    |select_0_i1_reg_376       |  32|          2|   32|         64|
    |select_0_i2_reg_419       |  32|          2|   32|         64|
    |select_0_i3_reg_333       |  32|          2|   32|         64|
    |select_0_i_reg_462        |  32|          2|   32|         64|
    |tmp_3_phi_fu_313_p4       |   1|          3|    1|          3|
    +--------------------------+----+-----------+-----+-----------+
    |Total                     | 497|         85|  477|       1054|
    +--------------------------+----+-----------+-----+-----------+

    * Register: 
    +-------------------------------+----+----+-----+-----------+
    |              Name             | FF | LUT| Bits| Const Bits|
    +-------------------------------+----+----+-----+-----------+
    |WBSlave_PBuffer_addr_reg_1134  |   9|   0|    9|          0|
    |WBSlave_regs_addr_1_reg_1173   |   4|   0|    4|          0|
    |WBSlave_regs_addr_3_reg_975    |   3|   0|    4|          1|
    |WBSlave_regs_addr_reg_969      |   3|   0|    4|          1|
    |ap_CS_fsm                      |  25|   0|   25|          0|
    |i_0_i1_reg_385                 |   3|   0|    3|          0|
    |i_0_i2_reg_428                 |   3|   0|    3|          0|
    |i_0_i3_reg_342                 |   3|   0|    3|          0|
    |i_0_i_reg_471                  |   3|   0|    3|          0|
    |i_i2_0_i1_reg_353              |  31|   0|   31|          0|
    |i_i2_0_i_reg_439               |  31|   0|   31|          0|
    |i_i4_0_i_reg_482               |  31|   0|   31|          0|
    |i_i6_0_i_reg_396               |  31|   0|   31|          0|
    |icmp4_reg_1104                 |   1|   0|    1|          0|
    |icmp5_reg_1143                 |   1|   0|    1|          0|
    |icmp6_reg_1065                 |   1|   0|    1|          0|
    |icmp8_reg_1183                 |   1|   0|    1|          0|
    |mask_12_reg_321                |  32|   0|   32|          0|
    |mask_4_reg_364                 |  32|   0|   32|          0|
    |mask_8_reg_407                 |  32|   0|   32|          0|
    |mask_reg_450                   |  32|   0|   32|          0|
    |r_V_reg_988                    |  30|   0|   30|          0|
    |reg_589                        |  32|   0|   32|          0|
    |select_0_i1_reg_376            |  32|   0|   32|          0|
    |select_0_i2_reg_419            |  32|   0|   32|          0|
    |select_0_i3_reg_333            |  32|   0|   32|          0|
    |select_0_i_reg_462             |  32|   0|   32|          0|
    |tmp_12_reg_1179                |   1|   0|    1|          0|
    |tmp_17_reg_1100                |   1|   0|    1|          0|
    |tmp_26_reg_1139                |   1|   0|    1|          0|
    |tmp_28_reg_1061                |   1|   0|    1|          0|
    |val_V_1_reg_1014               |  32|   0|   32|          0|
    +-------------------------------+----+----+-----+-----------+
    |Total                          | 538|   0|  540|          2|
    +-------------------------------+----+----+-----+-----------+



================================================================
== Interface
================================================================
* Summary: 
+--------------------------+-----+-----+------------+--------------------------------------+--------------+
|         RTL Ports        | Dir | Bits|  Protocol  |             Source Object            |    C Type    |
+--------------------------+-----+-----+------------+--------------------------------------+--------------+
|ap_clk                    |  in |    1| ap_ctrl_hs | WBSlave::WBSlave_WBSlave::processBus | return value |
|ap_rst                    |  in |    1| ap_ctrl_hs | WBSlave::WBSlave_WBSlave::processBus | return value |
|adr_i                     |  in |   32|   ap_none  |                 adr_i                |    pointer   |
|dat_i                     |  in |   32|   ap_none  |                 dat_i                |    pointer   |
|we_i                      |  in |    1|   ap_none  |                 we_i                 |    pointer   |
|stb_i                     |  in |    1|   ap_none  |                 stb_i                |    pointer   |
|cyc_i                     |  in |    1|   ap_none  |                 cyc_i                |    pointer   |
|sel_i                     |  in |    4|   ap_none  |                 sel_i                |    pointer   |
|dat_o                     | out |   32|   ap_vld   |                 dat_o                |    pointer   |
|dat_o_ap_vld              | out |    1|   ap_vld   |                 dat_o                |    pointer   |
|ack_o                     | out |    1|   ap_vld   |                 ack_o                |    pointer   |
|ack_o_ap_vld              | out |    1|   ap_vld   |                 ack_o                |    pointer   |
|int_o                     | out |    1|   ap_vld   |                 int_o                |    pointer   |
|int_o_ap_vld              | out |    1|   ap_vld   |                 int_o                |    pointer   |
|WBSlave_regs_address0     | out |    4|  ap_memory |             WBSlave_regs             |     array    |
|WBSlave_regs_ce0          | out |    1|  ap_memory |             WBSlave_regs             |     array    |
|WBSlave_regs_we0          | out |    1|  ap_memory |             WBSlave_regs             |     array    |
|WBSlave_regs_d0           | out |   32|  ap_memory |             WBSlave_regs             |     array    |
|WBSlave_regs_q0           |  in |   32|  ap_memory |             WBSlave_regs             |     array    |
|WBSlave_regs_address1     | out |    4|  ap_memory |             WBSlave_regs             |     array    |
|WBSlave_regs_ce1          | out |    1|  ap_memory |             WBSlave_regs             |     array    |
|WBSlave_regs_we1          | out |    1|  ap_memory |             WBSlave_regs             |     array    |
|WBSlave_regs_d1           | out |   32|  ap_memory |             WBSlave_regs             |     array    |
|WBSlave_regs_q1           |  in |   32|  ap_memory |             WBSlave_regs             |     array    |
|WBSlave_PBuffer_address0  | out |    9|  ap_memory |            WBSlave_PBuffer           |     array    |
|WBSlave_PBuffer_ce0       | out |    1|  ap_memory |            WBSlave_PBuffer           |     array    |
|WBSlave_PBuffer_we0       | out |    1|  ap_memory |            WBSlave_PBuffer           |     array    |
|WBSlave_PBuffer_d0        | out |   32|  ap_memory |            WBSlave_PBuffer           |     array    |
|WBSlave_PBuffer_q0        |  in |   32|  ap_memory |            WBSlave_PBuffer           |     array    |
|WBSlave_STAT_ADDR_V       |  in |    3|   ap_none  |          WBSlave_STAT_ADDR_V         |    pointer   |
|WBSlave_DELAY_ADDR_V      |  in |    3|   ap_none  |         WBSlave_DELAY_ADDR_V         |    pointer   |
+--------------------------+-----+-----+------------+--------------------------------------+--------------+

