

================================================================
== Vivado HLS Report for 'WBSlave_processSlave'
================================================================
* Date:           Wed Jun 29 18:32:20 2016

* Version:        2014.4 (Build 1071461 on Tue Nov 18 16:42:57 PM 2014)
* Project:        fixedpoint
* Solution:       solution1
* Product family: spartan6
* Target device:  xc6slx150tfgg484-3


================================================================
== Performance Estimates
================================================================
+ Timing (ns): 
    * Summary: 
    +---------+-------+----------+------------+
    |  Clock  | Target| Estimated| Uncertainty|
    +---------+-------+----------+------------+
    |default  |  10.00|      8.71|        1.25|
    +---------+-------+----------+------------+

+ Latency (clock cycles): 
    * Summary: 
    +-------+---------+-------+---------+---------+
    |     Latency     |     Interval    | Pipeline|
    |  min  |   max   |  min  |   max   |   Type  |
    +-------+---------+-------+---------+---------+
    |  21251|  1339363|  21251|  1339363|   none  |
    +-------+---------+-------+---------+---------+

    + Detail: 
        * Instance: 
        N/A

        * Loop: 
        +-----------------+-------+---------+-----------------+-----------+-----------+---------+----------+
        |                 |     Latency     |    Iteration    |  Initiation Interval  |   Trip  |          |
        |    Loop Name    |  min  |   max   |     Latency     |  achieved |   target  |  Count  | Pipelined|
        +-----------------+-------+---------+-----------------+-----------+-----------+---------+----------+
        |- Loop 1         |  21248|  1339360| 21248 ~ 1339360 |          -|          -|   inf   |    no    |
        | + Loop 1.1      |  18432|    18432|               72|          -|          -|      256|    no    |
        | + Loop 1.2      |    768|     5120|      3 ~ 20     |          -|          -|      256|    no    |
        | + Loop 1.3      |   2040|  1315800|     8 ~ 5160    |          -|          -|      255|    no    |
        |  ++ Loop 1.3.1  |      4|     5100|      4 ~ 20     |          -|          -| 1 ~ 255 |    no    |
        +-----------------+-------+---------+-----------------+-----------+-----------+---------+----------+



================================================================
== Utilization Estimates
================================================================
* Summary: 
+-----------------+---------+-------+--------+-------+
|       Name      | BRAM_18K| DSP48A|   FF   |  LUT  |
+-----------------+---------+-------+--------+-------+
|Expression       |        -|      -|       0|   1935|
|FIFO             |        -|      -|       -|      -|
|Instance         |        -|     12|    1801|   2179|
|Memory           |        1|      -|       -|      -|
|Multiplexer      |        -|      -|       -|    823|
|Register         |        -|      -|    1228|      -|
+-----------------+---------+-------+--------+-------+
|Total            |        1|     12|    3029|   4937|
+-----------------+---------+-------+--------+-------+
|Available        |      268|    180|  184304|  92152|
+-----------------+---------+-------+--------+-------+
|Utilization (%)  |    ~0   |      6|       1|      5|
+-----------------+---------+-------+--------+-------+

+ Detail: 
    * Instance: 
    +-------------------------------------+---------------------------------+---------+-------+-----+-----+
    |               Instance              |              Module             | BRAM_18K| DSP48A|  FF | LUT |
    +-------------------------------------+---------------------------------+---------+-------+-----+-----+
    |WBSlave_dcmp_64ns_64ns_1_3_U28       |WBSlave_dcmp_64ns_64ns_1_3       |        0|      0|  130|  132|
    |WBSlave_dcmp_64ns_64ns_1_3_U29       |WBSlave_dcmp_64ns_64ns_1_3       |        0|      0|  130|  132|
    |WBSlave_mul_21s_21s_42_7_U32         |WBSlave_mul_21s_21s_42_7         |        0|      4|    0|    0|
    |WBSlave_mul_21s_21s_42_7_U33         |WBSlave_mul_21s_21s_42_7         |        0|      4|    0|    0|
    |WBSlave_mul_21s_21s_42_7_U34         |WBSlave_mul_21s_21s_42_7         |        0|      4|    0|    0|
    |WBSlave_sdiv_42ns_21s_42_46_seq_U35  |WBSlave_sdiv_42ns_21s_42_46_seq  |        0|      0|  336|  399|
    |WBSlave_sdiv_44ns_22s_44_48_seq_U36  |WBSlave_sdiv_44ns_22s_44_48_seq  |        0|      0|  352|  418|
    |WBSlave_sdiv_64ns_32s_64_68_seq_U31  |WBSlave_sdiv_64ns_32s_64_68_seq  |        0|      0|  512|  608|
    |WBSlave_sitodp_21ns_64_5_U30         |WBSlave_sitodp_21ns_64_5         |        0|      0|  341|  490|
    +-------------------------------------+---------------------------------+---------+-------+-----+-----+
    |Total                                |                                 |        0|     12| 1801| 2179|
    +-------------------------------------+---------------------------------+---------+-------+-----+-----+

    * Memory: 
    +----------+-----------------------------+---------+---+----+------+-----+------+-------------+
    |  Memory  |            Module           | BRAM_18K| FF| LUT| Words| Bits| Banks| W*Bits*Banks|
    +----------+-----------------------------+---------+---+----+------+-----+------+-------------+
    |prob_V_U  |WBSlave_processSlave_prob_V  |        1|  0|   0|   256|   21|     1|         5376|
    +----------+-----------------------------+---------+---+----+------+-----+------+-------------+
    |Total     |                             |        1|  0|   0|   256|   21|     1|         5376|
    +----------+-----------------------------+---------+---+----+------+-----+------+-------------+

    * FIFO: 
    N/A

    * Expression: 
    +------------------------------------+----------+-------+---+----+------------+------------+
    |            Variable Name           | Operation| DSP48A| FF| LUT| Bitwidth P0| Bitwidth P1|
    +------------------------------------+----------+-------+---+----+------------+------------+
    |exp_V_7_fu_1122_p2                  |     +    |      0|  0|  11|          11|           6|
    |exp_V_8_fu_1645_p2                  |     +    |      0|  0|  11|          11|           6|
    |exp_V_9_fu_1997_p2                  |     +    |      0|  0|  11|          11|           6|
    |i_10_fu_2636_p2                     |     +    |      0|  0|   9|           9|           1|
    |i_8_fu_717_p2                       |     +    |      0|  0|   9|           9|           1|
    |i_9_fu_1087_p2                      |     +    |      0|  0|   9|           9|           1|
    |j_1_fu_1492_p2                      |     +    |      0|  0|   8|           8|           1|
    |p_Val2_15_fu_1322_p2                |     +    |      0|  0|  21|          21|          21|
    |p_Val2_17_fu_1517_p2                |     +    |      0|  0|  22|          22|          22|
    |p_Val2_24_fu_2185_p2                |     +    |      0|  0|  27|          27|          27|
    |p_Val2_26_fu_2325_p2                |     +    |      0|  0|  43|          43|          43|
    |p_Val2_27_fu_2345_p2                |     +    |      0|  0|  45|          45|          45|
    |p_Val2_29_fu_2444_p2                |     +    |      0|  0|  21|          21|          21|
    |p_Val2_33_fu_1845_p2                |     +    |      0|  0|  21|          21|          21|
    |p_Val2_5_fu_919_p2                  |     +    |      0|  0|  21|          21|          21|
    |tmp_40_fu_723_p2                    |     +    |      0|  0|   9|           9|           7|
    |p_Val2_12_fu_2082_p2                |     -    |      0|  0|  22|          22|          22|
    |p_Val2_13_fu_1193_p2                |     -    |      0|  0|  42|          42|          42|
    |p_Val2_23_fu_2127_p2                |     -    |      0|  0|  42|          42|          42|
    |p_Val2_31_fu_1716_p2                |     -    |      0|  0|  42|          42|          42|
    |r_V_fu_2091_p2                      |     -    |      0|  0|  22|          17|          22|
    |Ps_V_fu_1617_p3                     |  Select  |      0|  0|  21|           1|          21|
    |deleted_ones_1_fu_1352_p3           |  Select  |      0|  0|   1|           1|           1|
    |deleted_ones_3_fu_1875_p3           |  Select  |      0|  0|   1|           1|           1|
    |deleted_ones_4_fu_2502_p3           |  Select  |      0|  0|   1|           1|           1|
    |deleted_ones_fu_959_p3              |  Select  |      0|  0|   1|           1|           1|
    |deleted_zeros_1_fu_1346_p3          |  Select  |      0|  0|   1|           1|           1|
    |deleted_zeros_2_fu_1869_p3          |  Select  |      0|  0|   1|           1|           1|
    |deleted_zeros_3_fu_2483_p3          |  Select  |      0|  0|   1|           1|           1|
    |deleted_zeros_fu_943_p3             |  Select  |      0|  0|   1|           1|           1|
    |n_V_fu_699_p3                       |  Select  |      0|  0|  32|           1|          32|
    |p_Val2_14_mux_fu_1446_p3            |  Select  |      0|  0|  21|           1|          20|
    |p_Val2_18_mux_fu_1601_p3            |  Select  |      0|  0|  21|           1|          20|
    |p_Val2_1_38_fu_2306_p3              |  Select  |      0|  0|  21|           1|          21|
    |p_Val2_26_mux_fu_2299_p3            |  Select  |      0|  0|  21|           1|          20|
    |p_Val2_2_32_fu_1453_p3              |  Select  |      0|  0|  21|           1|          21|
    |p_Val2_33_mux_fu_1969_p3            |  Select  |      0|  0|  21|           1|          20|
    |p_Val2_3_39_fu_2603_p3              |  Select  |      0|  0|  21|           1|          21|
    |p_Val2_41_mux_fu_2596_p3            |  Select  |      0|  0|  21|           1|          20|
    |p_Val2_4_37_fu_1976_p3              |  Select  |      0|  0|  21|           1|          21|
    |p_Val2_8_fu_1065_p3                 |  Select  |      0|  0|  21|           1|          21|
    |p_Val2_8_mux_fu_1058_p3             |  Select  |      0|  0|  21|           1|          20|
    |p_Val2_s_36_fu_1609_p3              |  Select  |      0|  0|  21|           1|          21|
    |prob_V_d0                           |  Select  |      0|  0|  21|           1|          21|
    |psi_V_fu_2610_p3                    |  Select  |      0|  0|  21|           1|          21|
    |this_assign_13_1_fu_2312_p3         |  Select  |      0|  0|  21|           1|          21|
    |tmp_46_fu_788_p3                    |  Select  |      0|  0|  32|           1|          32|
    |brmerge40_demorgan_i1_fu_2552_p2    |    and   |      0|  0|   1|           1|           1|
    |brmerge40_demorgan_i_fu_983_p2      |    and   |      0|  0|   1|           1|           1|
    |brmerge40_demorgan_i_i1_fu_1375_p2  |    and   |      0|  0|   1|           1|           1|
    |brmerge40_demorgan_i_i_fu_1898_p2   |    and   |      0|  0|   1|           1|           1|
    |carry_1_fu_1341_p2                  |    and   |      0|  0|   1|           1|           1|
    |carry_2_fu_2463_p2                  |    and   |      0|  0|   1|           1|           1|
    |carry_3_fu_1864_p2                  |    and   |      0|  0|   1|           1|           1|
    |carry_fu_938_p2                     |    and   |      0|  0|   1|           1|           1|
    |or_cond_fu_2048_p2                  |    and   |      0|  0|   1|           1|           1|
    |overflow_2_fu_1020_p2               |    and   |      0|  0|   1|           1|           1|
    |overflow_3_fu_1413_p2               |    and   |      0|  0|   1|           1|           1|
    |overflow_4_fu_1549_p2               |    and   |      0|  0|   1|           1|           1|
    |overflow_5_fu_1936_p2               |    and   |      0|  0|   1|           1|           1|
    |overflow_6_fu_2239_p2               |    and   |      0|  0|   1|           1|           1|
    |overflow_7_fu_2546_p2               |    and   |      0|  0|   1|           1|           1|
    |p_38_i1_fu_2510_p2                  |    and   |      0|  0|   1|           1|           1|
    |p_38_i_fu_966_p2                    |    and   |      0|  0|   1|           1|           1|
    |p_38_i_i1_fu_1358_p2                |    and   |      0|  0|   1|           1|           1|
    |p_38_i_i_fu_1881_p2                 |    and   |      0|  0|   1|           1|           1|
    |p_41_i1_fu_2496_p2                  |    and   |      0|  0|   1|           1|           1|
    |p_41_i_fu_954_p2                    |    and   |      0|  0|   1|           1|           1|
    |p_41_i_i1_fu_1308_p2                |    and   |      0|  0|   1|           1|           1|
    |p_41_i_i_fu_1831_p2                 |    and   |      0|  0|   1|           1|           1|
    |qb_assign_1_fu_910_p2               |    and   |      0|  0|   1|           1|           1|
    |qb_assign_3_fu_1314_p2              |    and   |      0|  0|   1|           1|           1|
    |qb_assign_5_fu_2177_p2              |    and   |      0|  0|   1|           1|           1|
    |qb_assign_7_fu_1837_p2              |    and   |      0|  0|   1|           1|           1|
    |qb_assign_8_fu_2435_p2              |    and   |      0|  0|   1|           1|           1|
    |tmp11_fu_2567_p2                    |    and   |      0|  0|   1|           1|           1|
    |tmp7_fu_1029_p2                     |    and   |      0|  0|   1|           1|           1|
    |tmp8_fu_1418_p2                     |    and   |      0|  0|   1|           1|           1|
    |tmp9_fu_1941_p2                     |    and   |      0|  0|   1|           1|           1|
    |tmp_24_fu_1167_p2                   |    and   |      0|  0|   1|           1|           1|
    |tmp_31_fu_2043_p2                   |    and   |      0|  0|   1|           1|           1|
    |tmp_85_fu_1690_p2                   |    and   |      0|  0|   1|           1|           1|
    |underflow_1_fu_1423_p2              |    and   |      0|  0|   1|           1|           1|
    |underflow_2_fu_1577_p2              |    and   |      0|  0|   1|           1|           1|
    |underflow_3_fu_1946_p2              |    and   |      0|  0|   1|           1|           1|
    |underflow_4_fu_2279_p2              |    and   |      0|  0|   1|           1|           1|
    |underflow_5_fu_2573_p2              |    and   |      0|  0|   1|           1|           1|
    |underflow_fu_1035_p2                |    and   |      0|  0|   1|           1|           1|
    |Range1_all_ones_1_fu_1290_p2        |   icmp   |      0|  0|   3|           5|           2|
    |Range1_all_ones_3_fu_1813_p2        |   icmp   |      0|  0|   3|           5|           2|
    |Range1_all_ones_4_fu_2473_p2        |   icmp   |      0|  0|  20|          18|           2|
    |Range1_all_ones_fu_894_p2           |   icmp   |      0|  0|  32|          27|           2|
    |Range1_all_zeros_1_fu_1296_p2       |   icmp   |      0|  0|   3|           5|           1|
    |Range1_all_zeros_2_fu_1819_p2       |   icmp   |      0|  0|   3|           5|           1|
    |Range1_all_zeros_3_fu_2478_p2       |   icmp   |      0|  0|  20|          18|           1|
    |Range1_all_zeros_fu_900_p2          |   icmp   |      0|  0|  32|          27|           1|
    |Range2_all_ones_1_fu_1274_p2        |   icmp   |      0|  0|   2|           4|           2|
    |Range2_all_ones_2_fu_1797_p2        |   icmp   |      0|  0|   2|           4|           2|
    |Range2_all_ones_3_fu_2468_p2        |   icmp   |      0|  0|  18|          17|           2|
    |Range2_all_ones_fu_878_p2           |   icmp   |      0|  0|  31|          26|           2|
    |exitcond1_fu_711_p2                 |   icmp   |      0|  0|  10|           9|          10|
    |exitcond2_fu_1081_p2                |   icmp   |      0|  0|  10|           9|          10|
    |exitcond3_fu_1468_p2                |   icmp   |      0|  0|  10|           9|          10|
    |exitcond_fu_1487_p2                 |   icmp   |      0|  0|  10|          10|          10|
    |notlhs1_fu_2025_p2                  |   icmp   |      0|  0|  11|          11|           2|
    |notlhs3_fu_1672_p2                  |   icmp   |      0|  0|  11|          11|           2|
    |notlhs_fu_1149_p2                   |   icmp   |      0|  0|  11|          11|           2|
    |notrhs1_fu_2031_p2                  |   icmp   |      0|  0|  58|          52|           1|
    |notrhs3_fu_1678_p2                  |   icmp   |      0|  0|  58|          52|           1|
    |notrhs_fu_1155_p2                   |   icmp   |      0|  0|  58|          52|           1|
    |overflow_1_fu_782_p2                |   icmp   |      0|  0|  39|          32|           1|
    |overflow_fu_693_p2                  |   icmp   |      0|  0|  39|          32|           1|
    |p_not38_i_fu_2251_p2                |   icmp   |      0|  0|   5|           6|           2|
    |p_not_i1_fu_2221_p2                 |   icmp   |      0|  0|   5|           6|           1|
    |r_1_fu_1228_p2                      |   icmp   |      0|  0|  16|          15|           1|
    |r_2_fu_1751_p2                      |   icmp   |      0|  0|  16|          15|           1|
    |r_3_fu_2154_p2                      |   icmp   |      0|  0|  16|          15|           1|
    |r_4_fu_2425_p2                      |   icmp   |      0|  0|   3|           5|           1|
    |r_fu_838_p2                         |   icmp   |      0|  0|  16|          15|           1|
    |tmp_105_fu_2520_p2                  |   icmp   |      0|  0|  23|          20|           1|
    |tmp_107_fu_2626_p2                  |   icmp   |      0|  0|  24|          21|          21|
    |tmp_116_fu_1914_p2                  |   icmp   |      0|  0|  23|          20|           1|
    |tmp_33_fu_633_p2                    |   icmp   |      0|  0|  39|          32|           1|
    |tmp_55_fu_1102_p2                   |   icmp   |      0|  0|  24|          21|           1|
    |tmp_60_fu_999_p2                    |   icmp   |      0|  0|  23|          20|           1|
    |tmp_63_fu_2649_p2                   |   icmp   |      0|  0|  39|          32|           1|
    |tmp_65_fu_1503_p2                   |   icmp   |      0|  0|  24|          21|           1|
    |tmp_76_fu_1391_p2                   |   icmp   |      0|  0|  23|          20|           1|
    |tmp_79_fu_1565_p2                   |   icmp   |      0|  0|  23|          20|           1|
    |tmp_81_fu_1625_p2                   |   icmp   |      0|  0|  24|          21|           1|
    |tmp_87_fu_2261_p2                   |   icmp   |      0|  0|  23|          20|           1|
    |brmerge2_fu_1440_p2                 |    or    |      0|  0|   1|           1|           1|
    |brmerge3_fu_1595_p2                 |    or    |      0|  0|   1|           1|           1|
    |brmerge4_fu_1963_p2                 |    or    |      0|  0|   1|           1|           1|
    |brmerge5_fu_2294_p2                 |    or    |      0|  0|   1|           1|           1|
    |brmerge6_fu_2590_p2                 |    or    |      0|  0|   1|           1|           1|
    |brmerge_fu_1052_p2                  |    or    |      0|  0|   1|           1|           1|
    |brmerge_i1_fu_2227_p2               |    or    |      0|  0|   1|           1|           1|
    |brmerge_i2_fu_2536_p2               |    or    |      0|  0|   1|           1|           1|
    |brmerge_i_fu_977_p2                 |    or    |      0|  0|   1|           1|           1|
    |brmerge_i_i1_fu_1040_p2             |    or    |      0|  0|   1|           1|           1|
    |brmerge_i_i2_fu_1369_p2             |    or    |      0|  0|   1|           1|           1|
    |brmerge_i_i3_fu_2285_p2             |    or    |      0|  0|   1|           1|           1|
    |brmerge_i_i4_fu_1892_p2             |    or    |      0|  0|   1|           1|           1|
    |brmerge_i_i5_fu_2578_p2             |    or    |      0|  0|   1|           1|           1|
    |brmerge_i_i_i1_fu_1428_p2           |    or    |      0|  0|   1|           1|           1|
    |brmerge_i_i_i2_fu_1951_p2           |    or    |      0|  0|   1|           1|           1|
    |brmerge_i_i_i_fu_1583_p2            |    or    |      0|  0|   1|           1|           1|
    |r_i_i1_fu_2168_p2                   |    or    |      0|  0|   1|           1|           1|
    |r_i_i2_fu_2430_p2                   |    or    |      0|  0|   1|           1|           1|
    |r_i_i_fu_906_p2                     |    or    |      0|  0|   1|           1|           1|
    |r_i_i_i1_fu_1250_p2                 |    or    |      0|  0|   1|           1|           1|
    |r_i_i_i_fu_1773_p2                  |    or    |      0|  0|   1|           1|           1|
    |tmp10_fu_2267_p2                    |    or    |      0|  0|   1|           1|           1|
    |tmp_106_fu_2562_p2                  |    or    |      0|  0|   1|           1|           1|
    |tmp_117_fu_1920_p2                  |    or    |      0|  0|   1|           1|           1|
    |tmp_22_fu_1161_p2                   |    or    |      0|  0|   1|           1|           1|
    |tmp_29_fu_2037_p2                   |    or    |      0|  0|   1|           1|           1|
    |tmp_36_fu_667_p2                    |    or    |      0|  0|   1|           1|           1|
    |tmp_41_fu_756_p2                    |    or    |      0|  0|   1|           1|           1|
    |tmp_62_fu_2642_p2                   |    or    |      0|  0|  33|          32|           1|
    |tmp_64_fu_1025_p2                   |    or    |      0|  0|   1|           1|           1|
    |tmp_78_fu_1397_p2                   |    or    |      0|  0|   1|           1|           1|
    |tmp_80_fu_1571_p2                   |    or    |      0|  0|   1|           1|           1|
    |tmp_83_fu_1684_p2                   |    or    |      0|  0|   1|           1|           1|
    |underflow_s_fu_2273_p2              |    or    |      0|  0|   1|           1|           1|
    |brmerge40_i1_fu_2556_p2             |    xor   |      0|  0|   2|           1|           2|
    |brmerge40_i_fu_989_p2               |    xor   |      0|  0|   2|           1|           2|
    |brmerge40_i_i1_fu_1381_p2           |    xor   |      0|  0|   2|           1|           2|
    |brmerge40_i_i_fu_1904_p2            |    xor   |      0|  0|   2|           1|           2|
    |newsignbit_0_not_i_fu_2245_p2       |    xor   |      0|  0|   2|           1|           2|
    |p_not_i2_fu_2531_p2                 |    xor   |      0|  0|   2|           1|           2|
    |p_not_i_fu_971_p2                   |    xor   |      0|  0|   2|           1|           2|
    |p_not_i_i1_fu_1363_p2               |    xor   |      0|  0|   2|           1|           2|
    |p_not_i_i_fu_1886_p2                |    xor   |      0|  0|   2|           1|           2|
    |tmp_102_fu_2491_p2                  |    xor   |      0|  0|   2|           1|           2|
    |tmp_103_fu_2526_p2                  |    xor   |      0|  0|   2|           1|           2|
    |tmp_104_fu_2541_p2                  |    xor   |      0|  0|   2|           1|           2|
    |tmp_110_fu_1858_p2                  |    xor   |      0|  0|   2|           1|           2|
    |tmp_113_fu_1825_p2                  |    xor   |      0|  0|   2|           1|           2|
    |tmp_114_fu_1926_p2                  |    xor   |      0|  0|   2|           1|           2|
    |tmp_115_fu_1931_p2                  |    xor   |      0|  0|   2|           1|           2|
    |tmp_27_fu_1543_p2                   |    xor   |      0|  0|   2|           1|           2|
    |tmp_51_fu_932_p2                    |    xor   |      0|  0|   2|           1|           2|
    |tmp_57_fu_949_p2                    |    xor   |      0|  0|   2|           1|           2|
    |tmp_58_fu_1010_p2                   |    xor   |      0|  0|   2|           1|           2|
    |tmp_59_fu_1015_p2                   |    xor   |      0|  0|   2|           1|           2|
    |tmp_72_fu_1335_p2                   |    xor   |      0|  0|   2|           1|           2|
    |tmp_73_fu_1302_p2                   |    xor   |      0|  0|   2|           1|           2|
    |tmp_74_fu_1403_p2                   |    xor   |      0|  0|   2|           1|           2|
    |tmp_75_fu_1408_p2                   |    xor   |      0|  0|   2|           1|           2|
    |tmp_77_fu_1555_p2                   |    xor   |      0|  0|   2|           1|           2|
    |tmp_86_fu_2233_p2                   |    xor   |      0|  0|   2|           1|           2|
    |tmp_99_fu_2457_p2                   |    xor   |      0|  0|   2|           1|           2|
    |underflow_12_not_fu_1046_p2         |    xor   |      0|  0|   2|           1|           2|
    |underflow_13_not_fu_1434_p2         |    xor   |      0|  0|   2|           1|           2|
    |underflow_14_not_fu_1589_p2         |    xor   |      0|  0|   2|           1|           2|
    |underflow_15_not_fu_1957_p2         |    xor   |      0|  0|   2|           1|           2|
    |underflow_16_not_fu_2289_p2         |    xor   |      0|  0|   2|           1|           2|
    |underflow_17_not_fu_2584_p2         |    xor   |      0|  0|   2|           1|           2|
    +------------------------------------+----------+-------+---+----+------------+------------+
    |Total                               |          |      0|  0|1935|        1426|        1077|
    +------------------------------------+----------+-------+---+----+------------+------------+

    * Multiplexer: 
    +--------------------------+-----+-----------+-----+-----------+
    |           Name           | LUT | Input Size| Bits| Total Bits|
    +--------------------------+-----+-----------+-----+-----------+
    |Hn_1_reg_467              |   21|          3|   21|         63|
    |Hs_1_reg_543              |   21|          3|   21|         63|
    |WBSlave_PBuffer_address0  |    9|          3|    9|         27|
    |WBSlave_log_in_V          |   21|          3|   21|         63|
    |WBSlave_regs_address0     |    4|          4|    4|         16|
    |WBSlave_regs_address1     |    4|          3|    4|         12|
    |WBSlave_regs_d1           |   32|          3|   32|         96|
    |ap_NS_fsm                 |  464|        180|    1|        180|
    |grp_fu_573_opcode         |    5|          3|    5|         15|
    |grp_fu_573_p0             |   64|          4|   64|        256|
    |grp_fu_583_p0             |   21|          3|   21|         63|
    |i_1_reg_456               |    9|          2|    9|         18|
    |i_reg_432                 |    9|          2|    9|         18|
    |j_reg_532                 |    8|          2|    8|         16|
    |p_Val2_11_reg_444         |   21|          2|   21|         42|
    |p_Val2_7_reg_508          |   21|          2|   21|         42|
    |p_Val2_8_34_reg_520       |   21|          2|   21|         42|
    |prob_V_address0           |    8|          4|    8|         32|
    |psiMax_1_reg_560          |   21|          2|   21|         42|
    |psiMax_reg_484            |   21|          2|   21|         42|
    |thresh_1_reg_496          |    9|          2|    9|         18|
    |thresh_fu_298             |    9|          2|    9|         18|
    +--------------------------+-----+-----------+-----+-----------+
    |Total                     |  823|        236|  360|       1184|
    +--------------------------+-----+-----------+-----+-----------+

    * Register: 
    +-------------------------------+-----+----+-----+-----------+
    |              Name             |  FF | LUT| Bits| Const Bits|
    +-------------------------------+-----+----+-----+-----------+
    |Hn_1_reg_467                   |   21|   0|   21|          0|
    |Hs_1_reg_543                   |   21|   0|   21|          0|
    |OP2_V_cast_reg_2684            |   42|   0|   42|          0|
    |Ps_V_reg_2968                  |   21|   0|   21|          0|
    |Range1_all_ones_1_reg_2882     |    1|   0|    1|          0|
    |Range1_all_ones_3_reg_3025     |    1|   0|    1|          0|
    |Range1_all_ones_reg_2774       |    1|   0|    1|          0|
    |Range1_all_zeros_1_reg_2889    |    1|   0|    1|          0|
    |Range1_all_zeros_2_reg_3032    |    1|   0|    1|          0|
    |Range1_all_zeros_reg_2781      |    1|   0|    1|          0|
    |Range2_all_ones_reg_2769       |    1|   0|    1|          0|
    |WBSlave_PBuffer_addr_reg_2674  |    0|   0|    9|          9|
    |WBSlave_regs_addr_5_reg_2946   |    3|   0|    4|          1|
    |WBSlave_regs_addr_reg_2695     |    3|   0|    4|          1|
    |ap_CS_fsm                      |  179|   0|  179|          0|
    |brmerge40_i_reg_2802           |    1|   0|    1|          0|
    |brmerge_i_i2_reg_2910          |    1|   0|    1|          0|
    |brmerge_i_i4_reg_3053          |    1|   0|    1|          0|
    |brmerge_i_reg_2797             |    1|   0|    1|          0|
    |deleted_ones_4_reg_3220        |    1|   0|    1|          0|
    |deleted_zeros_3_reg_3215       |    1|   0|    1|          0|
    |i_10_reg_3243                  |    9|   0|    9|          0|
    |i_1_reg_456                    |    9|   0|    9|          0|
    |i_8_reg_2713                   |    9|   0|    9|          0|
    |i_9_reg_2815                   |    9|   0|    9|          0|
    |i_reg_432                      |    9|   0|    9|          0|
    |j_1_reg_2955                   |    8|   0|    8|          0|
    |j_reg_532                      |    8|   0|    8|          0|
    |newsignbit_5_reg_3209          |    1|   0|    1|          0|
    |overflow_6_reg_3138            |    1|   0|    1|          0|
    |p_38_i1_reg_3225               |    1|   0|    1|          0|
    |p_38_i_i1_reg_2905             |    1|   0|    1|          0|
    |p_38_i_i_reg_3048              |    1|   0|    1|          0|
    |p_38_i_reg_2792                |    1|   0|    1|          0|
    |p_41_i_i1_reg_2894             |    1|   0|    1|          0|
    |p_41_i_i_reg_3037              |    1|   0|    1|          0|
    |p_Val2_10_reg_2851             |   42|   0|   42|          0|
    |p_Val2_11_reg_444              |   21|   0|   21|          0|
    |p_Val2_14_reg_2862             |   21|   0|   21|          0|
    |p_Val2_15_reg_2899             |   21|   0|   21|          0|
    |p_Val2_22_reg_3112             |   42|   0|   42|          0|
    |p_Val2_25_reg_3132             |   21|   0|   21|          0|
    |p_Val2_26_reg_3151             |   43|   0|   43|          0|
    |p_Val2_28_reg_3162             |   21|   0|   21|          0|
    |p_Val2_29_reg_3203             |   21|   0|   21|          0|
    |p_Val2_30_reg_2994             |   42|   0|   42|          0|
    |p_Val2_32_reg_3005             |   21|   0|   21|          0|
    |p_Val2_33_reg_3042             |   21|   0|   21|          0|
    |p_Val2_4_reg_2739              |   21|   0|   21|          0|
    |p_Val2_5_reg_2786              |   21|   0|   21|          0|
    |p_Val2_7_reg_508               |   21|   0|   21|          0|
    |p_Val2_8_34_reg_520            |   21|   0|   21|          0|
    |psiMax_1_reg_560               |   21|   0|   21|          0|
    |psiMax_V_1_fu_302              |   21|   0|   21|          0|
    |psiMax_reg_484                 |   21|   0|   21|          0|
    |qbit_1_reg_2867                |    1|   0|    1|          0|
    |qbit_2_reg_3010                |    1|   0|    1|          0|
    |qbit_3_reg_3122                |    1|   0|    1|          0|
    |qbit_4_reg_3167                |    1|   0|    1|          0|
    |qbit_reg_2744                  |    1|   0|    1|          0|
    |r_i_i1_reg_3127                |    1|   0|    1|          0|
    |r_i_i_i1_reg_2877              |    1|   0|    1|          0|
    |r_i_i_i_reg_3020               |    1|   0|    1|          0|
    |r_reg_2749                     |    1|   0|    1|          0|
    |reg_592                        |   21|   0|   21|          0|
    |reg_598                        |   64|   0|   64|          0|
    |signbit_1_reg_2856             |    1|   0|    1|          0|
    |signbit_2_reg_2999             |    1|   0|    1|          0|
    |signbit_3_reg_3156             |    1|   0|    1|          0|
    |signbit_reg_2733               |    1|   0|    1|          0|
    |thresh_1_reg_496               |    9|   0|    9|          0|
    |thresh_3_cast1_reg_2933        |    9|   0|   32|         23|
    |thresh_3_cast_reg_2938         |    9|   0|   10|          1|
    |thresh_fu_298                  |    9|   0|   32|         23|
    |tmp_100_reg_3192               |   17|   0|   17|          0|
    |tmp_101_reg_3197               |   18|   0|   18|          0|
    |tmp_102_cast_reg_2690          |   38|   0|   43|          5|
    |tmp_105_reg_3230               |    1|   0|    1|          0|
    |tmp_117_reg_3058               |    1|   0|    1|          0|
    |tmp_127_reg_2754               |    1|   0|    1|          0|
    |tmp_128_reg_2759               |    1|   0|    1|          0|
    |tmp_130_reg_2764               |    1|   0|    1|          0|
    |tmp_136_reg_2872               |    1|   0|    1|          0|
    |tmp_147_reg_3117               |   26|   0|   26|          0|
    |tmp_158_reg_3172               |    5|   0|    5|          0|
    |tmp_159_reg_3177               |    1|   0|    1|          0|
    |tmp_160_reg_3182               |    1|   0|    1|          0|
    |tmp_162_reg_3187               |    1|   0|    1|          0|
    |tmp_167_reg_3015               |    1|   0|    1|          0|
    |tmp_22_reg_2838                |    1|   0|    1|          0|
    |tmp_29_reg_3082                |    1|   0|    1|          0|
    |tmp_39_reg_2705                |   64|   0|   64|          0|
    |tmp_46_reg_2723                |   32|   0|   32|          0|
    |tmp_60_reg_2807                |    1|   0|    1|          0|
    |tmp_69_reg_2825                |   22|   0|   22|          0|
    |tmp_78_reg_2915                |    1|   0|    1|          0|
    |tmp_83_reg_2981                |    1|   0|    1|          0|
    |underflow_4_reg_3144           |    1|   0|    1|          0|
    +-------------------------------+-----+----+-----+-----------+
    |Total                          | 1228|   0| 1291|         63|
    +-------------------------------+-----+----+-----+-----------+



================================================================
== Interface
================================================================
* Summary: 
+----------------------------+-----+-----+------------+----------------------------------------+--------------+
|          RTL Ports         | Dir | Bits|  Protocol  |              Source Object             |    C Type    |
+----------------------------+-----+-----+------------+----------------------------------------+--------------+
|ap_clk                      |  in |    1| ap_ctrl_hs | WBSlave::WBSlave_WBSlave::processSlave | return value |
|ap_rst                      |  in |    1| ap_ctrl_hs | WBSlave::WBSlave_WBSlave::processSlave | return value |
|WBSlave_regs_address0       | out |    4|  ap_memory |              WBSlave_regs              |     array    |
|WBSlave_regs_ce0            | out |    1|  ap_memory |              WBSlave_regs              |     array    |
|WBSlave_regs_q0             |  in |   32|  ap_memory |              WBSlave_regs              |     array    |
|WBSlave_regs_address1       | out |    4|  ap_memory |              WBSlave_regs              |     array    |
|WBSlave_regs_ce1            | out |    1|  ap_memory |              WBSlave_regs              |     array    |
|WBSlave_regs_we1            | out |    1|  ap_memory |              WBSlave_regs              |     array    |
|WBSlave_regs_d1             | out |   32|  ap_memory |              WBSlave_regs              |     array    |
|WBSlave_regs_q1             |  in |   32|  ap_memory |              WBSlave_regs              |     array    |
|WBSlave_PBuffer_address0    | out |    9|  ap_memory |             WBSlave_PBuffer            |     array    |
|WBSlave_PBuffer_ce0         | out |    1|  ap_memory |             WBSlave_PBuffer            |     array    |
|WBSlave_PBuffer_we0         | out |    1|  ap_memory |             WBSlave_PBuffer            |     array    |
|WBSlave_PBuffer_d0          | out |   32|  ap_memory |             WBSlave_PBuffer            |     array    |
|WBSlave_PBuffer_q0          |  in |   32|  ap_memory |             WBSlave_PBuffer            |     array    |
|WBSlave_CTRL_ADDR_V         |  in |    3|   ap_none  |           WBSlave_CTRL_ADDR_V          |    pointer   |
|WBSlave_STAT_ADDR_V         |  in |    3|   ap_none  |           WBSlave_STAT_ADDR_V          |    pointer   |
|WBSlave_log_in_V            | out |   21|   ap_vld   |            WBSlave_log_in_V            |    pointer   |
|WBSlave_log_in_V_ap_vld     | out |    1|   ap_vld   |            WBSlave_log_in_V            |    pointer   |
|WBSlave_log_out_V           |  in |   21|   ap_none  |            WBSlave_log_out_V           |    pointer   |
|WBSlave_log_start_V         | out |    1|   ap_vld   |           WBSlave_log_start_V          |    pointer   |
|WBSlave_log_start_V_ap_vld  | out |    1|   ap_vld   |           WBSlave_log_start_V          |    pointer   |
|WBSlave_log_done_V          |  in |    1|   ap_none  |           WBSlave_log_done_V           |    pointer   |
|WBSlave_REG1_ADDR_V         |  in |    3|   ap_none  |           WBSlave_REG1_ADDR_V          |    pointer   |
+----------------------------+-----+-----+------------+----------------------------------------+--------------+

