

================================================================
== Vivado HLS Report for 'WBSlave_getLog'
================================================================
* Date:           Wed Jun 29 18:32:11 2016

* Version:        2014.4 (Build 1071461 on Tue Nov 18 16:42:57 PM 2014)
* Project:        fixedpoint
* Solution:       solution1
* Product family: spartan6
* Target device:  xc6slx150tfgg484-3


================================================================
== Performance Estimates
================================================================
+ Timing (ns): 
    * Summary: 
    +---------+-------+----------+------------+
    |  Clock  | Target| Estimated| Uncertainty|
    +---------+-------+----------+------------+
    |default  |  10.00|      8.71|        1.25|
    +---------+-------+----------+------------+

+ Latency (clock cycles): 
    * Summary: 
    +-----+-----+-----+-----+---------+
    |  Latency  |  Interval | Pipeline|
    | min | max | min | max |   Type  |
    +-----+-----+-----+-----+---------+
    |    ?|    ?|    ?|    ?|   none  |
    +-----+-----+-----+-----+---------+

    + Detail: 
        * Instance: 
        N/A

        * Loop: 
        +-------------+------+------+----------+-----------+-----------+------+----------+
        |             |   Latency   | Iteration|  Initiation Interval  | Trip |          |
        |  Loop Name  |  min |  max |  Latency |  achieved |   target  | Count| Pipelined|
        +-------------+------+------+----------+-----------+-----------+------+----------+
        |- Loop 1     |     ?|     ?|         ?|          -|          -|  inf |    no    |
        | + Loop 1.1  |     ?|     ?|         3|          -|          -|     ?|    no    |
        | + Loop 1.2  |  1040|  1040|        65|          -|          -|    16|    no    |
        +-------------+------+------+----------+-----------+-----------+------+----------+



================================================================
== Utilization Estimates
================================================================
* Summary: 
+-----------------+---------+-------+--------+-------+
|       Name      | BRAM_18K| DSP48A|   FF   |  LUT  |
+-----------------+---------+-------+--------+-------+
|Expression       |        -|      -|       0|   1072|
|FIFO             |        -|      -|       -|      -|
|Instance         |        -|     14|     863|   1087|
|Memory           |        1|      -|      55|     32|
|Multiplexer      |        -|      -|       -|    340|
|Register         |        -|      -|     795|      -|
+-----------------+---------+-------+--------+-------+
|Total            |        1|     14|    1713|   2531|
+-----------------+---------+-------+--------+-------+
|Available        |      268|    180|  184304|  92152|
+-----------------+---------+-------+--------+-------+
|Utilization (%)  |    ~0   |      7|   ~0   |      2|
+-----------------+---------+-------+--------+-------+

+ Detail: 
    * Instance: 
    +-----------------------------------+--------------------------------+---------+-------+-----+-----+
    |              Instance             |             Module             | BRAM_18K| DSP48A|  FF | LUT |
    +-----------------------------------+--------------------------------+---------+-------+-----+-----+
    |WBSlave_dcmp_64ns_64ns_1_3_U1      |WBSlave_dcmp_64ns_64ns_1_3      |        0|      0|  130|  132|
    |WBSlave_mul_21s_21s_42_7_U3        |WBSlave_mul_21s_21s_42_7        |        0|      4|    0|    0|
    |WBSlave_mul_31ns_21ns_44_7_U6      |WBSlave_mul_31ns_21ns_44_7      |        0|      4|    0|    0|
    |WBSlave_mul_49ns_21s_69_9_U5       |WBSlave_mul_49ns_21s_69_9       |        0|      6|    0|    0|
    |WBSlave_sitodp_21ns_64_5_U2        |WBSlave_sitodp_21ns_64_5        |        0|      0|  341|  490|
    |WBSlave_udiv_49s_5ns_49_53_seq_U4  |WBSlave_udiv_49s_5ns_49_53_seq  |        0|      0|  392|  465|
    +-----------------------------------+--------------------------------+---------+-------+-----+-----+
    |Total                              |                                |        0|     14|  863| 1087|
    +-----------------------------------+--------------------------------+---------+-------+-----+-----+

    * Memory: 
    +-----------------+------------------------------+---------+----+----+------+-----+------+-------------+
    |      Memory     |            Module            | BRAM_18K| FF | LUT| Words| Bits| Banks| W*Bits*Banks|
    +-----------------+------------------------------+---------+----+----+------+-----+------+-------------+
    |gradientLUT_V_U  |WBSlave_getLog_gradientLUT_V  |        1|   0|   0|    36|   31|     1|         1116|
    |inputLUT_V_U     |WBSlave_getLog_inputLUT_V     |        0|  13|   8|    36|   13|     1|          468|
    |logLUT_V_U       |WBSlave_getLog_logLUT_V       |        0|  21|  12|    36|   21|     1|          756|
    |offsetLUT_V_U    |WBSlave_getLog_offsetLUT_V    |        0|  21|  12|    36|   21|     1|          756|
    +-----------------+------------------------------+---------+----+----+------+-----+------+-------------+
    |Total            |                              |        1|  55|  32|   144|   86|     4|         3096|
    +-----------------+------------------------------+---------+----+----+------+-----+------+-------------+

    * FIFO: 
    N/A

    * Expression: 
    +------------------------------------+----------+-------+---+----+------------+------------+
    |            Variable Name           | Operation| DSP48A| FF| LUT| Bitwidth P0| Bitwidth P1|
    +------------------------------------+----------+-------+---+----+------------+------------+
    |exp_V_s_fu_428_p2                   |     +    |      0|  0|  11|          11|           6|
    |i_11_fu_1372_p2                     |     +    |      0|  0|   6|           6|           1|
    |i_12_fu_1161_p2                     |     +    |      0|  0|   5|           5|           1|
    |p_Val2_15_fu_731_p2                 |     +    |      0|  0|  21|          21|          21|
    |p_Val2_34_fu_489_p2                 |     +    |      0|  0|  22|          22|          18|
    |p_Val2_37_fu_1167_p2                |     +    |      0|  0|  70|          70|          70|
    |p_Val2_39_fu_1225_p2                |     +    |      0|  0|  21|          21|          21|
    |p_Val2_42_fu_1020_p2                |     +    |      0|  0|  21|          21|          21|
    |p_Val2_45_fu_1457_p2                |     +    |      0|  0|  21|          21|          21|
    |p_Val2_48_fu_1513_p2                |     +    |      0|  0|  21|          21|          21|
    |p_Val2_40_fu_949_p2                 |     -    |      0|  0|  70|          70|          70|
    |deleted_ones_fu_789_p3              |  Select  |      0|  0|   1|           1|           1|
    |deleted_zeros_fu_770_p3             |  Select  |      0|  0|   1|           1|           1|
    |p_Val2_41_mux_fu_1352_p3            |  Select  |      0|  0|  21|           1|          20|
    |p_Val2_44_mux_fu_573_p3             |  Select  |      0|  0|  21|           1|          20|
    |p_Val2_46_fu_1502_p3                |  Select  |      0|  0|  20|           1|           2|
    |p_Val2_50_mux_fu_883_p3             |  Select  |      0|  0|  21|           1|          20|
    |p_Val2_59_mux_fu_1146_p3            |  Select  |      0|  0|  21|           1|          20|
    |p_Val2_6_fu_890_p3                  |  Select  |      0|  0|  21|           1|          21|
    |p_Val2_7_fu_1154_p3                 |  Select  |      0|  0|  21|           1|          21|
    |p_Val2_8_fu_1359_p3                 |  Select  |      0|  0|  21|           1|          21|
    |p_Val2_s_41_fu_581_p3               |  Select  |      0|  0|  21|           1|          21|
    |power_V_fu_897_p3                   |  Select  |      0|  0|  21|           1|          21|
    |this_assign_1_fu_1542_p3            |  Select  |      0|  0|  21|           1|          21|
    |x_V_fu_589_p3                       |  Select  |      0|  0|  21|           1|          21|
    |ap_sig_bdd_1503                     |    and   |      0|  0|   1|           1|           1|
    |brmerge40_demorgan_i2_fu_839_p2     |    and   |      0|  0|   1|           1|           1|
    |brmerge40_demorgan_i_i2_fu_1302_p2  |    and   |      0|  0|   1|           1|           1|
    |brmerge40_demorgan_i_i_fu_1094_p2   |    and   |      0|  0|   1|           1|           1|
    |carry_4_fu_750_p2                   |    and   |      0|  0|   1|           1|           1|
    |carry_5_fu_1039_p2                  |    and   |      0|  0|   1|           1|           1|
    |carry_6_fu_1245_p2                  |    and   |      0|  0|   1|           1|           1|
    |carry_fu_1480_p2                    |    and   |      0|  0|   1|           1|           1|
    |overflow_10_fu_1296_p2              |    and   |      0|  0|   1|           1|           1|
    |overflow_11_fu_1088_p2              |    and   |      0|  0|   1|           1|           1|
    |overflow_8_fu_521_p2                |    and   |      0|  0|   1|           1|           1|
    |overflow_9_fu_833_p2                |    and   |      0|  0|   1|           1|           1|
    |p_38_i2_fu_797_p2                   |    and   |      0|  0|   1|           1|           1|
    |p_38_i_i2_fu_1275_p2                |    and   |      0|  0|   1|           1|           1|
    |p_38_i_i_fu_1065_p2                 |    and   |      0|  0|   1|           1|           1|
    |p_41_i2_fu_783_p2                   |    and   |      0|  0|   1|           1|           1|
    |qb_assign_1_fu_1216_p2              |    and   |      0|  0|   1|           1|           1|
    |qb_assign_2_fu_1011_p2              |    and   |      0|  0|   1|           1|           1|
    |qb_assign_s_fu_722_p2               |    and   |      0|  0|   1|           1|           1|
    |tmp10_fu_1121_p2                    |    and   |      0|  0|   1|           1|           1|
    |tmp11_fu_1323_p2                    |    and   |      0|  0|   1|           1|           1|
    |tmp9_fu_854_p2                      |    and   |      0|  0|   1|           1|           1|
    |tmp_120_fu_481_p2                   |    and   |      0|  0|   1|           1|           1|
    |underflow_6_fu_549_p2               |    and   |      0|  0|   1|           1|           1|
    |underflow_7_fu_860_p2               |    and   |      0|  0|   1|           1|           1|
    |underflow_8_fu_1127_p2              |    and   |      0|  0|   1|           1|           1|
    |underflow_9_fu_1329_p2              |    and   |      0|  0|   1|           1|           1|
    |underflow_fu_1536_p2                |    and   |      0|  0|   1|           1|           1|
    |Range1_all_ones_fu_760_p2           |   icmp   |      0|  0|   3|           5|           2|
    |Range1_all_zeros_fu_765_p2          |   icmp   |      0|  0|   3|           5|           1|
    |Range1_all_zeros_not_fu_1485_p2     |   icmp   |      0|  0|   6|           7|           1|
    |Range2_all_ones_fu_755_p2           |   icmp   |      0|  0|   2|           4|           2|
    |exitcond_fu_613_p2                  |   icmp   |      0|  0|   3|           5|           5|
    |notlhs_fu_455_p2                    |   icmp   |      0|  0|  11|          11|           2|
    |notrhs_fu_461_p2                    |   icmp   |      0|  0|  58|          52|           1|
    |r_5_fu_983_p2                       |   icmp   |      0|  0|  53|          47|           1|
    |r_6_fu_1189_p2                      |   icmp   |      0|  0|  53|          47|           1|
    |r_fu_712_p2                         |   icmp   |      0|  0|  16|          15|           1|
    |tmp_124_fu_537_p2                   |   icmp   |      0|  0|  23|          20|           1|
    |tmp_126_fu_1366_p2                  |   icmp   |      0|  0|   5|           6|           6|
    |tmp_128_fu_1387_p2                  |   icmp   |      0|  0|  24|          21|          21|
    |tmp_134_fu_807_p2                   |   icmp   |      0|  0|  23|          20|           1|
    |tmp_137_fu_1392_p2                  |   icmp   |      0|  0|  24|          21|          21|
    |tmp_142_fu_1312_p2                  |   icmp   |      0|  0|  23|          20|           1|
    |tmp_145_fu_1405_p2                  |   icmp   |      0|  0|  24|          21|          21|
    |tmp_152_fu_1109_p2                  |   icmp   |      0|  0|  23|          20|           1|
    |tmp_155_fu_1530_p2                  |   icmp   |      0|  0|  23|          20|           1|
    |tmp_s_fu_473_p2                     |   icmp   |      0|  0|  24|          21|           1|
    |brmerge6_fu_567_p2                  |    or    |      0|  0|   1|           1|           1|
    |brmerge7_fu_877_p2                  |    or    |      0|  0|   1|           1|           1|
    |brmerge8_fu_1141_p2                 |    or    |      0|  0|   1|           1|           1|
    |brmerge9_fu_1346_p2                 |    or    |      0|  0|   1|           1|           1|
    |brmerge_fu_601_p2                   |    or    |      0|  0|   1|           1|           1|
    |brmerge_i4_fu_823_p2                |    or    |      0|  0|   1|           1|           1|
    |brmerge_i_i1_fu_1291_p2             |    or    |      0|  0|   1|           1|           1|
    |brmerge_i_i8_fu_865_p2              |    or    |      0|  0|   1|           1|           1|
    |brmerge_i_i9_fu_1082_p2             |    or    |      0|  0|   1|           1|           1|
    |brmerge_i_i_fu_555_p2               |    or    |      0|  0|   1|           1|           1|
    |brmerge_i_i_i3_fu_1132_p2           |    or    |      0|  0|   1|           1|           1|
    |brmerge_i_i_i4_fu_1334_p2           |    or    |      0|  0|   1|           1|           1|
    |not_carry_5_fu_1049_p2              |    or    |      0|  0|   1|           1|           1|
    |not_carry_6_fu_1261_p2              |    or    |      0|  0|   1|           1|           1|
    |overflow_fu_1496_p2                 |    or    |      0|  0|   1|           1|           1|
    |r_i_i3_fu_717_p2                    |    or    |      0|  0|   1|           1|           1|
    |r_i_i_i2_fu_1210_p2                 |    or    |      0|  0|   1|           1|           1|
    |r_i_i_i_fu_1005_p2                  |    or    |      0|  0|   1|           1|           1|
    |tmp8_fu_1490_p2                     |    or    |      0|  0|   1|           1|           1|
    |tmp_118_fu_467_p2                   |    or    |      0|  0|   1|           1|           1|
    |tmp_125_fu_543_p2                   |    or    |      0|  0|   1|           1|           1|
    |tmp_135_fu_849_p2                   |    or    |      0|  0|   1|           1|           1|
    |tmp_143_fu_1317_p2                  |    or    |      0|  0|   1|           1|           1|
    |tmp_153_fu_1115_p2                  |    or    |      0|  0|   1|           1|           1|
    |brmerge40_i2_fu_843_p2              |    xor   |      0|  0|   2|           1|           2|
    |brmerge40_i_i2_fu_1306_p2           |    xor   |      0|  0|   2|           1|           2|
    |brmerge40_i_i_fu_1099_p2            |    xor   |      0|  0|   2|           1|           2|
    |deleted_zeros_4_fu_1055_p2          |    xor   |      0|  0|   1|           1|           1|
    |deleted_zeros_5_fu_1265_p2          |    xor   |      0|  0|   1|           1|           1|
    |p_Result_52_not_fu_1044_p2          |    xor   |      0|  0|   2|           1|           2|
    |p_Result_55_not_fu_1251_p2          |    xor   |      0|  0|   2|           1|           2|
    |p_not_i3_fu_818_p2                  |    xor   |      0|  0|   2|           1|           2|
    |p_not_i_i2_fu_1285_p2               |    xor   |      0|  0|   2|           1|           2|
    |p_not_i_i_fu_1076_p2                |    xor   |      0|  0|   2|           1|           2|
    |tmp_122_fu_515_p2                   |    xor   |      0|  0|   2|           1|           2|
    |tmp_123_fu_527_p2                   |    xor   |      0|  0|   2|           1|           2|
    |tmp_130_fu_744_p2                   |    xor   |      0|  0|   2|           1|           2|
    |tmp_131_fu_778_p2                   |    xor   |      0|  0|   2|           1|           2|
    |tmp_132_fu_813_p2                   |    xor   |      0|  0|   2|           1|           2|
    |tmp_133_fu_828_p2                   |    xor   |      0|  0|   2|           1|           2|
    |tmp_139_fu_1239_p2                  |    xor   |      0|  0|   2|           1|           2|
    |tmp_140_fu_1270_p2                  |    xor   |      0|  0|   2|           1|           2|
    |tmp_141_fu_1279_p2                  |    xor   |      0|  0|   2|           1|           2|
    |tmp_148_fu_1474_p2                  |    xor   |      0|  0|   2|           1|           2|
    |tmp_149_fu_1033_p2                  |    xor   |      0|  0|   2|           1|           2|
    |tmp_150_fu_1060_p2                  |    xor   |      0|  0|   2|           1|           2|
    |tmp_151_fu_1070_p2                  |    xor   |      0|  0|   2|           1|           2|
    |tmp_156_fu_1551_p2                  |    xor   |      0|  0|   2|           1|           2|
    |underflow_31_not_fu_561_p2          |    xor   |      0|  0|   2|           1|           2|
    |underflow_32_not_fu_871_p2          |    xor   |      0|  0|   2|           1|           2|
    |underflow_33_not_fu_1136_p2         |    xor   |      0|  0|   2|           1|           2|
    |underflow_34_not_fu_1340_p2         |    xor   |      0|  0|   2|           1|           2|
    +------------------------------------+----------+-------+---+----+------------+------------+
    |Total                               |          |      0|  0|1072|         771|         700|
    +------------------------------------+----------+-------+---+----+------------+------------+

    * Multiplexer: 
    +---------------------+-----+-----------+-----+-----------+
    |         Name        | LUT | Input Size| Bits| Total Bits|
    +---------------------+-----+-----------+-----+-----------+
    |WBSlave_log_done_V   |    1|          3|    1|          3|
    |WBSlave_log_out_V    |   21|          4|   21|         84|
    |ap_NS_fsm            |  217|         97|    1|         97|
    |i_op_assign_reg_367  |    5|          2|    5|         10|
    |i_reg_394            |    6|          2|    6|         12|
    |inputLUT_V_address0  |    6|          3|    6|         18|
    |p_Val2_36_reg_343    |   21|          2|   21|         42|
    |power_reg_356        |   21|          2|   21|         42|
    |sum_V_phi_fu_383_p8  |   21|          3|   21|         63|
    |sum_V_reg_379        |   21|          4|   21|         84|
    +---------------------+-----+-----------+-----+-----------+
    |Total                |  340|        122|  124|        455|
    +---------------------+-----+-----------+-----+-----------+

    * Register: 
    +-----------------------------------+----+----+-----+-----------+
    |                Name               | FF | LUT| Bits| Const Bits|
    +-----------------------------------+----+----+-----+-----------+
    |OP2_V_cast_reg_1588                |  21|   0|   44|         23|
    |OP2_V_reg_1593                     |  42|   0|   42|          0|
    |WBSlave_log_start_V_read_reg_1602  |   1|   0|    1|          0|
    |ap_CS_fsm                          |  97|   0|   97|          0|
    |brmerge_reg_1598                   |   1|   0|    1|          0|
    |carry_6_reg_1820                   |   1|   0|    1|          0|
    |deleted_ones_reg_1684              |   1|   0|    1|          0|
    |deleted_zeros_reg_1679             |   1|   0|    1|          0|
    |dp_s_reg_1573                      |  64|   0|   64|          0|
    |gradientLUT_V_load_reg_1901        |  31|   0|   31|          0|
    |i_11_reg_1852                      |   6|   0|    6|          0|
    |i_op_assign_reg_367                |   5|   0|    5|          0|
    |i_reg_394                          |   6|   0|    6|          0|
    |newsignbit_11_reg_1673             |   1|   0|    1|          0|
    |newsignbit_13_reg_1813             |   1|   0|    1|          0|
    |overflow_11_reg_1777               |   1|   0|    1|          0|
    |p_38_i2_reg_1689                   |   1|   0|    1|          0|
    |p_Result_1_reg_1661                |   5|   0|    5|          0|
    |p_Result_55_not_reg_1825           |   1|   0|    1|          0|
    |p_Result_s_43_reg_1656             |   4|   0|    4|          0|
    |p_Val2_14_reg_1626                 |  21|   0|   21|          0|
    |p_Val2_15_reg_1667                 |  21|   0|   21|          0|
    |p_Val2_36_reg_343                  |  21|   0|   21|          0|
    |p_Val2_39_reg_1807                 |  21|   0|   21|          0|
    |p_Val2_41_reg_1755                 |  21|   0|   21|          0|
    |p_Val2_42_reg_1771                 |  21|   0|   21|          0|
    |p_Val2_44_reg_1916                 |  21|   0|   21|          0|
    |p_Val2_46_reg_1936                 |  20|   0|   20|          0|
    |p_Val2_47_reg_1906                 |  21|   0|   21|          0|
    |power_V_reg_1699                   |  21|   0|   21|          0|
    |power_reg_356                      |  21|   0|   21|          0|
    |qb_assign_2_reg_1766               |   1|   0|    1|          0|
    |qbit_5_reg_1631                    |   1|   0|    1|          0|
    |qbit_7_reg_1736                    |   1|   0|    1|          0|
    |qbit_reg_1921                      |   1|   0|    1|          0|
    |r_V_reg_1705                       |  49|   0|   49|          0|
    |signbit_4_reg_1746                 |   1|   0|    1|          0|
    |signbit_5_reg_1798                 |   1|   0|    1|          0|
    |signbit_reg_1620                   |   1|   0|    1|          0|
    |sum_V_reg_379                      |  21|   0|   21|          0|
    |tmp_118_reg_1583                   |   1|   0|    1|          0|
    |tmp_127_reg_1858                   |   6|   0|   64|         58|
    |tmp_134_reg_1694                   |   1|   0|    1|          0|
    |tmp_137_reg_1874                   |   1|   0|    1|          0|
    |tmp_154_reg_1931                   |   7|   0|    7|          0|
    |tmp_174_cast_reg_1720              |  22|   0|   70|         48|
    |tmp_175_cast_reg_1726              |  70|   0|   70|          0|
    |tmp_179_reg_1636                   |  15|   0|   15|          0|
    |tmp_180_reg_1641                   |   1|   0|    1|          0|
    |tmp_181_reg_1646                   |   1|   0|    1|          0|
    |tmp_183_reg_1651                   |   1|   0|    1|          0|
    |tmp_185_reg_1732                   |   1|   0|    1|          0|
    |tmp_188_reg_1741                   |  47|   0|   47|          0|
    |tmp_192_reg_1830                   |  20|   0|   20|          0|
    |tmp_196_reg_1760                   |   1|   0|    1|          0|
    |tmp_201_reg_1926                   |   1|   0|    1|          0|
    |underflow_8_reg_1783               |   1|   0|    1|          0|
    +-----------------------------------+----+----+-----+-----------+
    |Total                              | 795|   0|  924|        129|
    +-----------------------------------+----+----+-----+-----------+



================================================================
== Interface
================================================================
* Summary: 
+------------------------------+-----+-----+------------+----------------------------------+--------------+
|           RTL Ports          | Dir | Bits|  Protocol  |           Source Object          |    C Type    |
+------------------------------+-----+-----+------------+----------------------------------+--------------+
|ap_clk                        |  in |    1| ap_ctrl_hs | WBSlave::WBSlave_WBSlave::getLog | return value |
|ap_rst                        |  in |    1| ap_ctrl_hs | WBSlave::WBSlave_WBSlave::getLog | return value |
|WBSlave_log_in_V              |  in |   21|   ap_none  |         WBSlave_log_in_V         |    pointer   |
|WBSlave_log_out_V             | out |   21|   ap_vld   |         WBSlave_log_out_V        |    pointer   |
|WBSlave_log_out_V_ap_vld      | out |    1|   ap_vld   |         WBSlave_log_out_V        |    pointer   |
|WBSlave_log_start_V_i         |  in |    1|   ap_ovld  |        WBSlave_log_start_V       |    pointer   |
|WBSlave_log_start_V_o         | out |    1|   ap_ovld  |        WBSlave_log_start_V       |    pointer   |
|WBSlave_log_start_V_o_ap_vld  | out |    1|   ap_ovld  |        WBSlave_log_start_V       |    pointer   |
|WBSlave_log_done_V            | out |    1|   ap_vld   |        WBSlave_log_done_V        |    pointer   |
|WBSlave_log_done_V_ap_vld     | out |    1|   ap_vld   |        WBSlave_log_done_V        |    pointer   |
+------------------------------+-----+-----+------------+----------------------------------+--------------+

